TN:
SF:/home/kruzzzzy/Documents/AI_KOS_PROJECT/projects/lmms-fl-research/zene-pa-coverage/include/AudioBus.h
FN:58,63,_ZN4lmms8AudioBusC2EPKPNS_11SampleFrameEtm
FN:70,73,_ZN4lmms8AudioBus16trackChannelPairEt
FN:76,79,_ZNK4lmms8AudioBusixEt
FN:82,85,_ZN4lmms8AudioBusixEt
FN:87,87,_ZNK4lmms8AudioBus3busEv
FN:88,88,_ZN4lmms8AudioBus3busEv
FN:90,90,_ZNK4lmms8AudioBus8channelsEv
FN:91,91,_ZNK4lmms8AudioBus12channelPairsEv
FN:92,92,_ZNK4lmms8AudioBus6framesEv
FN:94,94,_ZNK4lmms8AudioBus13quietChannelsEv
FN:95,95,_ZN4lmms8AudioBus13quietChannelsEv
FNDA:3893,_ZN4lmms8AudioBusC2EPKPNS_11SampleFrameEtm
FNDA:1498,_ZN4lmms8AudioBus16trackChannelPairEt
FNDA:32,_ZNK4lmms8AudioBusixEt
FNDA:8568,_ZN4lmms8AudioBusixEt
FNDA:5521,_ZNK4lmms8AudioBus3busEv
FNDA:7531,_ZN4lmms8AudioBus3busEv
FNDA:10213,_ZNK4lmms8AudioBus8channelsEv
FNDA:14138,_ZNK4lmms8AudioBus12channelPairsEv
FNDA:16130,_ZNK4lmms8AudioBus6framesEv
FNDA:5521,_ZNK4lmms8AudioBus13quietChannelsEv
FNDA:7350,_ZN4lmms8AudioBus13quietChannelsEv
FNF:11
FNH:11
DA:58,3893
DA:59,3893
DA:60,3893
DA:61,3893
DA:63,3893
DA:70,1498
DA:72,1498
DA:76,32
DA:78,32
DA:82,8568
DA:84,8568
DA:87,5521
DA:88,7531
DA:90,10213
DA:91,14138
DA:92,16130
DA:94,5521
DA:95,7350
LF:18
LH:18
end_of_record
TN:
SF:/home/kruzzzzy/Documents/AI_KOS_PROJECT/projects/lmms-fl-research/zene-pa-coverage/include/AudioPlugin.h
FN:121,121,_ZN4lmms6detail12ProcessMutex11processLockEv
FN:123,123,_ZN4lmms6detail12ProcessMutex13processUnlockEv
FN:143,151,_ZN4lmms6detail11AudioPluginINS_10InstrumentEXtlNS_18AudioPortsSettingsELNS_13AudioDataKindE0ELb0ELt0ELt2ELb0ELb1EEENS_22ConfigurableAudioPortsIXtlS3_LS4_0ELb0ELt0ELt2ELb0ELb1EEENS_22PluginAudioPortsBufferEEEEC2IJbEEEPKNS_6Plugin10DescriptorEPNS_15InstrumentTrackEPKNSB_17SubPluginFeatures3KeyENS_5FlagsINS2_4FlagEEEDpOT_
FN:143,151,_ZN4lmms6detail11AudioPluginINS_10InstrumentEXtlNS_18AudioPortsSettingsELNS_13AudioDataKindE0ELb0ELt65535ELt65535ELb0ELb1EEENS_17VestigeAudioPortsEEC2IJEEEPKNS_6Plugin10DescriptorEPNS_15InstrumentTrackEPKNS9_17SubPluginFeatures3KeyENS_5FlagsINS2_4FlagEEEDpOT_
FN:154,154,_ZN4lmms6detail11AudioPluginINS_10InstrumentEXtlNS_18AudioPortsSettingsELNS_13AudioDataKindE0ELb0ELt65535ELt65535ELb0ELb1EEENS_17VestigeAudioPortsEE10audioPortsEv
FN:157,162,_ZNK4lmms6detail11AudioPluginINS_10InstrumentEXtlNS_18AudioPortsSettingsELNS_13AudioDataKindE0ELb0ELt0ELt2ELb0ELb1EEENS_22ConfigurableAudioPortsIXtlS3_LS4_0ELb0ELt0ELt2ELb0ELb1EEENS_22PluginAudioPortsBufferEEEE15audioPortsModelEv
FN:157,162,_ZNK4lmms6detail11AudioPluginINS_10InstrumentEXtlNS_18AudioPortsSettingsELNS_13AudioDataKindE0ELb0ELt65535ELt65535ELb0ELb1EEENS_17VestigeAudioPortsEE15audioPortsModelEv
FN:164,190,_ZN4lmms6detail11AudioPluginINS_10InstrumentEXtlNS_18AudioPortsSettingsELNS_13AudioDataKindE0ELb0ELt0ELt2ELb0ELb1EEENS_22ConfigurableAudioPortsIXtlS3_LS4_0ELb0ELt0ELt2ELb0ELb1EEENS_22PluginAudioPortsBufferEEEE8playImplESt4spanINS_11SampleFrameELm18446744073709551615EE
FN:164,190,_ZN4lmms6detail11AudioPluginINS_10InstrumentEXtlNS_18AudioPortsSettingsELNS_13AudioDataKindE0ELb0ELt65535ELt65535ELb0ELb1EEENS_17VestigeAudioPortsEE8playImplESt4spanINS_11SampleFrameELm18446744073709551615EE
FN:183,183,_ZZN4lmms6detail11AudioPluginINS_10InstrumentEXtlNS_18AudioPortsSettingsELNS_13AudioDataKindE0ELb0ELt0ELt2ELb0ELb1EEENS_22ConfigurableAudioPortsIXtlS3_LS4_0ELb0ELt0ELt2ELb0ELb1EEENS_22PluginAudioPortsBufferEEEE8playImplESt4spanINS_11SampleFrameELm18446744073709551615EEENKUlDpT_E_clIJNS_16PlanarBufferViewIfLt0EEENSG_IfLt2EEEEEEDaSD_
FN:183,183,_ZZN4lmms6detail11AudioPluginINS_10InstrumentEXtlNS_18AudioPortsSettingsELNS_13AudioDataKindE0ELb0ELt65535ELt65535ELb0ELb1EEENS_17VestigeAudioPortsEE8playImplESt4spanINS_11SampleFrameELm18446744073709551615EEENKUlDpT_E_clIJNS_16PlanarBufferViewIfLt65535EEESF_EEEDaSB_
FN:192,203,_ZN4lmms6detail11AudioPluginINS_10InstrumentEXtlNS_18AudioPortsSettingsELNS_13AudioDataKindE0ELb0ELt0ELt2ELb0ELb1EEENS_22ConfigurableAudioPortsIXtlS3_LS4_0ELb0ELt0ELt2ELb0ELb1EEENS_22PluginAudioPortsBufferEEEE12playNoteImplEPNS_14NotePlayHandleESt4spanINS_11SampleFrameELm18446744073709551615EE
FN:192,203,_ZN4lmms6detail11AudioPluginINS_10InstrumentEXtlNS_18AudioPortsSettingsELNS_13AudioDataKindE0ELb0ELt65535ELt65535ELb0ELb1EEENS_17VestigeAudioPortsEE12playNoteImplEPNS_14NotePlayHandleESt4spanINS_11SampleFrameELm18446744073709551615EE
FN:218,225,_ZN4lmms6detail11AudioPluginINS_6EffectEXtlNS_18AudioPortsSettingsELNS_13AudioDataKindE0ELb0ELt65535ELt65535ELb0ELb1EEENS_19VstEffectAudioPortsEEC2IJEEEPKNS_6Plugin10DescriptorEPNS_5ModelEPKNS9_17SubPluginFeatures3KeyEDpOT_
FN:218,225,_ZN4lmms6detail11AudioPluginINS_6EffectEXtlNS_18AudioPortsSettingsELNS_13AudioDataKindE0ELb1ELt2ELt0ELb1EEENS0_16PluginAudioPortsIXtlS3_LS4_0ELb1ELt2ELt0ELb1EEENS_22PluginAudioPortsBufferEEEEC2IJEEEPKNS_6Plugin10DescriptorEPNS_5ModelEPKNSB_17SubPluginFeatures3KeyEDpOT_
FN:218,225,_ZN4lmms6detail11AudioPluginINS_6EffectEXtlNS_18AudioPortsSettingsELNS_13AudioDataKindE0ELb1ELt2ELt2ELb1EEENS0_16PluginAudioPortsIXtlS3_LS4_0ELb1ELt2ELt2ELb1EEENS_22PluginAudioPortsBufferEEEEC2IJEEEPKNS_6Plugin10DescriptorEPNS_5ModelEPKNSB_17SubPluginFeatures3KeyEDpOT_
FN:236,236,_ZN4lmms6detail11AudioPluginINS_6EffectEXtlNS_18AudioPortsSettingsELNS_13AudioDataKindE0ELb0ELt65535ELt65535ELb0ELb1EEENS_19VstEffectAudioPortsEE10audioPortsEv
FN:236,236,_ZN4lmms6detail11AudioPluginINS_6EffectEXtlNS_18AudioPortsSettingsELNS_13AudioDataKindE0ELb1ELt2ELt0ELb1EEENS0_16PluginAudioPortsIXtlS3_LS4_0ELb1ELt2ELt0ELb1EEENS_22PluginAudioPortsBufferEEEE10audioPortsEv
FN:236,236,_ZN4lmms6detail11AudioPluginINS_6EffectEXtlNS_18AudioPortsSettingsELNS_13AudioDataKindE0ELb1ELt2ELt2ELb1EEENS0_16PluginAudioPortsIXtlS3_LS4_0ELb1ELt2ELt2ELb1EEENS_22PluginAudioPortsBufferEEEE10audioPortsEv
FN:239,244,_ZNK4lmms6detail11AudioPluginINS_6EffectEXtlNS_18AudioPortsSettingsELNS_13AudioDataKindE0ELb0ELt65535ELt65535ELb0ELb1EEENS_19VstEffectAudioPortsEE15audioPortsModelEv
FN:239,244,_ZNK4lmms6detail11AudioPluginINS_6EffectEXtlNS_18AudioPortsSettingsELNS_13AudioDataKindE0ELb1ELt2ELt0ELb1EEENS0_16PluginAudioPortsIXtlS3_LS4_0ELb1ELt2ELt0ELb1EEENS_22PluginAudioPortsBufferEEEE15audioPortsModelEv
FN:239,244,_ZNK4lmms6detail11AudioPluginINS_6EffectEXtlNS_18AudioPortsSettingsELNS_13AudioDataKindE0ELb1ELt2ELt2ELb1EEENS0_16PluginAudioPortsIXtlS3_LS4_0ELb1ELt2ELt2ELb1EEENS_22PluginAudioPortsBufferEEEE15audioPortsModelEv
FN:246,304,_ZN4lmms6detail11AudioPluginINS_6EffectEXtlNS_18AudioPortsSettingsELNS_13AudioDataKindE0ELb0ELt65535ELt65535ELb0ELb1EEENS_19VstEffectAudioPortsEE18processAudioBufferERNS_8AudioBusE
FN:246,304,_ZN4lmms6detail11AudioPluginINS_6EffectEXtlNS_18AudioPortsSettingsELNS_13AudioDataKindE0ELb1ELt2ELt0ELb1EEENS0_16PluginAudioPortsIXtlS3_LS4_0ELb1ELt2ELt0ELb1EEENS_22PluginAudioPortsBufferEEEE18processAudioBufferERNS_8AudioBusE
FN:246,304,_ZN4lmms6detail11AudioPluginINS_6EffectEXtlNS_18AudioPortsSettingsELNS_13AudioDataKindE0ELb1ELt2ELt2ELb1EEENS0_16PluginAudioPortsIXtlS3_LS4_0ELb1ELt2ELt2ELb1EEENS_22PluginAudioPortsBufferEEEE18processAudioBufferERNS_8AudioBusE
FN:282,282,_ZZN4lmms6detail11AudioPluginINS_6EffectEXtlNS_18AudioPortsSettingsELNS_13AudioDataKindE0ELb0ELt65535ELt65535ELb0ELb1EEENS_19VstEffectAudioPortsEE18processAudioBufferERNS_8AudioBusEENKUlDpT_E_clIJNS_16PlanarBufferViewIfLt65535EEESE_EEEDaSA_
FN:282,282,_ZZN4lmms6detail11AudioPluginINS_6EffectEXtlNS_18AudioPortsSettingsELNS_13AudioDataKindE0ELb1ELt2ELt0ELb1EEENS0_16PluginAudioPortsIXtlS3_LS4_0ELb1ELt2ELt0ELb1EEENS_22PluginAudioPortsBufferEEEE18processAudioBufferERNS_8AudioBusEENKUlDpT_E_clIJNS_21InterleavedBufferViewIfLt2EEEEEEDaSC_
FN:282,282,_ZZN4lmms6detail11AudioPluginINS_6EffectEXtlNS_18AudioPortsSettingsELNS_13AudioDataKindE0ELb1ELt2ELt2ELb1EEENS0_16PluginAudioPortsIXtlS3_LS4_0ELb1ELt2ELt2ELb1EEENS_22PluginAudioPortsBufferEEEE18processAudioBufferERNS_8AudioBusEENKUlDpT_E_clIJNS_21InterleavedBufferViewIfLt2EEEEEEDaSC_
FN:319,356,_ZN4lmms6detail11AudioPluginINS_6EffectEXtlNS_18AudioPortsSettingsELNS_13AudioDataKindE0ELb0ELt65535ELt65535ELb0ELb1EEENS_19VstEffectAudioPortsEE11processImplEPNS_11SampleFrameEm
FN:319,356,_ZN4lmms6detail11AudioPluginINS_6EffectEXtlNS_18AudioPortsSettingsELNS_13AudioDataKindE0ELb1ELt2ELt0ELb1EEENS0_16PluginAudioPortsIXtlS3_LS4_0ELb1ELt2ELt0ELb1EEENS_22PluginAudioPortsBufferEEEE11processImplEPNS_11SampleFrameEm
FN:319,356,_ZN4lmms6detail11AudioPluginINS_6EffectEXtlNS_18AudioPortsSettingsELNS_13AudioDataKindE0ELb1ELt2ELt2ELb1EEENS0_16PluginAudioPortsIXtlS3_LS4_0ELb1ELt2ELt2ELb1EEENS_22PluginAudioPortsBufferEEEE11processImplEPNS_11SampleFrameEm
FN:339,339,_ZZN4lmms6detail11AudioPluginINS_6EffectEXtlNS_18AudioPortsSettingsELNS_13AudioDataKindE0ELb0ELt65535ELt65535ELb0ELb1EEENS_19VstEffectAudioPortsEE11processImplEPNS_11SampleFrameEmENKUlDpT_E_clIJNS_16PlanarBufferViewIfLt65535EEESE_EEEDaSA_
FN:339,339,_ZZN4lmms6detail11AudioPluginINS_6EffectEXtlNS_18AudioPortsSettingsELNS_13AudioDataKindE0ELb1ELt2ELt0ELb1EEENS0_16PluginAudioPortsIXtlS3_LS4_0ELb1ELt2ELt0ELb1EEENS_22PluginAudioPortsBufferEEEE11processImplEPNS_11SampleFrameEmENKUlDpT_E_clIJNS_21InterleavedBufferViewIfLt2EEEEEEDaSC_
FN:339,339,_ZZN4lmms6detail11AudioPluginINS_6EffectEXtlNS_18AudioPortsSettingsELNS_13AudioDataKindE0ELb1ELt2ELt2ELb1EEENS0_16PluginAudioPortsIXtlS3_LS4_0ELb1ELt2ELt2ELb1EEENS_22PluginAudioPortsBufferEEEE11processImplEPNS_11SampleFrameEmENKUlDpT_E_clIJNS_21InterleavedBufferViewIfLt2EEEEEEDaSC_
FN:362,364,_ZN4lmms6detail11AudioPluginINS_6EffectEXtlNS_18AudioPortsSettingsELNS_13AudioDataKindE0ELb0ELt65535ELt65535ELb0ELb1EEENS_19VstEffectAudioPortsEE19processBypassedImplEv
FN:362,364,_ZN4lmms6detail11AudioPluginINS_6EffectEXtlNS_18AudioPortsSettingsELNS_13AudioDataKindE0ELb1ELt2ELt0ELb1EEENS0_16PluginAudioPortsIXtlS3_LS4_0ELb1ELt2ELt0ELb1EEENS_22PluginAudioPortsBufferEEEE19processBypassedImplEv
FN:362,364,_ZN4lmms6detail11AudioPluginINS_6EffectEXtlNS_18AudioPortsSettingsELNS_13AudioDataKindE0ELb1ELt2ELt2ELb1EEENS0_16PluginAudioPortsIXtlS3_LS4_0ELb1ELt2ELt2ELb1EEENS_22PluginAudioPortsBufferEEEE19processBypassedImplEv
FN:417,421,_ZN4lmms11AudioPluginINS_10InstrumentEXtlNS_18AudioPortsSettingsELNS_13AudioDataKindE0ELb0ELt0ELt2ELb0ELb1EEENS_22ConfigurableAudioPortsIXtlS2_LS3_0ELb0ELt0ELt2ELb0ELb1EEENS_22PluginAudioPortsBufferEEEE19AudioPortSerializerC2EPS7_
FN:417,421,_ZN4lmms11AudioPluginINS_10InstrumentEXtlNS_18AudioPortsSettingsELNS_13AudioDataKindE0ELb0ELt65535ELt65535ELb0ELb1EEENS_17VestigeAudioPortsEE19AudioPortSerializerC2EPS5_
FN:417,421,_ZN4lmms11AudioPluginINS_6EffectEXtlNS_18AudioPortsSettingsELNS_13AudioDataKindE0ELb0ELt65535ELt65535ELb0ELb1EEENS_19VstEffectAudioPortsEE19AudioPortSerializerC2EPS5_
FN:417,421,_ZN4lmms11AudioPluginINS_6EffectEXtlNS_18AudioPortsSettingsELNS_13AudioDataKindE0ELb1ELt2ELt0ELb1EEENS_6detail16PluginAudioPortsIXtlS2_LS3_0ELb1ELt2ELt0ELb1EEENS_22PluginAudioPortsBufferEEEE19AudioPortSerializerC2EPS8_
FN:417,421,_ZN4lmms11AudioPluginINS_6EffectEXtlNS_18AudioPortsSettingsELNS_13AudioDataKindE0ELb1ELt2ELt2ELb1EEENS_6detail16PluginAudioPortsIXtlS2_LS3_0ELb1ELt2ELt2ELb1EEENS_22PluginAudioPortsBufferEEEE19AudioPortSerializerC2EPS8_
FN:423,426,_ZN4lmms11AudioPluginINS_10InstrumentEXtlNS_18AudioPortsSettingsELNS_13AudioDataKindE0ELb0ELt0ELt2ELb0ELb1EEENS_22ConfigurableAudioPortsIXtlS2_LS3_0ELb0ELt0ELt2ELb0ELb1EEENS_22PluginAudioPortsBufferEEEE19AudioPortSerializer12saveSettingsER12QDomDocumentR11QDomElement
FN:423,426,_ZN4lmms11AudioPluginINS_10InstrumentEXtlNS_18AudioPortsSettingsELNS_13AudioDataKindE0ELb0ELt65535ELt65535ELb0ELb1EEENS_17VestigeAudioPortsEE19AudioPortSerializer12saveSettingsER12QDomDocumentR11QDomElement
FN:423,426,_ZN4lmms11AudioPluginINS_6EffectEXtlNS_18AudioPortsSettingsELNS_13AudioDataKindE0ELb0ELt65535ELt65535ELb0ELb1EEENS_19VstEffectAudioPortsEE19AudioPortSerializer12saveSettingsER12QDomDocumentR11QDomElement
FN:423,426,_ZN4lmms11AudioPluginINS_6EffectEXtlNS_18AudioPortsSettingsELNS_13AudioDataKindE0ELb1ELt2ELt0ELb1EEENS_6detail16PluginAudioPortsIXtlS2_LS3_0ELb1ELt2ELt0ELb1EEENS_22PluginAudioPortsBufferEEEE19AudioPortSerializer12saveSettingsER12QDomDocumentR11QDomElement
FN:423,426,_ZN4lmms11AudioPluginINS_6EffectEXtlNS_18AudioPortsSettingsELNS_13AudioDataKindE0ELb1ELt2ELt2ELb1EEENS_6detail16PluginAudioPortsIXtlS2_LS3_0ELb1ELt2ELt2ELb1EEENS_22PluginAudioPortsBufferEEEE19AudioPortSerializer12saveSettingsER12QDomDocumentR11QDomElement
FN:428,431,_ZN4lmms11AudioPluginINS_10InstrumentEXtlNS_18AudioPortsSettingsELNS_13AudioDataKindE0ELb0ELt0ELt2ELb0ELb1EEENS_22ConfigurableAudioPortsIXtlS2_LS3_0ELb0ELt0ELt2ELb0ELb1EEENS_22PluginAudioPortsBufferEEEE19AudioPortSerializer12loadSettingsERK11QDomElement
FN:428,431,_ZN4lmms11AudioPluginINS_10InstrumentEXtlNS_18AudioPortsSettingsELNS_13AudioDataKindE0ELb0ELt65535ELt65535ELb0ELb1EEENS_17VestigeAudioPortsEE19AudioPortSerializer12loadSettingsERK11QDomElement
FN:428,431,_ZN4lmms11AudioPluginINS_6EffectEXtlNS_18AudioPortsSettingsELNS_13AudioDataKindE0ELb0ELt65535ELt65535ELb0ELb1EEENS_19VstEffectAudioPortsEE19AudioPortSerializer12loadSettingsERK11QDomElement
FN:428,431,_ZN4lmms11AudioPluginINS_6EffectEXtlNS_18AudioPortsSettingsELNS_13AudioDataKindE0ELb1ELt2ELt0ELb1EEENS_6detail16PluginAudioPortsIXtlS2_LS3_0ELb1ELt2ELt0ELb1EEENS_22PluginAudioPortsBufferEEEE19AudioPortSerializer12loadSettingsERK11QDomElement
FN:428,431,_ZN4lmms11AudioPluginINS_6EffectEXtlNS_18AudioPortsSettingsELNS_13AudioDataKindE0ELb1ELt2ELt2ELb1EEENS_6detail16PluginAudioPortsIXtlS2_LS3_0ELb1ELt2ELt2ELb1EEENS_22PluginAudioPortsBufferEEEE19AudioPortSerializer12loadSettingsERK11QDomElement
FNDA:1345,_ZN4lmms6detail12ProcessMutex11processLockEv
FNDA:1345,_ZN4lmms6detail12ProcessMutex13processUnlockEv
FNDA:5,_ZN4lmms6detail11AudioPluginINS_10InstrumentEXtlNS_18AudioPortsSettingsELNS_13AudioDataKindE0ELb0ELt0ELt2ELb0ELb1EEENS_22ConfigurableAudioPortsIXtlS3_LS4_0ELb0ELt0ELt2ELb0ELb1EEENS_22PluginAudioPortsBufferEEEEC2IJbEEEPKNS_6Plugin10DescriptorEPNS_15InstrumentTrackEPKNSB_17SubPluginFeatures3KeyENS_5FlagsINS2_4FlagEEEDpOT_
FNDA:0,_ZN4lmms6detail11AudioPluginINS_10InstrumentEXtlNS_18AudioPortsSettingsELNS_13AudioDataKindE0ELb0ELt65535ELt65535ELb0ELb1EEENS_17VestigeAudioPortsEEC2IJEEEPKNS_6Plugin10DescriptorEPNS_15InstrumentTrackEPKNS9_17SubPluginFeatures3KeyENS_5FlagsINS2_4FlagEEEDpOT_
FNDA:0,_ZN4lmms6detail11AudioPluginINS_10InstrumentEXtlNS_18AudioPortsSettingsELNS_13AudioDataKindE0ELb0ELt65535ELt65535ELb0ELb1EEENS_17VestigeAudioPortsEE10audioPortsEv
FNDA:0,_ZNK4lmms6detail11AudioPluginINS_10InstrumentEXtlNS_18AudioPortsSettingsELNS_13AudioDataKindE0ELb0ELt0ELt2ELb0ELb1EEENS_22ConfigurableAudioPortsIXtlS3_LS4_0ELb0ELt0ELt2ELb0ELb1EEENS_22PluginAudioPortsBufferEEEE15audioPortsModelEv
FNDA:0,_ZNK4lmms6detail11AudioPluginINS_10InstrumentEXtlNS_18AudioPortsSettingsELNS_13AudioDataKindE0ELb0ELt65535ELt65535ELb0ELb1EEENS_17VestigeAudioPortsEE15audioPortsModelEv
FNDA:0,_ZN4lmms6detail11AudioPluginINS_10InstrumentEXtlNS_18AudioPortsSettingsELNS_13AudioDataKindE0ELb0ELt0ELt2ELb0ELb1EEENS_22ConfigurableAudioPortsIXtlS3_LS4_0ELb0ELt0ELt2ELb0ELb1EEENS_22PluginAudioPortsBufferEEEE8playImplESt4spanINS_11SampleFrameELm18446744073709551615EE
FNDA:0,_ZN4lmms6detail11AudioPluginINS_10InstrumentEXtlNS_18AudioPortsSettingsELNS_13AudioDataKindE0ELb0ELt65535ELt65535ELb0ELb1EEENS_17VestigeAudioPortsEE8playImplESt4spanINS_11SampleFrameELm18446744073709551615EE
FNDA:0,_ZZN4lmms6detail11AudioPluginINS_10InstrumentEXtlNS_18AudioPortsSettingsELNS_13AudioDataKindE0ELb0ELt0ELt2ELb0ELb1EEENS_22ConfigurableAudioPortsIXtlS3_LS4_0ELb0ELt0ELt2ELb0ELb1EEENS_22PluginAudioPortsBufferEEEE8playImplESt4spanINS_11SampleFrameELm18446744073709551615EEENKUlDpT_E_clIJNS_16PlanarBufferViewIfLt0EEENSG_IfLt2EEEEEEDaSD_
FNDA:0,_ZZN4lmms6detail11AudioPluginINS_10InstrumentEXtlNS_18AudioPortsSettingsELNS_13AudioDataKindE0ELb0ELt65535ELt65535ELb0ELb1EEENS_17VestigeAudioPortsEE8playImplESt4spanINS_11SampleFrameELm18446744073709551615EEENKUlDpT_E_clIJNS_16PlanarBufferViewIfLt65535EEESF_EEEDaSB_
FNDA:0,_ZN4lmms6detail11AudioPluginINS_10InstrumentEXtlNS_18AudioPortsSettingsELNS_13AudioDataKindE0ELb0ELt0ELt2ELb0ELb1EEENS_22ConfigurableAudioPortsIXtlS3_LS4_0ELb0ELt0ELt2ELb0ELb1EEENS_22PluginAudioPortsBufferEEEE12playNoteImplEPNS_14NotePlayHandleESt4spanINS_11SampleFrameELm18446744073709551615EE
FNDA:0,_ZN4lmms6detail11AudioPluginINS_10InstrumentEXtlNS_18AudioPortsSettingsELNS_13AudioDataKindE0ELb0ELt65535ELt65535ELb0ELb1EEENS_17VestigeAudioPortsEE12playNoteImplEPNS_14NotePlayHandleESt4spanINS_11SampleFrameELm18446744073709551615EE
FNDA:0,_ZN4lmms6detail11AudioPluginINS_6EffectEXtlNS_18AudioPortsSettingsELNS_13AudioDataKindE0ELb0ELt65535ELt65535ELb0ELb1EEENS_19VstEffectAudioPortsEEC2IJEEEPKNS_6Plugin10DescriptorEPNS_5ModelEPKNS9_17SubPluginFeatures3KeyEDpOT_
FNDA:2,_ZN4lmms6detail11AudioPluginINS_6EffectEXtlNS_18AudioPortsSettingsELNS_13AudioDataKindE0ELb1ELt2ELt0ELb1EEENS0_16PluginAudioPortsIXtlS3_LS4_0ELb1ELt2ELt0ELb1EEENS_22PluginAudioPortsBufferEEEEC2IJEEEPKNS_6Plugin10DescriptorEPNS_5ModelEPKNSB_17SubPluginFeatures3KeyEDpOT_
FNDA:32,_ZN4lmms6detail11AudioPluginINS_6EffectEXtlNS_18AudioPortsSettingsELNS_13AudioDataKindE0ELb1ELt2ELt2ELb1EEENS0_16PluginAudioPortsIXtlS3_LS4_0ELb1ELt2ELt2ELb1EEENS_22PluginAudioPortsBufferEEEEC2IJEEEPKNS_6Plugin10DescriptorEPNS_5ModelEPKNSB_17SubPluginFeatures3KeyEDpOT_
FNDA:0,_ZN4lmms6detail11AudioPluginINS_6EffectEXtlNS_18AudioPortsSettingsELNS_13AudioDataKindE0ELb0ELt65535ELt65535ELb0ELb1EEENS_19VstEffectAudioPortsEE10audioPortsEv
FNDA:0,_ZN4lmms6detail11AudioPluginINS_6EffectEXtlNS_18AudioPortsSettingsELNS_13AudioDataKindE0ELb1ELt2ELt0ELb1EEENS0_16PluginAudioPortsIXtlS3_LS4_0ELb1ELt2ELt0ELb1EEENS_22PluginAudioPortsBufferEEEE10audioPortsEv
FNDA:2,_ZN4lmms6detail11AudioPluginINS_6EffectEXtlNS_18AudioPortsSettingsELNS_13AudioDataKindE0ELb1ELt2ELt2ELb1EEENS0_16PluginAudioPortsIXtlS3_LS4_0ELb1ELt2ELt2ELb1EEENS_22PluginAudioPortsBufferEEEE10audioPortsEv
FNDA:0,_ZNK4lmms6detail11AudioPluginINS_6EffectEXtlNS_18AudioPortsSettingsELNS_13AudioDataKindE0ELb0ELt65535ELt65535ELb0ELb1EEENS_19VstEffectAudioPortsEE15audioPortsModelEv
FNDA:0,_ZNK4lmms6detail11AudioPluginINS_6EffectEXtlNS_18AudioPortsSettingsELNS_13AudioDataKindE0ELb1ELt2ELt0ELb1EEENS0_16PluginAudioPortsIXtlS3_LS4_0ELb1ELt2ELt0ELb1EEENS_22PluginAudioPortsBufferEEEE15audioPortsModelEv
FNDA:2,_ZNK4lmms6detail11AudioPluginINS_6EffectEXtlNS_18AudioPortsSettingsELNS_13AudioDataKindE0ELb1ELt2ELt2ELb1EEENS0_16PluginAudioPortsIXtlS3_LS4_0ELb1ELt2ELt2ELb1EEENS_22PluginAudioPortsBufferEEEE15audioPortsModelEv
FNDA:0,_ZN4lmms6detail11AudioPluginINS_6EffectEXtlNS_18AudioPortsSettingsELNS_13AudioDataKindE0ELb0ELt65535ELt65535ELb0ELb1EEENS_19VstEffectAudioPortsEE18processAudioBufferERNS_8AudioBusE
FNDA:128,_ZN4lmms6detail11AudioPluginINS_6EffectEXtlNS_18AudioPortsSettingsELNS_13AudioDataKindE0ELb1ELt2ELt0ELb1EEENS0_16PluginAudioPortsIXtlS3_LS4_0ELb1ELt2ELt0ELb1EEENS_22PluginAudioPortsBufferEEEE18processAudioBufferERNS_8AudioBusE
FNDA:1478,_ZN4lmms6detail11AudioPluginINS_6EffectEXtlNS_18AudioPortsSettingsELNS_13AudioDataKindE0ELb1ELt2ELt2ELb1EEENS0_16PluginAudioPortsIXtlS3_LS4_0ELb1ELt2ELt2ELb1EEENS_22PluginAudioPortsBufferEEEE18processAudioBufferERNS_8AudioBusE
FNDA:0,_ZZN4lmms6detail11AudioPluginINS_6EffectEXtlNS_18AudioPortsSettingsELNS_13AudioDataKindE0ELb0ELt65535ELt65535ELb0ELb1EEENS_19VstEffectAudioPortsEE18processAudioBufferERNS_8AudioBusEENKUlDpT_E_clIJNS_16PlanarBufferViewIfLt65535EEESE_EEEDaSA_
FNDA:0,_ZZN4lmms6detail11AudioPluginINS_6EffectEXtlNS_18AudioPortsSettingsELNS_13AudioDataKindE0ELb1ELt2ELt0ELb1EEENS0_16PluginAudioPortsIXtlS3_LS4_0ELb1ELt2ELt0ELb1EEENS_22PluginAudioPortsBufferEEEE18processAudioBufferERNS_8AudioBusEENKUlDpT_E_clIJNS_21InterleavedBufferViewIfLt2EEEEEEDaSC_
FNDA:1475,_ZZN4lmms6detail11AudioPluginINS_6EffectEXtlNS_18AudioPortsSettingsELNS_13AudioDataKindE0ELb1ELt2ELt2ELb1EEENS0_16PluginAudioPortsIXtlS3_LS4_0ELb1ELt2ELt2ELb1EEENS_22PluginAudioPortsBufferEEEE18processAudioBufferERNS_8AudioBusEENKUlDpT_E_clIJNS_21InterleavedBufferViewIfLt2EEEEEEDaSC_
FNDA:0,_ZN4lmms6detail11AudioPluginINS_6EffectEXtlNS_18AudioPortsSettingsELNS_13AudioDataKindE0ELb0ELt65535ELt65535ELb0ELb1EEENS_19VstEffectAudioPortsEE11processImplEPNS_11SampleFrameEm
FNDA:0,_ZN4lmms6detail11AudioPluginINS_6EffectEXtlNS_18AudioPortsSettingsELNS_13AudioDataKindE0ELb1ELt2ELt0ELb1EEENS0_16PluginAudioPortsIXtlS3_LS4_0ELb1ELt2ELt0ELb1EEENS_22PluginAudioPortsBufferEEEE11processImplEPNS_11SampleFrameEm
FNDA:1,_ZN4lmms6detail11AudioPluginINS_6EffectEXtlNS_18AudioPortsSettingsELNS_13AudioDataKindE0ELb1ELt2ELt2ELb1EEENS0_16PluginAudioPortsIXtlS3_LS4_0ELb1ELt2ELt2ELb1EEENS_22PluginAudioPortsBufferEEEE11processImplEPNS_11SampleFrameEm
FNDA:0,_ZZN4lmms6detail11AudioPluginINS_6EffectEXtlNS_18AudioPortsSettingsELNS_13AudioDataKindE0ELb0ELt65535ELt65535ELb0ELb1EEENS_19VstEffectAudioPortsEE11processImplEPNS_11SampleFrameEmENKUlDpT_E_clIJNS_16PlanarBufferViewIfLt65535EEESE_EEEDaSA_
FNDA:0,_ZZN4lmms6detail11AudioPluginINS_6EffectEXtlNS_18AudioPortsSettingsELNS_13AudioDataKindE0ELb1ELt2ELt0ELb1EEENS0_16PluginAudioPortsIXtlS3_LS4_0ELb1ELt2ELt0ELb1EEENS_22PluginAudioPortsBufferEEEE11processImplEPNS_11SampleFrameEmENKUlDpT_E_clIJNS_21InterleavedBufferViewIfLt2EEEEEEDaSC_
FNDA:1,_ZZN4lmms6detail11AudioPluginINS_6EffectEXtlNS_18AudioPortsSettingsELNS_13AudioDataKindE0ELb1ELt2ELt2ELb1EEENS0_16PluginAudioPortsIXtlS3_LS4_0ELb1ELt2ELt2ELb1EEENS_22PluginAudioPortsBufferEEEE11processImplEPNS_11SampleFrameEmENKUlDpT_E_clIJNS_21InterleavedBufferViewIfLt2EEEEEEDaSC_
FNDA:0,_ZN4lmms6detail11AudioPluginINS_6EffectEXtlNS_18AudioPortsSettingsELNS_13AudioDataKindE0ELb0ELt65535ELt65535ELb0ELb1EEENS_19VstEffectAudioPortsEE19processBypassedImplEv
FNDA:0,_ZN4lmms6detail11AudioPluginINS_6EffectEXtlNS_18AudioPortsSettingsELNS_13AudioDataKindE0ELb1ELt2ELt0ELb1EEENS0_16PluginAudioPortsIXtlS3_LS4_0ELb1ELt2ELt0ELb1EEENS_22PluginAudioPortsBufferEEEE19processBypassedImplEv
FNDA:1,_ZN4lmms6detail11AudioPluginINS_6EffectEXtlNS_18AudioPortsSettingsELNS_13AudioDataKindE0ELb1ELt2ELt2ELb1EEENS0_16PluginAudioPortsIXtlS3_LS4_0ELb1ELt2ELt2ELb1EEENS_22PluginAudioPortsBufferEEEE19processBypassedImplEv
FNDA:5,_ZN4lmms11AudioPluginINS_10InstrumentEXtlNS_18AudioPortsSettingsELNS_13AudioDataKindE0ELb0ELt0ELt2ELb0ELb1EEENS_22ConfigurableAudioPortsIXtlS2_LS3_0ELb0ELt0ELt2ELb0ELb1EEENS_22PluginAudioPortsBufferEEEE19AudioPortSerializerC2EPS7_
FNDA:0,_ZN4lmms11AudioPluginINS_10InstrumentEXtlNS_18AudioPortsSettingsELNS_13AudioDataKindE0ELb0ELt65535ELt65535ELb0ELb1EEENS_17VestigeAudioPortsEE19AudioPortSerializerC2EPS5_
FNDA:0,_ZN4lmms11AudioPluginINS_6EffectEXtlNS_18AudioPortsSettingsELNS_13AudioDataKindE0ELb0ELt65535ELt65535ELb0ELb1EEENS_19VstEffectAudioPortsEE19AudioPortSerializerC2EPS5_
FNDA:2,_ZN4lmms11AudioPluginINS_6EffectEXtlNS_18AudioPortsSettingsELNS_13AudioDataKindE0ELb1ELt2ELt0ELb1EEENS_6detail16PluginAudioPortsIXtlS2_LS3_0ELb1ELt2ELt0ELb1EEENS_22PluginAudioPortsBufferEEEE19AudioPortSerializerC2EPS8_
FNDA:32,_ZN4lmms11AudioPluginINS_6EffectEXtlNS_18AudioPortsSettingsELNS_13AudioDataKindE0ELb1ELt2ELt2ELb1EEENS_6detail16PluginAudioPortsIXtlS2_LS3_0ELb1ELt2ELt2ELb1EEENS_22PluginAudioPortsBufferEEEE19AudioPortSerializerC2EPS8_
FNDA:1,_ZN4lmms11AudioPluginINS_10InstrumentEXtlNS_18AudioPortsSettingsELNS_13AudioDataKindE0ELb0ELt0ELt2ELb0ELb1EEENS_22ConfigurableAudioPortsIXtlS2_LS3_0ELb0ELt0ELt2ELb0ELb1EEENS_22PluginAudioPortsBufferEEEE19AudioPortSerializer12saveSettingsER12QDomDocumentR11QDomElement
FNDA:0,_ZN4lmms11AudioPluginINS_10InstrumentEXtlNS_18AudioPortsSettingsELNS_13AudioDataKindE0ELb0ELt65535ELt65535ELb0ELb1EEENS_17VestigeAudioPortsEE19AudioPortSerializer12saveSettingsER12QDomDocumentR11QDomElement
FNDA:0,_ZN4lmms11AudioPluginINS_6EffectEXtlNS_18AudioPortsSettingsELNS_13AudioDataKindE0ELb0ELt65535ELt65535ELb0ELb1EEENS_19VstEffectAudioPortsEE19AudioPortSerializer12saveSettingsER12QDomDocumentR11QDomElement
FNDA:0,_ZN4lmms11AudioPluginINS_6EffectEXtlNS_18AudioPortsSettingsELNS_13AudioDataKindE0ELb1ELt2ELt0ELb1EEENS_6detail16PluginAudioPortsIXtlS2_LS3_0ELb1ELt2ELt0ELb1EEENS_22PluginAudioPortsBufferEEEE19AudioPortSerializer12saveSettingsER12QDomDocumentR11QDomElement
FNDA:1,_ZN4lmms11AudioPluginINS_6EffectEXtlNS_18AudioPortsSettingsELNS_13AudioDataKindE0ELb1ELt2ELt2ELb1EEENS_6detail16PluginAudioPortsIXtlS2_LS3_0ELb1ELt2ELt2ELb1EEENS_22PluginAudioPortsBufferEEEE19AudioPortSerializer12saveSettingsER12QDomDocumentR11QDomElement
FNDA:5,_ZN4lmms11AudioPluginINS_10InstrumentEXtlNS_18AudioPortsSettingsELNS_13AudioDataKindE0ELb0ELt0ELt2ELb0ELb1EEENS_22ConfigurableAudioPortsIXtlS2_LS3_0ELb0ELt0ELt2ELb0ELb1EEENS_22PluginAudioPortsBufferEEEE19AudioPortSerializer12loadSettingsERK11QDomElement
FNDA:0,_ZN4lmms11AudioPluginINS_10InstrumentEXtlNS_18AudioPortsSettingsELNS_13AudioDataKindE0ELb0ELt65535ELt65535ELb0ELb1EEENS_17VestigeAudioPortsEE19AudioPortSerializer12loadSettingsERK11QDomElement
FNDA:0,_ZN4lmms11AudioPluginINS_6EffectEXtlNS_18AudioPortsSettingsELNS_13AudioDataKindE0ELb0ELt65535ELt65535ELb0ELb1EEENS_19VstEffectAudioPortsEE19AudioPortSerializer12loadSettingsERK11QDomElement
FNDA:0,_ZN4lmms11AudioPluginINS_6EffectEXtlNS_18AudioPortsSettingsELNS_13AudioDataKindE0ELb1ELt2ELt0ELb1EEENS_6detail16PluginAudioPortsIXtlS2_LS3_0ELb1ELt2ELt0ELb1EEENS_22PluginAudioPortsBufferEEEE19AudioPortSerializer12loadSettingsERK11QDomElement
FNDA:1,_ZN4lmms11AudioPluginINS_6EffectEXtlNS_18AudioPortsSettingsELNS_13AudioDataKindE0ELb1ELt2ELt2ELb1EEENS_6detail16PluginAudioPortsIXtlS2_LS3_0ELb1ELt2ELt2ELb1EEENS_22PluginAudioPortsBufferEEEE19AudioPortSerializer12loadSettingsERK11QDomElement
FNF:52
FNH:20
DA:51,5
DA:117,5
DA:121,1345
DA:123,1345
DA:143,5
DA:148,5
DA:150,5
DA:151,5
DA:154,16
DA:157,0
DA:159,0
DA:160,0
DA:161,0
DA:164,0
DA:166,0
DA:169,0
DA:172,0
DA:175,0
DA:176,0
DA:179,0
DA:180,0
DA:181,0
DA:183,0
DA:184,0
DA:185,0
DA:186,0
DA:189,0
DA:192,0
DA:203,0
DA:218,34
DA:222,34
DA:224,34
DA:225,34
DA:236,2
DA:239,2
DA:241,2
DA:242,2
DA:243,2
DA:246,1606
DA:248,1606
DA:250,157
DA:252,28
DA:260,129
DA:262,129
DA:266,1477
DA:269,1
DA:272,1476
DA:275,1
DA:276,1
DA:277,1
DA:280,1475
DA:282,1475
DA:283,1475
DA:286,1475
DA:288,65
DA:289,65
DA:290,1408
DA:291,1408
DA:292,1408
DA:293,1
DA:294,1
DA:295,1
DA:296,1
DA:297,1
DA:298,1
DA:301,1474
DA:302,1474
DA:303,1474
DA:319,1
DA:327,1
DA:329,0
DA:335,1
DA:336,1
DA:338,1
DA:339,1
DA:340,1
DA:343,1
DA:345,1
DA:346,1
DA:347,0
DA:348,0
DA:349,0
DA:350,0
DA:351,0
DA:352,0
DA:355,0
DA:362,1
DA:364,1
DA:417,39
DA:418,39
DA:420,39
DA:421,39
DA:423,2
DA:425,2
DA:426,2
DA:428,6
DA:430,6
DA:431,6
LF:98
LH:70
end_of_record
TN:
SF:/home/kruzzzzy/Documents/AI_KOS_PROJECT/projects/lmms-fl-research/zene-pa-coverage/include/AudioPorts.h
FN:107,107,_ZN4lmms6detail20AudioPortsBufferBaseD0Ev
FN:107,107,_ZN4lmms6detail20AudioPortsBufferBaseD2Ev
FN:160,163,_ZN4lmms6detail16AudioPortsRouterIXtlNS_18AudioPortsSettingsELNS_13AudioDataKindE0ELb0ELt65535ELt65535ELb0ELb1EEEEC2ERNS_10AudioPortsIXtlS2_LS3_0ELb0ELt65535ELt65535ELb0ELb1EEEEE
FN:160,163,_ZN4lmms6detail16AudioPortsRouterIXtlNS_18AudioPortsSettingsELNS_13AudioDataKindE0ELb1ELt2ELt0ELb1EEEEC2ERNS_10AudioPortsIXtlS2_LS3_0ELb1ELt2ELt0ELb1EEEEE
FN:160,163,_ZN4lmms6detail16AudioPortsRouterIXtlNS_18AudioPortsSettingsELNS_13AudioDataKindE0ELb1ELt2ELt2ELb1EEEEC2ERNS_10AudioPortsIXtlS2_LS3_0ELb1ELt2ELt2ELb1EEEEE
FN:160,163,_ZN4lmms6detail16AudioPortsRouterIXtlNS_18AudioPortsSettingsELNS_13AudioDataKindE0ELb1ELt2ELt2ELb1ELb1EEEEC2ERNS_10AudioPortsIXtlS2_LS3_0ELb1ELt2ELt2ELb1ELb1EEEEE
FN:175,211,_ZN4lmms6detail16AudioPortsRouterIXtlNS_18AudioPortsSettingsELNS_13AudioDataKindE0ELb0ELt0ELt2ELb0ELb1EEEE7processIZNS0_11AudioPluginINS_10InstrumentEXtlS2_LS3_0ELb0ELt0ELt2ELb0ELb1EEENS_22ConfigurableAudioPortsIXtlS2_LS3_0ELb0ELt0ELt2ELb0ELb1EEENS_22PluginAudioPortsBufferEEEE8playImplESt4spanINS_11SampleFrameELm18446744073709551615EEEUlDpT_E_EENS_13ProcessStatusERNS_8AudioBusEOT_
FN:175,211,_ZN4lmms6detail16AudioPortsRouterIXtlNS_18AudioPortsSettingsELNS_13AudioDataKindE0ELb0ELt65535ELt65535ELb0ELb1EEEE7processIZNS0_11AudioPluginINS_10InstrumentEXtlS2_LS3_0ELb0ELt65535ELt65535ELb0ELb1EEENS_17VestigeAudioPortsEE8playImplESt4spanINS_11SampleFrameELm18446744073709551615EEEUlDpT_E_EENS_13ProcessStatusERNS_8AudioBusEOT_
FN:175,211,_ZN4lmms6detail16AudioPortsRouterIXtlNS_18AudioPortsSettingsELNS_13AudioDataKindE0ELb0ELt65535ELt65535ELb0ELb1EEEE7processIZNS0_11AudioPluginINS_6EffectEXtlS2_LS3_0ELb0ELt65535ELt65535ELb0ELb1EEENS_19VstEffectAudioPortsEE11processImplEPNS_11SampleFrameEmEUlDpT_E_EENS_13ProcessStatusERNS_8AudioBusEOT_
FN:175,211,_ZN4lmms6detail16AudioPortsRouterIXtlNS_18AudioPortsSettingsELNS_13AudioDataKindE0ELb0ELt65535ELt65535ELb0ELb1EEEE7processIZNS0_11AudioPluginINS_6EffectEXtlS2_LS3_0ELb0ELt65535ELt65535ELb0ELb1EEENS_19VstEffectAudioPortsEE18processAudioBufferERNS_8AudioBusEEUlDpT_E_EENS_13ProcessStatusESB_OT_
FN:175,211,_ZN4lmms6detail16AudioPortsRouterIXtlNS_18AudioPortsSettingsELNS_13AudioDataKindE0ELb1ELt2ELt0ELb1EEEE7processIZNS0_11AudioPluginINS_6EffectEXtlS2_LS3_0ELb1ELt2ELt0ELb1EEENS0_16PluginAudioPortsIXtlS2_LS3_0ELb1ELt2ELt0ELb1EEENS_22PluginAudioPortsBufferEEEE11processImplEPNS_11SampleFrameEmEUlDpT_E_EENS_13ProcessStatusERNS_8AudioBusEOT_
FN:175,211,_ZN4lmms6detail16AudioPortsRouterIXtlNS_18AudioPortsSettingsELNS_13AudioDataKindE0ELb1ELt2ELt0ELb1EEEE7processIZNS0_11AudioPluginINS_6EffectEXtlS2_LS3_0ELb1ELt2ELt0ELb1EEENS0_16PluginAudioPortsIXtlS2_LS3_0ELb1ELt2ELt0ELb1EEENS_22PluginAudioPortsBufferEEEE18processAudioBufferERNS_8AudioBusEEUlDpT_E_EENS_13ProcessStatusESD_OT_
FN:175,211,_ZN4lmms6detail16AudioPortsRouterIXtlNS_18AudioPortsSettingsELNS_13AudioDataKindE0ELb1ELt2ELt2ELb1EEEE7processIZNS0_11AudioPluginINS_6EffectEXtlS2_LS3_0ELb1ELt2ELt2ELb1EEENS0_16PluginAudioPortsIXtlS2_LS3_0ELb1ELt2ELt2ELb1EEENS_22PluginAudioPortsBufferEEEE11processImplEPNS_11SampleFrameEmEUlDpT_E_EENS_13ProcessStatusERNS_8AudioBusEOT_
FN:175,211,_ZN4lmms6detail16AudioPortsRouterIXtlNS_18AudioPortsSettingsELNS_13AudioDataKindE0ELb1ELt2ELt2ELb1EEEE7processIZNS0_11AudioPluginINS_6EffectEXtlS2_LS3_0ELb1ELt2ELt2ELb1EEENS0_16PluginAudioPortsIXtlS2_LS3_0ELb1ELt2ELt2ELb1EEENS_22PluginAudioPortsBufferEEEE18processAudioBufferERNS_8AudioBusEEUlDpT_E_EENS_13ProcessStatusESD_OT_
FN:175,211,_ZN4lmms6detail16AudioPortsRouterIXtlNS_18AudioPortsSettingsELNS_13AudioDataKindE0ELb1ELt2ELt2ELb1ELb1EEEE7processIZN20PluginAudioPortsTest28sendRoutesAllPinCombinationsEvEUlT_E_EENS_13ProcessStatusERNS_8AudioBusEOS7_
FN:175,211,_ZN4lmms6detail16AudioPortsRouterIXtlNS_18AudioPortsSettingsELNS_13AudioDataKindE0ELb1ELt2ELt2ELb1ELb1EEEE7processIZN20PluginAudioPortsTest31receiveRoutesAllPinCombinationsEvEUlT_E_EENS_13ProcessStatusERNS_8AudioBusEOS7_
FN:219,219,_ZNK4lmms6detail16AudioPortsRouterIXtlNS_18AudioPortsSettingsELNS_13AudioDataKindE0ELb0ELt65535ELt65535ELb0ELb1EEEE12silentOutputEv
FN:219,219,_ZNK4lmms6detail16AudioPortsRouterIXtlNS_18AudioPortsSettingsELNS_13AudioDataKindE0ELb1ELt2ELt0ELb1EEEE12silentOutputEv
FN:219,219,_ZNK4lmms6detail16AudioPortsRouterIXtlNS_18AudioPortsSettingsELNS_13AudioDataKindE0ELb1ELt2ELt2ELb1EEEE12silentOutputEv
FN:296,299,_ZN4lmms10AudioPortsIXtlNS_18AudioPortsSettingsELNS_13AudioDataKindE0ELb0ELt0ELt2ELb0ELb1EEEEC2EbPNS_5ModelE
FN:296,299,_ZN4lmms10AudioPortsIXtlNS_18AudioPortsSettingsELNS_13AudioDataKindE0ELb0ELt1ELt1ELb1ELb1EEEEC2EbPNS_5ModelE
FN:296,299,_ZN4lmms10AudioPortsIXtlNS_18AudioPortsSettingsELNS_13AudioDataKindE0ELb0ELt4ELt4ELb1ELb1EEEEC2EbPNS_5ModelE
FN:296,299,_ZN4lmms10AudioPortsIXtlNS_18AudioPortsSettingsELNS_13AudioDataKindE0ELb0ELt65535ELt65535ELb0ELb1EEEEC2EbPNS_5ModelE
FN:296,299,_ZN4lmms10AudioPortsIXtlNS_18AudioPortsSettingsELNS_13AudioDataKindE0ELb1ELt2ELt0ELb1EEEEC2EbPNS_5ModelE
FN:296,299,_ZN4lmms10AudioPortsIXtlNS_18AudioPortsSettingsELNS_13AudioDataKindE0ELb1ELt2ELt2ELb1EEEEC2EbPNS_5ModelE
FN:296,299,_ZN4lmms10AudioPortsIXtlNS_18AudioPortsSettingsELNS_13AudioDataKindE0ELb1ELt2ELt2ELb1ELb1EEEEC2EbPNS_5ModelE
FN:325,333,_ZN4lmms10AudioPortsIXtlNS_18AudioPortsSettingsELNS_13AudioDataKindE0ELb0ELt0ELt2ELb0ELb1EEEE4initEv
FN:325,333,_ZN4lmms10AudioPortsIXtlNS_18AudioPortsSettingsELNS_13AudioDataKindE0ELb0ELt1ELt1ELb1ELb1EEEE4initEv
FN:325,333,_ZN4lmms10AudioPortsIXtlNS_18AudioPortsSettingsELNS_13AudioDataKindE0ELb0ELt4ELt4ELb1ELb1EEEE4initEv
FN:325,333,_ZN4lmms10AudioPortsIXtlNS_18AudioPortsSettingsELNS_13AudioDataKindE0ELb0ELt65535ELt65535ELb0ELb1EEEE4initEv
FN:325,333,_ZN4lmms10AudioPortsIXtlNS_18AudioPortsSettingsELNS_13AudioDataKindE0ELb1ELt2ELt0ELb1EEEE4initEv
FN:325,333,_ZN4lmms10AudioPortsIXtlNS_18AudioPortsSettingsELNS_13AudioDataKindE0ELb1ELt2ELt2ELb1EEEE4initEv
FN:325,333,_ZN4lmms10AudioPortsIXtlNS_18AudioPortsSettingsELNS_13AudioDataKindE0ELb1ELt2ELt2ELb1ELb1EEEE4initEv
FN:341,349,_ZNK4lmms10AudioPortsIXtlNS_18AudioPortsSettingsELNS_13AudioDataKindE0ELb0ELt0ELt2ELb0ELb1EEEE6activeEv
FN:341,349,_ZNK4lmms10AudioPortsIXtlNS_18AudioPortsSettingsELNS_13AudioDataKindE0ELb0ELt1ELt1ELb1ELb1EEEE6activeEv
FN:341,349,_ZNK4lmms10AudioPortsIXtlNS_18AudioPortsSettingsELNS_13AudioDataKindE0ELb0ELt4ELt4ELb1ELb1EEEE6activeEv
FN:341,349,_ZNK4lmms10AudioPortsIXtlNS_18AudioPortsSettingsELNS_13AudioDataKindE0ELb0ELt65535ELt65535ELb0ELb1EEEE6activeEv
FN:341,349,_ZNK4lmms10AudioPortsIXtlNS_18AudioPortsSettingsELNS_13AudioDataKindE0ELb1ELt2ELt0ELb1EEEE6activeEv
FN:341,349,_ZNK4lmms10AudioPortsIXtlNS_18AudioPortsSettingsELNS_13AudioDataKindE0ELb1ELt2ELt2ELb1EEEE6activeEv
FN:341,349,_ZNK4lmms10AudioPortsIXtlNS_18AudioPortsSettingsELNS_13AudioDataKindE0ELb1ELt2ELt2ELb1ELb1EEEE6activeEv
FN:358,362,_ZNK4lmms10AudioPortsIXtlNS_18AudioPortsSettingsELNS_13AudioDataKindE0ELb0ELt1ELt1ELb1ELb1EEEE12constBuffersEv
FN:358,362,_ZNK4lmms10AudioPortsIXtlNS_18AudioPortsSettingsELNS_13AudioDataKindE0ELb0ELt4ELt4ELb1ELb1EEEE12constBuffersEv
FN:358,362,_ZNK4lmms10AudioPortsIXtlNS_18AudioPortsSettingsELNS_13AudioDataKindE0ELb0ELt65535ELt65535ELb0ELb1EEEE12constBuffersEv
FN:358,362,_ZNK4lmms10AudioPortsIXtlNS_18AudioPortsSettingsELNS_13AudioDataKindE0ELb1ELt2ELt0ELb1EEEE12constBuffersEv
FN:358,362,_ZNK4lmms10AudioPortsIXtlNS_18AudioPortsSettingsELNS_13AudioDataKindE0ELb1ELt2ELt2ELb1EEEE12constBuffersEv
FN:358,362,_ZNK4lmms10AudioPortsIXtlNS_18AudioPortsSettingsELNS_13AudioDataKindE0ELb1ELt2ELt2ELb1ELb1EEEE12constBuffersEv
FN:364,367,_ZNK4lmms10AudioPortsIXtlNS_18AudioPortsSettingsELNS_13AudioDataKindE0ELb0ELt65535ELt65535ELb0ELb1EEEE5modelEv
FN:364,367,_ZNK4lmms10AudioPortsIXtlNS_18AudioPortsSettingsELNS_13AudioDataKindE0ELb1ELt2ELt0ELb1EEEE5modelEv
FN:364,367,_ZNK4lmms10AudioPortsIXtlNS_18AudioPortsSettingsELNS_13AudioDataKindE0ELb1ELt2ELt2ELb1EEEE5modelEv
FN:364,367,_ZNK4lmms10AudioPortsIXtlNS_18AudioPortsSettingsELNS_13AudioDataKindE0ELb1ELt2ELt2ELb1ELb1EEEE5modelEv
FN:374,377,_ZN4lmms10AudioPortsIXtlNS_18AudioPortsSettingsELNS_13AudioDataKindE0ELb0ELt65535ELt65535ELb0ELb1EEEE9getRouterEv
FN:374,377,_ZN4lmms10AudioPortsIXtlNS_18AudioPortsSettingsELNS_13AudioDataKindE0ELb1ELt2ELt0ELb1EEEE9getRouterEv
FN:374,377,_ZN4lmms10AudioPortsIXtlNS_18AudioPortsSettingsELNS_13AudioDataKindE0ELb1ELt2ELt2ELb1EEEE9getRouterEv
FN:374,377,_ZN4lmms10AudioPortsIXtlNS_18AudioPortsSettingsELNS_13AudioDataKindE0ELb1ELt2ELt2ELb1ELb1EEEE9getRouterEv
FN:396,400,_ZN4lmms16CustomAudioPortsIXtlNS_18AudioPortsSettingsELNS_13AudioDataKindE0ELb0ELt0ELt2ELb0ELb1EEEE24bufferPropertiesChangingEttm
FN:396,400,_ZN4lmms16CustomAudioPortsIXtlNS_18AudioPortsSettingsELNS_13AudioDataKindE0ELb0ELt65535ELt65535ELb0ELb1EEEE24bufferPropertiesChangingEttm
FN:408,418,_ZN4lmms6detail13convertSampleIffEET_T0_
FN:423,483,_ZNK4lmms6detail16AudioPortsRouterIXtlNS_18AudioPortsSettingsELNS_13AudioDataKindE0ELb0ELt65535ELt65535ELb0ELb1EEEE4sendERKNS_8AudioBusENS_16PlanarBufferViewIfLt65535EEE
FN:486,622,_ZNK4lmms6detail16AudioPortsRouterIXtlNS_18AudioPortsSettingsELNS_13AudioDataKindE0ELb0ELt0ELt2ELb0ELb1EEEE7receiveENS_16PlanarBufferViewIKfLt2EEERNS_8AudioBusE
FN:486,622,_ZNK4lmms6detail16AudioPortsRouterIXtlNS_18AudioPortsSettingsELNS_13AudioDataKindE0ELb0ELt65535ELt65535ELb0ELb1EEEE7receiveENS_16PlanarBufferViewIKfLt65535EEERNS_8AudioBusE
FN:502,502,_ZZNK4lmms6detail16AudioPortsRouterIXtlNS_18AudioPortsSettingsELNS_13AudioDataKindE0ELb0ELt0ELt2ELb0ELb1EEEE7receiveENS_16PlanarBufferViewIKfLt2EEERNS_8AudioBusEENKUlPftT_E_clISt17integral_constantIhLh1EEEEDaSA_tSB_
FN:502,502,_ZZNK4lmms6detail16AudioPortsRouterIXtlNS_18AudioPortsSettingsELNS_13AudioDataKindE0ELb0ELt0ELt2ELb0ELb1EEEE7receiveENS_16PlanarBufferViewIKfLt2EEERNS_8AudioBusEENKUlPftT_E_clISt17integral_constantIhLh2EEEEDaSA_tSB_
FN:502,502,_ZZNK4lmms6detail16AudioPortsRouterIXtlNS_18AudioPortsSettingsELNS_13AudioDataKindE0ELb0ELt0ELt2ELb0ELb1EEEE7receiveENS_16PlanarBufferViewIKfLt2EEERNS_8AudioBusEENKUlPftT_E_clISt17integral_constantIhLh3EEEEDaSA_tSB_
FN:502,502,_ZZNK4lmms6detail16AudioPortsRouterIXtlNS_18AudioPortsSettingsELNS_13AudioDataKindE0ELb0ELt65535ELt65535ELb0ELb1EEEE7receiveENS_16PlanarBufferViewIKfLt65535EEERNS_8AudioBusEENKUlPftT_E_clISt17integral_constantIhLh1EEEEDaSA_tSB_
FN:502,502,_ZZNK4lmms6detail16AudioPortsRouterIXtlNS_18AudioPortsSettingsELNS_13AudioDataKindE0ELb0ELt65535ELt65535ELb0ELb1EEEE7receiveENS_16PlanarBufferViewIKfLt65535EEERNS_8AudioBusEENKUlPftT_E_clISt17integral_constantIhLh2EEEEDaSA_tSB_
FN:502,502,_ZZNK4lmms6detail16AudioPortsRouterIXtlNS_18AudioPortsSettingsELNS_13AudioDataKindE0ELb0ELt65535ELt65535ELb0ELb1EEEE7receiveENS_16PlanarBufferViewIKfLt65535EEERNS_8AudioBusEENKUlPftT_E_clISt17integral_constantIhLh3EEEEDaSA_tSB_
FN:625,712,_ZNK4lmms6detail16AudioPortsRouterIXtlNS_18AudioPortsSettingsELNS_13AudioDataKindE0ELb1ELt2ELt0ELb1EEEE4sendERKNS_8AudioBusENS_21InterleavedBufferViewIfLt2EEE
FN:625,712,_ZNK4lmms6detail16AudioPortsRouterIXtlNS_18AudioPortsSettingsELNS_13AudioDataKindE0ELb1ELt2ELt2ELb1EEEE4sendERKNS_8AudioBusENS_21InterleavedBufferViewIfLt2EEE
FN:625,712,_ZNK4lmms6detail16AudioPortsRouterIXtlNS_18AudioPortsSettingsELNS_13AudioDataKindE0ELb1ELt2ELt2ELb1ELb1EEEE4sendERKNS_8AudioBusENS_21InterleavedBufferViewIfLt2EEE
FN:647,647,_ZZNK4lmms6detail16AudioPortsRouterIXtlNS_18AudioPortsSettingsELNS_13AudioDataKindE0ELb1ELt2ELt0ELb1EEEE4sendERKNS_8AudioBusENS_21InterleavedBufferViewIfLt2EEEENKUlPKfT_E_clISt17integral_constantIhLh10EEEEDaSB_SC_
FN:647,647,_ZZNK4lmms6detail16AudioPortsRouterIXtlNS_18AudioPortsSettingsELNS_13AudioDataKindE0ELb1ELt2ELt0ELb1EEEE4sendERKNS_8AudioBusENS_21InterleavedBufferViewIfLt2EEEENKUlPKfT_E_clISt17integral_constantIhLh11EEEEDaSB_SC_
FN:647,647,_ZZNK4lmms6detail16AudioPortsRouterIXtlNS_18AudioPortsSettingsELNS_13AudioDataKindE0ELb1ELt2ELt0ELb1EEEE4sendERKNS_8AudioBusENS_21InterleavedBufferViewIfLt2EEEENKUlPKfT_E_clISt17integral_constantIhLh12EEEEDaSB_SC_
FN:647,647,_ZZNK4lmms6detail16AudioPortsRouterIXtlNS_18AudioPortsSettingsELNS_13AudioDataKindE0ELb1ELt2ELt0ELb1EEEE4sendERKNS_8AudioBusENS_21InterleavedBufferViewIfLt2EEEENKUlPKfT_E_clISt17integral_constantIhLh13EEEEDaSB_SC_
FN:647,647,_ZZNK4lmms6detail16AudioPortsRouterIXtlNS_18AudioPortsSettingsELNS_13AudioDataKindE0ELb1ELt2ELt0ELb1EEEE4sendERKNS_8AudioBusENS_21InterleavedBufferViewIfLt2EEEENKUlPKfT_E_clISt17integral_constantIhLh14EEEEDaSB_SC_
FN:647,647,_ZZNK4lmms6detail16AudioPortsRouterIXtlNS_18AudioPortsSettingsELNS_13AudioDataKindE0ELb1ELt2ELt0ELb1EEEE4sendERKNS_8AudioBusENS_21InterleavedBufferViewIfLt2EEEENKUlPKfT_E_clISt17integral_constantIhLh15EEEEDaSB_SC_
FN:647,647,_ZZNK4lmms6detail16AudioPortsRouterIXtlNS_18AudioPortsSettingsELNS_13AudioDataKindE0ELb1ELt2ELt0ELb1EEEE4sendERKNS_8AudioBusENS_21InterleavedBufferViewIfLt2EEEENKUlPKfT_E_clISt17integral_constantIhLh1EEEEDaSB_SC_
FN:647,647,_ZZNK4lmms6detail16AudioPortsRouterIXtlNS_18AudioPortsSettingsELNS_13AudioDataKindE0ELb1ELt2ELt0ELb1EEEE4sendERKNS_8AudioBusENS_21InterleavedBufferViewIfLt2EEEENKUlPKfT_E_clISt17integral_constantIhLh2EEEEDaSB_SC_
FN:647,647,_ZZNK4lmms6detail16AudioPortsRouterIXtlNS_18AudioPortsSettingsELNS_13AudioDataKindE0ELb1ELt2ELt0ELb1EEEE4sendERKNS_8AudioBusENS_21InterleavedBufferViewIfLt2EEEENKUlPKfT_E_clISt17integral_constantIhLh3EEEEDaSB_SC_
FN:647,647,_ZZNK4lmms6detail16AudioPortsRouterIXtlNS_18AudioPortsSettingsELNS_13AudioDataKindE0ELb1ELt2ELt0ELb1EEEE4sendERKNS_8AudioBusENS_21InterleavedBufferViewIfLt2EEEENKUlPKfT_E_clISt17integral_constantIhLh4EEEEDaSB_SC_
FN:647,647,_ZZNK4lmms6detail16AudioPortsRouterIXtlNS_18AudioPortsSettingsELNS_13AudioDataKindE0ELb1ELt2ELt0ELb1EEEE4sendERKNS_8AudioBusENS_21InterleavedBufferViewIfLt2EEEENKUlPKfT_E_clISt17integral_constantIhLh5EEEEDaSB_SC_
FN:647,647,_ZZNK4lmms6detail16AudioPortsRouterIXtlNS_18AudioPortsSettingsELNS_13AudioDataKindE0ELb1ELt2ELt0ELb1EEEE4sendERKNS_8AudioBusENS_21InterleavedBufferViewIfLt2EEEENKUlPKfT_E_clISt17integral_constantIhLh6EEEEDaSB_SC_
FN:647,647,_ZZNK4lmms6detail16AudioPortsRouterIXtlNS_18AudioPortsSettingsELNS_13AudioDataKindE0ELb1ELt2ELt0ELb1EEEE4sendERKNS_8AudioBusENS_21InterleavedBufferViewIfLt2EEEENKUlPKfT_E_clISt17integral_constantIhLh7EEEEDaSB_SC_
FN:647,647,_ZZNK4lmms6detail16AudioPortsRouterIXtlNS_18AudioPortsSettingsELNS_13AudioDataKindE0ELb1ELt2ELt0ELb1EEEE4sendERKNS_8AudioBusENS_21InterleavedBufferViewIfLt2EEEENKUlPKfT_E_clISt17integral_constantIhLh8EEEEDaSB_SC_
FN:647,647,_ZZNK4lmms6detail16AudioPortsRouterIXtlNS_18AudioPortsSettingsELNS_13AudioDataKindE0ELb1ELt2ELt0ELb1EEEE4sendERKNS_8AudioBusENS_21InterleavedBufferViewIfLt2EEEENKUlPKfT_E_clISt17integral_constantIhLh9EEEEDaSB_SC_
FN:647,647,_ZZNK4lmms6detail16AudioPortsRouterIXtlNS_18AudioPortsSettingsELNS_13AudioDataKindE0ELb1ELt2ELt2ELb1EEEE4sendERKNS_8AudioBusENS_21InterleavedBufferViewIfLt2EEEENKUlPKfT_E_clISt17integral_constantIhLh10EEEEDaSB_SC_
FN:647,647,_ZZNK4lmms6detail16AudioPortsRouterIXtlNS_18AudioPortsSettingsELNS_13AudioDataKindE0ELb1ELt2ELt2ELb1EEEE4sendERKNS_8AudioBusENS_21InterleavedBufferViewIfLt2EEEENKUlPKfT_E_clISt17integral_constantIhLh11EEEEDaSB_SC_
FN:647,647,_ZZNK4lmms6detail16AudioPortsRouterIXtlNS_18AudioPortsSettingsELNS_13AudioDataKindE0ELb1ELt2ELt2ELb1EEEE4sendERKNS_8AudioBusENS_21InterleavedBufferViewIfLt2EEEENKUlPKfT_E_clISt17integral_constantIhLh12EEEEDaSB_SC_
FN:647,647,_ZZNK4lmms6detail16AudioPortsRouterIXtlNS_18AudioPortsSettingsELNS_13AudioDataKindE0ELb1ELt2ELt2ELb1EEEE4sendERKNS_8AudioBusENS_21InterleavedBufferViewIfLt2EEEENKUlPKfT_E_clISt17integral_constantIhLh13EEEEDaSB_SC_
FN:647,647,_ZZNK4lmms6detail16AudioPortsRouterIXtlNS_18AudioPortsSettingsELNS_13AudioDataKindE0ELb1ELt2ELt2ELb1EEEE4sendERKNS_8AudioBusENS_21InterleavedBufferViewIfLt2EEEENKUlPKfT_E_clISt17integral_constantIhLh14EEEEDaSB_SC_
FN:647,647,_ZZNK4lmms6detail16AudioPortsRouterIXtlNS_18AudioPortsSettingsELNS_13AudioDataKindE0ELb1ELt2ELt2ELb1EEEE4sendERKNS_8AudioBusENS_21InterleavedBufferViewIfLt2EEEENKUlPKfT_E_clISt17integral_constantIhLh15EEEEDaSB_SC_
FN:647,647,_ZZNK4lmms6detail16AudioPortsRouterIXtlNS_18AudioPortsSettingsELNS_13AudioDataKindE0ELb1ELt2ELt2ELb1EEEE4sendERKNS_8AudioBusENS_21InterleavedBufferViewIfLt2EEEENKUlPKfT_E_clISt17integral_constantIhLh1EEEEDaSB_SC_
FN:647,647,_ZZNK4lmms6detail16AudioPortsRouterIXtlNS_18AudioPortsSettingsELNS_13AudioDataKindE0ELb1ELt2ELt2ELb1EEEE4sendERKNS_8AudioBusENS_21InterleavedBufferViewIfLt2EEEENKUlPKfT_E_clISt17integral_constantIhLh2EEEEDaSB_SC_
FN:647,647,_ZZNK4lmms6detail16AudioPortsRouterIXtlNS_18AudioPortsSettingsELNS_13AudioDataKindE0ELb1ELt2ELt2ELb1EEEE4sendERKNS_8AudioBusENS_21InterleavedBufferViewIfLt2EEEENKUlPKfT_E_clISt17integral_constantIhLh3EEEEDaSB_SC_
FN:647,647,_ZZNK4lmms6detail16AudioPortsRouterIXtlNS_18AudioPortsSettingsELNS_13AudioDataKindE0ELb1ELt2ELt2ELb1EEEE4sendERKNS_8AudioBusENS_21InterleavedBufferViewIfLt2EEEENKUlPKfT_E_clISt17integral_constantIhLh4EEEEDaSB_SC_
FN:647,647,_ZZNK4lmms6detail16AudioPortsRouterIXtlNS_18AudioPortsSettingsELNS_13AudioDataKindE0ELb1ELt2ELt2ELb1EEEE4sendERKNS_8AudioBusENS_21InterleavedBufferViewIfLt2EEEENKUlPKfT_E_clISt17integral_constantIhLh5EEEEDaSB_SC_
FN:647,647,_ZZNK4lmms6detail16AudioPortsRouterIXtlNS_18AudioPortsSettingsELNS_13AudioDataKindE0ELb1ELt2ELt2ELb1EEEE4sendERKNS_8AudioBusENS_21InterleavedBufferViewIfLt2EEEENKUlPKfT_E_clISt17integral_constantIhLh6EEEEDaSB_SC_
FN:647,647,_ZZNK4lmms6detail16AudioPortsRouterIXtlNS_18AudioPortsSettingsELNS_13AudioDataKindE0ELb1ELt2ELt2ELb1EEEE4sendERKNS_8AudioBusENS_21InterleavedBufferViewIfLt2EEEENKUlPKfT_E_clISt17integral_constantIhLh7EEEEDaSB_SC_
FN:647,647,_ZZNK4lmms6detail16AudioPortsRouterIXtlNS_18AudioPortsSettingsELNS_13AudioDataKindE0ELb1ELt2ELt2ELb1EEEE4sendERKNS_8AudioBusENS_21InterleavedBufferViewIfLt2EEEENKUlPKfT_E_clISt17integral_constantIhLh8EEEEDaSB_SC_
FN:647,647,_ZZNK4lmms6detail16AudioPortsRouterIXtlNS_18AudioPortsSettingsELNS_13AudioDataKindE0ELb1ELt2ELt2ELb1EEEE4sendERKNS_8AudioBusENS_21InterleavedBufferViewIfLt2EEEENKUlPKfT_E_clISt17integral_constantIhLh9EEEEDaSB_SC_
FN:647,647,_ZZNK4lmms6detail16AudioPortsRouterIXtlNS_18AudioPortsSettingsELNS_13AudioDataKindE0ELb1ELt2ELt2ELb1ELb1EEEE4sendERKNS_8AudioBusENS_21InterleavedBufferViewIfLt2EEEENKUlPKfT_E_clISt17integral_constantIhLh10EEEEDaSB_SC_
FN:647,647,_ZZNK4lmms6detail16AudioPortsRouterIXtlNS_18AudioPortsSettingsELNS_13AudioDataKindE0ELb1ELt2ELt2ELb1ELb1EEEE4sendERKNS_8AudioBusENS_21InterleavedBufferViewIfLt2EEEENKUlPKfT_E_clISt17integral_constantIhLh11EEEEDaSB_SC_
FN:647,647,_ZZNK4lmms6detail16AudioPortsRouterIXtlNS_18AudioPortsSettingsELNS_13AudioDataKindE0ELb1ELt2ELt2ELb1ELb1EEEE4sendERKNS_8AudioBusENS_21InterleavedBufferViewIfLt2EEEENKUlPKfT_E_clISt17integral_constantIhLh12EEEEDaSB_SC_
FN:647,647,_ZZNK4lmms6detail16AudioPortsRouterIXtlNS_18AudioPortsSettingsELNS_13AudioDataKindE0ELb1ELt2ELt2ELb1ELb1EEEE4sendERKNS_8AudioBusENS_21InterleavedBufferViewIfLt2EEEENKUlPKfT_E_clISt17integral_constantIhLh13EEEEDaSB_SC_
FN:647,647,_ZZNK4lmms6detail16AudioPortsRouterIXtlNS_18AudioPortsSettingsELNS_13AudioDataKindE0ELb1ELt2ELt2ELb1ELb1EEEE4sendERKNS_8AudioBusENS_21InterleavedBufferViewIfLt2EEEENKUlPKfT_E_clISt17integral_constantIhLh14EEEEDaSB_SC_
FN:647,647,_ZZNK4lmms6detail16AudioPortsRouterIXtlNS_18AudioPortsSettingsELNS_13AudioDataKindE0ELb1ELt2ELt2ELb1ELb1EEEE4sendERKNS_8AudioBusENS_21InterleavedBufferViewIfLt2EEEENKUlPKfT_E_clISt17integral_constantIhLh15EEEEDaSB_SC_
FN:647,647,_ZZNK4lmms6detail16AudioPortsRouterIXtlNS_18AudioPortsSettingsELNS_13AudioDataKindE0ELb1ELt2ELt2ELb1ELb1EEEE4sendERKNS_8AudioBusENS_21InterleavedBufferViewIfLt2EEEENKUlPKfT_E_clISt17integral_constantIhLh1EEEEDaSB_SC_
FN:647,647,_ZZNK4lmms6detail16AudioPortsRouterIXtlNS_18AudioPortsSettingsELNS_13AudioDataKindE0ELb1ELt2ELt2ELb1ELb1EEEE4sendERKNS_8AudioBusENS_21InterleavedBufferViewIfLt2EEEENKUlPKfT_E_clISt17integral_constantIhLh2EEEEDaSB_SC_
FN:647,647,_ZZNK4lmms6detail16AudioPortsRouterIXtlNS_18AudioPortsSettingsELNS_13AudioDataKindE0ELb1ELt2ELt2ELb1ELb1EEEE4sendERKNS_8AudioBusENS_21InterleavedBufferViewIfLt2EEEENKUlPKfT_E_clISt17integral_constantIhLh3EEEEDaSB_SC_
FN:647,647,_ZZNK4lmms6detail16AudioPortsRouterIXtlNS_18AudioPortsSettingsELNS_13AudioDataKindE0ELb1ELt2ELt2ELb1ELb1EEEE4sendERKNS_8AudioBusENS_21InterleavedBufferViewIfLt2EEEENKUlPKfT_E_clISt17integral_constantIhLh4EEEEDaSB_SC_
FN:647,647,_ZZNK4lmms6detail16AudioPortsRouterIXtlNS_18AudioPortsSettingsELNS_13AudioDataKindE0ELb1ELt2ELt2ELb1ELb1EEEE4sendERKNS_8AudioBusENS_21InterleavedBufferViewIfLt2EEEENKUlPKfT_E_clISt17integral_constantIhLh5EEEEDaSB_SC_
FN:647,647,_ZZNK4lmms6detail16AudioPortsRouterIXtlNS_18AudioPortsSettingsELNS_13AudioDataKindE0ELb1ELt2ELt2ELb1ELb1EEEE4sendERKNS_8AudioBusENS_21InterleavedBufferViewIfLt2EEEENKUlPKfT_E_clISt17integral_constantIhLh6EEEEDaSB_SC_
FN:647,647,_ZZNK4lmms6detail16AudioPortsRouterIXtlNS_18AudioPortsSettingsELNS_13AudioDataKindE0ELb1ELt2ELt2ELb1ELb1EEEE4sendERKNS_8AudioBusENS_21InterleavedBufferViewIfLt2EEEENKUlPKfT_E_clISt17integral_constantIhLh7EEEEDaSB_SC_
FN:647,647,_ZZNK4lmms6detail16AudioPortsRouterIXtlNS_18AudioPortsSettingsELNS_13AudioDataKindE0ELb1ELt2ELt2ELb1ELb1EEEE4sendERKNS_8AudioBusENS_21InterleavedBufferViewIfLt2EEEENKUlPKfT_E_clISt17integral_constantIhLh8EEEEDaSB_SC_
FN:647,647,_ZZNK4lmms6detail16AudioPortsRouterIXtlNS_18AudioPortsSettingsELNS_13AudioDataKindE0ELb1ELt2ELt2ELb1ELb1EEEE4sendERKNS_8AudioBusENS_21InterleavedBufferViewIfLt2EEEENKUlPKfT_E_clISt17integral_constantIhLh9EEEEDaSB_SC_
FN:715,811,_ZNK4lmms6detail16AudioPortsRouterIXtlNS_18AudioPortsSettingsELNS_13AudioDataKindE0ELb1ELt2ELt2ELb1EEEE7receiveENS_21InterleavedBufferViewIKfLt2EEERNS_8AudioBusE
FN:715,811,_ZNK4lmms6detail16AudioPortsRouterIXtlNS_18AudioPortsSettingsELNS_13AudioDataKindE0ELb1ELt2ELt2ELb1ELb1EEEE7receiveENS_21InterleavedBufferViewIKfLt2EEERNS_8AudioBusE
FN:734,734,_ZZNK4lmms6detail16AudioPortsRouterIXtlNS_18AudioPortsSettingsELNS_13AudioDataKindE0ELb1ELt2ELt2ELb1EEEE7receiveENS_21InterleavedBufferViewIKfLt2EEERNS_8AudioBusEENKUlPfT_E_clISt17integral_constantIhLh10EEEEDaSA_SB_
FN:734,734,_ZZNK4lmms6detail16AudioPortsRouterIXtlNS_18AudioPortsSettingsELNS_13AudioDataKindE0ELb1ELt2ELt2ELb1EEEE7receiveENS_21InterleavedBufferViewIKfLt2EEERNS_8AudioBusEENKUlPfT_E_clISt17integral_constantIhLh11EEEEDaSA_SB_
FN:734,734,_ZZNK4lmms6detail16AudioPortsRouterIXtlNS_18AudioPortsSettingsELNS_13AudioDataKindE0ELb1ELt2ELt2ELb1EEEE7receiveENS_21InterleavedBufferViewIKfLt2EEERNS_8AudioBusEENKUlPfT_E_clISt17integral_constantIhLh12EEEEDaSA_SB_
FN:734,734,_ZZNK4lmms6detail16AudioPortsRouterIXtlNS_18AudioPortsSettingsELNS_13AudioDataKindE0ELb1ELt2ELt2ELb1EEEE7receiveENS_21InterleavedBufferViewIKfLt2EEERNS_8AudioBusEENKUlPfT_E_clISt17integral_constantIhLh13EEEEDaSA_SB_
FN:734,734,_ZZNK4lmms6detail16AudioPortsRouterIXtlNS_18AudioPortsSettingsELNS_13AudioDataKindE0ELb1ELt2ELt2ELb1EEEE7receiveENS_21InterleavedBufferViewIKfLt2EEERNS_8AudioBusEENKUlPfT_E_clISt17integral_constantIhLh14EEEEDaSA_SB_
FN:734,734,_ZZNK4lmms6detail16AudioPortsRouterIXtlNS_18AudioPortsSettingsELNS_13AudioDataKindE0ELb1ELt2ELt2ELb1EEEE7receiveENS_21InterleavedBufferViewIKfLt2EEERNS_8AudioBusEENKUlPfT_E_clISt17integral_constantIhLh15EEEEDaSA_SB_
FN:734,734,_ZZNK4lmms6detail16AudioPortsRouterIXtlNS_18AudioPortsSettingsELNS_13AudioDataKindE0ELb1ELt2ELt2ELb1EEEE7receiveENS_21InterleavedBufferViewIKfLt2EEERNS_8AudioBusEENKUlPfT_E_clISt17integral_constantIhLh1EEEEDaSA_SB_
FN:734,734,_ZZNK4lmms6detail16AudioPortsRouterIXtlNS_18AudioPortsSettingsELNS_13AudioDataKindE0ELb1ELt2ELt2ELb1EEEE7receiveENS_21InterleavedBufferViewIKfLt2EEERNS_8AudioBusEENKUlPfT_E_clISt17integral_constantIhLh2EEEEDaSA_SB_
FN:734,734,_ZZNK4lmms6detail16AudioPortsRouterIXtlNS_18AudioPortsSettingsELNS_13AudioDataKindE0ELb1ELt2ELt2ELb1EEEE7receiveENS_21InterleavedBufferViewIKfLt2EEERNS_8AudioBusEENKUlPfT_E_clISt17integral_constantIhLh3EEEEDaSA_SB_
FN:734,734,_ZZNK4lmms6detail16AudioPortsRouterIXtlNS_18AudioPortsSettingsELNS_13AudioDataKindE0ELb1ELt2ELt2ELb1EEEE7receiveENS_21InterleavedBufferViewIKfLt2EEERNS_8AudioBusEENKUlPfT_E_clISt17integral_constantIhLh4EEEEDaSA_SB_
FN:734,734,_ZZNK4lmms6detail16AudioPortsRouterIXtlNS_18AudioPortsSettingsELNS_13AudioDataKindE0ELb1ELt2ELt2ELb1EEEE7receiveENS_21InterleavedBufferViewIKfLt2EEERNS_8AudioBusEENKUlPfT_E_clISt17integral_constantIhLh5EEEEDaSA_SB_
FN:734,734,_ZZNK4lmms6detail16AudioPortsRouterIXtlNS_18AudioPortsSettingsELNS_13AudioDataKindE0ELb1ELt2ELt2ELb1EEEE7receiveENS_21InterleavedBufferViewIKfLt2EEERNS_8AudioBusEENKUlPfT_E_clISt17integral_constantIhLh6EEEEDaSA_SB_
FN:734,734,_ZZNK4lmms6detail16AudioPortsRouterIXtlNS_18AudioPortsSettingsELNS_13AudioDataKindE0ELb1ELt2ELt2ELb1EEEE7receiveENS_21InterleavedBufferViewIKfLt2EEERNS_8AudioBusEENKUlPfT_E_clISt17integral_constantIhLh7EEEEDaSA_SB_
FN:734,734,_ZZNK4lmms6detail16AudioPortsRouterIXtlNS_18AudioPortsSettingsELNS_13AudioDataKindE0ELb1ELt2ELt2ELb1EEEE7receiveENS_21InterleavedBufferViewIKfLt2EEERNS_8AudioBusEENKUlPfT_E_clISt17integral_constantIhLh8EEEEDaSA_SB_
FN:734,734,_ZZNK4lmms6detail16AudioPortsRouterIXtlNS_18AudioPortsSettingsELNS_13AudioDataKindE0ELb1ELt2ELt2ELb1EEEE7receiveENS_21InterleavedBufferViewIKfLt2EEERNS_8AudioBusEENKUlPfT_E_clISt17integral_constantIhLh9EEEEDaSA_SB_
FN:734,734,_ZZNK4lmms6detail16AudioPortsRouterIXtlNS_18AudioPortsSettingsELNS_13AudioDataKindE0ELb1ELt2ELt2ELb1ELb1EEEE7receiveENS_21InterleavedBufferViewIKfLt2EEERNS_8AudioBusEENKUlPfT_E_clISt17integral_constantIhLh10EEEEDaSA_SB_
FN:734,734,_ZZNK4lmms6detail16AudioPortsRouterIXtlNS_18AudioPortsSettingsELNS_13AudioDataKindE0ELb1ELt2ELt2ELb1ELb1EEEE7receiveENS_21InterleavedBufferViewIKfLt2EEERNS_8AudioBusEENKUlPfT_E_clISt17integral_constantIhLh11EEEEDaSA_SB_
FN:734,734,_ZZNK4lmms6detail16AudioPortsRouterIXtlNS_18AudioPortsSettingsELNS_13AudioDataKindE0ELb1ELt2ELt2ELb1ELb1EEEE7receiveENS_21InterleavedBufferViewIKfLt2EEERNS_8AudioBusEENKUlPfT_E_clISt17integral_constantIhLh12EEEEDaSA_SB_
FN:734,734,_ZZNK4lmms6detail16AudioPortsRouterIXtlNS_18AudioPortsSettingsELNS_13AudioDataKindE0ELb1ELt2ELt2ELb1ELb1EEEE7receiveENS_21InterleavedBufferViewIKfLt2EEERNS_8AudioBusEENKUlPfT_E_clISt17integral_constantIhLh13EEEEDaSA_SB_
FN:734,734,_ZZNK4lmms6detail16AudioPortsRouterIXtlNS_18AudioPortsSettingsELNS_13AudioDataKindE0ELb1ELt2ELt2ELb1ELb1EEEE7receiveENS_21InterleavedBufferViewIKfLt2EEERNS_8AudioBusEENKUlPfT_E_clISt17integral_constantIhLh14EEEEDaSA_SB_
FN:734,734,_ZZNK4lmms6detail16AudioPortsRouterIXtlNS_18AudioPortsSettingsELNS_13AudioDataKindE0ELb1ELt2ELt2ELb1ELb1EEEE7receiveENS_21InterleavedBufferViewIKfLt2EEERNS_8AudioBusEENKUlPfT_E_clISt17integral_constantIhLh15EEEEDaSA_SB_
FN:734,734,_ZZNK4lmms6detail16AudioPortsRouterIXtlNS_18AudioPortsSettingsELNS_13AudioDataKindE0ELb1ELt2ELt2ELb1ELb1EEEE7receiveENS_21InterleavedBufferViewIKfLt2EEERNS_8AudioBusEENKUlPfT_E_clISt17integral_constantIhLh1EEEEDaSA_SB_
FN:734,734,_ZZNK4lmms6detail16AudioPortsRouterIXtlNS_18AudioPortsSettingsELNS_13AudioDataKindE0ELb1ELt2ELt2ELb1ELb1EEEE7receiveENS_21InterleavedBufferViewIKfLt2EEERNS_8AudioBusEENKUlPfT_E_clISt17integral_constantIhLh2EEEEDaSA_SB_
FN:734,734,_ZZNK4lmms6detail16AudioPortsRouterIXtlNS_18AudioPortsSettingsELNS_13AudioDataKindE0ELb1ELt2ELt2ELb1ELb1EEEE7receiveENS_21InterleavedBufferViewIKfLt2EEERNS_8AudioBusEENKUlPfT_E_clISt17integral_constantIhLh3EEEEDaSA_SB_
FN:734,734,_ZZNK4lmms6detail16AudioPortsRouterIXtlNS_18AudioPortsSettingsELNS_13AudioDataKindE0ELb1ELt2ELt2ELb1ELb1EEEE7receiveENS_21InterleavedBufferViewIKfLt2EEERNS_8AudioBusEENKUlPfT_E_clISt17integral_constantIhLh4EEEEDaSA_SB_
FN:734,734,_ZZNK4lmms6detail16AudioPortsRouterIXtlNS_18AudioPortsSettingsELNS_13AudioDataKindE0ELb1ELt2ELt2ELb1ELb1EEEE7receiveENS_21InterleavedBufferViewIKfLt2EEERNS_8AudioBusEENKUlPfT_E_clISt17integral_constantIhLh5EEEEDaSA_SB_
FN:734,734,_ZZNK4lmms6detail16AudioPortsRouterIXtlNS_18AudioPortsSettingsELNS_13AudioDataKindE0ELb1ELt2ELt2ELb1ELb1EEEE7receiveENS_21InterleavedBufferViewIKfLt2EEERNS_8AudioBusEENKUlPfT_E_clISt17integral_constantIhLh6EEEEDaSA_SB_
FN:734,734,_ZZNK4lmms6detail16AudioPortsRouterIXtlNS_18AudioPortsSettingsELNS_13AudioDataKindE0ELb1ELt2ELt2ELb1ELb1EEEE7receiveENS_21InterleavedBufferViewIKfLt2EEERNS_8AudioBusEENKUlPfT_E_clISt17integral_constantIhLh7EEEEDaSA_SB_
FN:734,734,_ZZNK4lmms6detail16AudioPortsRouterIXtlNS_18AudioPortsSettingsELNS_13AudioDataKindE0ELb1ELt2ELt2ELb1ELb1EEEE7receiveENS_21InterleavedBufferViewIKfLt2EEERNS_8AudioBusEENKUlPfT_E_clISt17integral_constantIhLh8EEEEDaSA_SB_
FN:734,734,_ZZNK4lmms6detail16AudioPortsRouterIXtlNS_18AudioPortsSettingsELNS_13AudioDataKindE0ELb1ELt2ELt2ELb1ELb1EEEE7receiveENS_21InterleavedBufferViewIKfLt2EEERNS_8AudioBusEENKUlPfT_E_clISt17integral_constantIhLh9EEEEDaSA_SB_
FN:815,859,_ZN4lmms6detail16AudioPortsRouterIXtlNS_18AudioPortsSettingsELNS_13AudioDataKindE0ELb0ELt0ELt2ELb0ELb1EEEE15processNormallyIZNS0_11AudioPluginINS_10InstrumentEXtlS2_LS3_0ELb0ELt0ELt2ELb0ELb1EEENS_22ConfigurableAudioPortsIXtlS2_LS3_0ELb0ELt0ELt2ELb0ELb1EEENS_22PluginAudioPortsBufferEEEE8playImplESt4spanINS_11SampleFrameELm18446744073709551615EEEUlDpT_E_EENS_13ProcessStatusERNS_8AudioBusERNS0_16AudioPortsBufferIXtlS2_LS3_0ELb0ELt0ELt2ELb0ELb1EEEXdtL_Z78_ZTAXtlN4lmms18AudioPortsSettingsELNS_13AudioDataKindE0ELb0ELt0ELt2ELb0ELb1EEEE7inplaceEEEOT_
FN:815,859,_ZN4lmms6detail16AudioPortsRouterIXtlNS_18AudioPortsSettingsELNS_13AudioDataKindE0ELb0ELt65535ELt65535ELb0ELb1EEEE15processNormallyIZNS0_11AudioPluginINS_10InstrumentEXtlS2_LS3_0ELb0ELt65535ELt65535ELb0ELb1EEENS_17VestigeAudioPortsEE8playImplESt4spanINS_11SampleFrameELm18446744073709551615EEEUlDpT_E_EENS_13ProcessStatusERNS_8AudioBusERNS0_16AudioPortsBufferIXtlS2_LS3_0ELb0ELt65535ELt65535ELb0ELb1EEEXdtL_Z86_ZTAXtlN4lmms18AudioPortsSettingsELNS_13AudioDataKindE0ELb0ELt65535ELt65535ELb0ELb1EEEE7inplaceEEEOT_
FN:815,859,_ZN4lmms6detail16AudioPortsRouterIXtlNS_18AudioPortsSettingsELNS_13AudioDataKindE0ELb0ELt65535ELt65535ELb0ELb1EEEE15processNormallyIZNS0_11AudioPluginINS_6EffectEXtlS2_LS3_0ELb0ELt65535ELt65535ELb0ELb1EEENS_19VstEffectAudioPortsEE11processImplEPNS_11SampleFrameEmEUlDpT_E_EENS_13ProcessStatusERNS_8AudioBusERNS0_16AudioPortsBufferIXtlS2_LS3_0ELb0ELt65535ELt65535ELb0ELb1EEEXdtL_Z86_ZTAXtlN4lmms18AudioPortsSettingsELNS_13AudioDataKindE0ELb0ELt65535ELt65535ELb0ELb1EEEE7inplaceEEEOT_
FN:815,859,_ZN4lmms6detail16AudioPortsRouterIXtlNS_18AudioPortsSettingsELNS_13AudioDataKindE0ELb0ELt65535ELt65535ELb0ELb1EEEE15processNormallyIZNS0_11AudioPluginINS_6EffectEXtlS2_LS3_0ELb0ELt65535ELt65535ELb0ELb1EEENS_19VstEffectAudioPortsEE18processAudioBufferERNS_8AudioBusEEUlDpT_E_EENS_13ProcessStatusESB_RNS0_16AudioPortsBufferIXtlS2_LS3_0ELb0ELt65535ELt65535ELb0ELb1EEEXdtL_Z86_ZTAXtlN4lmms18AudioPortsSettingsELNS_13AudioDataKindE0ELb0ELt65535ELt65535ELb0ELb1EEEE7inplaceEEEOT_
FN:815,859,_ZN4lmms6detail16AudioPortsRouterIXtlNS_18AudioPortsSettingsELNS_13AudioDataKindE0ELb1ELt2ELt0ELb1EEEE15processNormallyIZNS0_11AudioPluginINS_6EffectEXtlS2_LS3_0ELb1ELt2ELt0ELb1EEENS0_16PluginAudioPortsIXtlS2_LS3_0ELb1ELt2ELt0ELb1EEENS_22PluginAudioPortsBufferEEEE11processImplEPNS_11SampleFrameEmEUlDpT_E_EENS_13ProcessStatusERNS_8AudioBusERNS0_16AudioPortsBufferIXtlS2_LS3_0ELb1ELt2ELt0ELb1EEEXdtL_Z74_ZTAXtlN4lmms18AudioPortsSettingsELNS_13AudioDataKindE0ELb1ELt2ELt0ELb1EEEE7inplaceEEEOT_
FN:815,859,_ZN4lmms6detail16AudioPortsRouterIXtlNS_18AudioPortsSettingsELNS_13AudioDataKindE0ELb1ELt2ELt0ELb1EEEE15processNormallyIZNS0_11AudioPluginINS_6EffectEXtlS2_LS3_0ELb1ELt2ELt0ELb1EEENS0_16PluginAudioPortsIXtlS2_LS3_0ELb1ELt2ELt0ELb1EEENS_22PluginAudioPortsBufferEEEE18processAudioBufferERNS_8AudioBusEEUlDpT_E_EENS_13ProcessStatusESD_RNS0_16AudioPortsBufferIXtlS2_LS3_0ELb1ELt2ELt0ELb1EEEXdtL_Z74_ZTAXtlN4lmms18AudioPortsSettingsELNS_13AudioDataKindE0ELb1ELt2ELt0ELb1EEEE7inplaceEEEOT_
FN:815,859,_ZN4lmms6detail16AudioPortsRouterIXtlNS_18AudioPortsSettingsELNS_13AudioDataKindE0ELb1ELt2ELt2ELb1EEEE15processNormallyIZNS0_11AudioPluginINS_6EffectEXtlS2_LS3_0ELb1ELt2ELt2ELb1EEENS0_16PluginAudioPortsIXtlS2_LS3_0ELb1ELt2ELt2ELb1EEENS_22PluginAudioPortsBufferEEEE11processImplEPNS_11SampleFrameEmEUlDpT_E_EENS_13ProcessStatusERNS_8AudioBusERNS0_16AudioPortsBufferIXtlS2_LS3_0ELb1ELt2ELt2ELb1EEEXdtL_Z74_ZTAXtlN4lmms18AudioPortsSettingsELNS_13AudioDataKindE0ELb1ELt2ELt2ELb1EEEE7inplaceEEEOT_
FN:815,859,_ZN4lmms6detail16AudioPortsRouterIXtlNS_18AudioPortsSettingsELNS_13AudioDataKindE0ELb1ELt2ELt2ELb1EEEE15processNormallyIZNS0_11AudioPluginINS_6EffectEXtlS2_LS3_0ELb1ELt2ELt2ELb1EEENS0_16PluginAudioPortsIXtlS2_LS3_0ELb1ELt2ELt2ELb1EEENS_22PluginAudioPortsBufferEEEE18processAudioBufferERNS_8AudioBusEEUlDpT_E_EENS_13ProcessStatusESD_RNS0_16AudioPortsBufferIXtlS2_LS3_0ELb1ELt2ELt2ELb1EEEXdtL_Z74_ZTAXtlN4lmms18AudioPortsSettingsELNS_13AudioDataKindE0ELb1ELt2ELt2ELb1EEEE7inplaceEEEOT_
FN:815,859,_ZN4lmms6detail16AudioPortsRouterIXtlNS_18AudioPortsSettingsELNS_13AudioDataKindE0ELb1ELt2ELt2ELb1ELb1EEEE15processNormallyIZN20PluginAudioPortsTest28sendRoutesAllPinCombinationsEvEUlT_E_EENS_13ProcessStatusERNS_8AudioBusERNS0_16AudioPortsBufferIXtlS2_LS3_0ELb1ELt2ELt2ELb1ELb1EEEXdtL_Z78_ZTAXtlN4lmms18AudioPortsSettingsELNS_13AudioDataKindE0ELb1ELt2ELt2ELb1ELb1EEEE7inplaceEEEOS7_
FN:815,859,_ZN4lmms6detail16AudioPortsRouterIXtlNS_18AudioPortsSettingsELNS_13AudioDataKindE0ELb1ELt2ELt2ELb1ELb1EEEE15processNormallyIZN20PluginAudioPortsTest31receiveRoutesAllPinCombinationsEvEUlT_E_EENS_13ProcessStatusERNS_8AudioBusERNS0_16AudioPortsBufferIXtlS2_LS3_0ELb1ELt2ELt2ELb1ELb1EEEXdtL_Z78_ZTAXtlN4lmms18AudioPortsSettingsELNS_13AudioDataKindE0ELb1ELt2ELt2ELb1ELb1EEEE7inplaceEEEOS7_
FN:863,986,_ZN4lmms6detail16AudioPortsRouterIXtlNS_18AudioPortsSettingsELNS_13AudioDataKindE0ELb1ELt2ELt0ELb1EEEE24processWithDirectRoutingIZNS0_11AudioPluginINS_6EffectEXtlS2_LS3_0ELb1ELt2ELt0ELb1EEENS0_16PluginAudioPortsIXtlS2_LS3_0ELb1ELt2ELt0ELb1EEENS_22PluginAudioPortsBufferEEEE11processImplEPNS_11SampleFrameEmEUlDpT_E_EENS_13ProcessStatusENS_21InterleavedBufferViewIfLt2EEERNS0_16AudioPortsBufferIXtlS2_LS3_0ELb1ELt2ELt0ELb1EEEXdtL_Z74_ZTAXtlN4lmms18AudioPortsSettingsELNS_13AudioDataKindE0ELb1ELt2ELt0ELb1EEEE7inplaceEEEOT_
FN:863,986,_ZN4lmms6detail16AudioPortsRouterIXtlNS_18AudioPortsSettingsELNS_13AudioDataKindE0ELb1ELt2ELt0ELb1EEEE24processWithDirectRoutingIZNS0_11AudioPluginINS_6EffectEXtlS2_LS3_0ELb1ELt2ELt0ELb1EEENS0_16PluginAudioPortsIXtlS2_LS3_0ELb1ELt2ELt0ELb1EEENS_22PluginAudioPortsBufferEEEE18processAudioBufferERNS_8AudioBusEEUlDpT_E_EENS_13ProcessStatusENS_21InterleavedBufferViewIfLt2EEERNS0_16AudioPortsBufferIXtlS2_LS3_0ELb1ELt2ELt0ELb1EEEXdtL_Z74_ZTAXtlN4lmms18AudioPortsSettingsELNS_13AudioDataKindE0ELb1ELt2ELt0ELb1EEEE7inplaceEEEOT_
FN:863,986,_ZN4lmms6detail16AudioPortsRouterIXtlNS_18AudioPortsSettingsELNS_13AudioDataKindE0ELb1ELt2ELt2ELb1EEEE24processWithDirectRoutingIZNS0_11AudioPluginINS_6EffectEXtlS2_LS3_0ELb1ELt2ELt2ELb1EEENS0_16PluginAudioPortsIXtlS2_LS3_0ELb1ELt2ELt2ELb1EEENS_22PluginAudioPortsBufferEEEE11processImplEPNS_11SampleFrameEmEUlDpT_E_EENS_13ProcessStatusENS_21InterleavedBufferViewIfLt2EEERNS0_16AudioPortsBufferIXtlS2_LS3_0ELb1ELt2ELt2ELb1EEEXdtL_Z74_ZTAXtlN4lmms18AudioPortsSettingsELNS_13AudioDataKindE0ELb1ELt2ELt2ELb1EEEE7inplaceEEEOT_
FN:863,986,_ZN4lmms6detail16AudioPortsRouterIXtlNS_18AudioPortsSettingsELNS_13AudioDataKindE0ELb1ELt2ELt2ELb1EEEE24processWithDirectRoutingIZNS0_11AudioPluginINS_6EffectEXtlS2_LS3_0ELb1ELt2ELt2ELb1EEENS0_16PluginAudioPortsIXtlS2_LS3_0ELb1ELt2ELt2ELb1EEENS_22PluginAudioPortsBufferEEEE18processAudioBufferERNS_8AudioBusEEUlDpT_E_EENS_13ProcessStatusENS_21InterleavedBufferViewIfLt2EEERNS0_16AudioPortsBufferIXtlS2_LS3_0ELb1ELt2ELt2ELb1EEEXdtL_Z74_ZTAXtlN4lmms18AudioPortsSettingsELNS_13AudioDataKindE0ELb1ELt2ELt2ELb1EEEE7inplaceEEEOT_
FN:863,986,_ZN4lmms6detail16AudioPortsRouterIXtlNS_18AudioPortsSettingsELNS_13AudioDataKindE0ELb1ELt2ELt2ELb1ELb1EEEE24processWithDirectRoutingIZN20PluginAudioPortsTest28sendRoutesAllPinCombinationsEvEUlT_E_EENS_13ProcessStatusENS_21InterleavedBufferViewIfLt2EEERNS0_16AudioPortsBufferIXtlS2_LS3_0ELb1ELt2ELt2ELb1ELb1EEEXdtL_Z78_ZTAXtlN4lmms18AudioPortsSettingsELNS_13AudioDataKindE0ELb1ELt2ELt2ELb1ELb1EEEE7inplaceEEEOS7_
FN:863,986,_ZN4lmms6detail16AudioPortsRouterIXtlNS_18AudioPortsSettingsELNS_13AudioDataKindE0ELb1ELt2ELt2ELb1ELb1EEEE24processWithDirectRoutingIZN20PluginAudioPortsTest31receiveRoutesAllPinCombinationsEvEUlT_E_EENS_13ProcessStatusENS_21InterleavedBufferViewIfLt2EEERNS0_16AudioPortsBufferIXtlS2_LS3_0ELb1ELt2ELt2ELb1ELb1EEEXdtL_Z78_ZTAXtlN4lmms18AudioPortsSettingsELNS_13AudioDataKindE0ELb1ELt2ELt2ELb1ELb1EEEE7inplaceEEEOS7_
FNDA:0,_ZN4lmms6detail20AudioPortsBufferBaseD0Ev
FNDA:55,_ZN4lmms6detail20AudioPortsBufferBaseD2Ev
FNDA:0,_ZN4lmms6detail16AudioPortsRouterIXtlNS_18AudioPortsSettingsELNS_13AudioDataKindE0ELb0ELt65535ELt65535ELb0ELb1EEEEC2ERNS_10AudioPortsIXtlS2_LS3_0ELb0ELt65535ELt65535ELb0ELb1EEEEE
FNDA:0,_ZN4lmms6detail16AudioPortsRouterIXtlNS_18AudioPortsSettingsELNS_13AudioDataKindE0ELb1ELt2ELt0ELb1EEEEC2ERNS_10AudioPortsIXtlS2_LS3_0ELb1ELt2ELt0ELb1EEEEE
FNDA:1476,_ZN4lmms6detail16AudioPortsRouterIXtlNS_18AudioPortsSettingsELNS_13AudioDataKindE0ELb1ELt2ELt2ELb1EEEEC2ERNS_10AudioPortsIXtlS2_LS3_0ELb1ELt2ELt2ELb1EEEEE
FNDA:32,_ZN4lmms6detail16AudioPortsRouterIXtlNS_18AudioPortsSettingsELNS_13AudioDataKindE0ELb1ELt2ELt2ELb1ELb1EEEEC2ERNS_10AudioPortsIXtlS2_LS3_0ELb1ELt2ELt2ELb1ELb1EEEEE
FNDA:0,_ZN4lmms6detail16AudioPortsRouterIXtlNS_18AudioPortsSettingsELNS_13AudioDataKindE0ELb0ELt0ELt2ELb0ELb1EEEE7processIZNS0_11AudioPluginINS_10InstrumentEXtlS2_LS3_0ELb0ELt0ELt2ELb0ELb1EEENS_22ConfigurableAudioPortsIXtlS2_LS3_0ELb0ELt0ELt2ELb0ELb1EEENS_22PluginAudioPortsBufferEEEE8playImplESt4spanINS_11SampleFrameELm18446744073709551615EEEUlDpT_E_EENS_13ProcessStatusERNS_8AudioBusEOT_
FNDA:0,_ZN4lmms6detail16AudioPortsRouterIXtlNS_18AudioPortsSettingsELNS_13AudioDataKindE0ELb0ELt65535ELt65535ELb0ELb1EEEE7processIZNS0_11AudioPluginINS_10InstrumentEXtlS2_LS3_0ELb0ELt65535ELt65535ELb0ELb1EEENS_17VestigeAudioPortsEE8playImplESt4spanINS_11SampleFrameELm18446744073709551615EEEUlDpT_E_EENS_13ProcessStatusERNS_8AudioBusEOT_
FNDA:0,_ZN4lmms6detail16AudioPortsRouterIXtlNS_18AudioPortsSettingsELNS_13AudioDataKindE0ELb0ELt65535ELt65535ELb0ELb1EEEE7processIZNS0_11AudioPluginINS_6EffectEXtlS2_LS3_0ELb0ELt65535ELt65535ELb0ELb1EEENS_19VstEffectAudioPortsEE11processImplEPNS_11SampleFrameEmEUlDpT_E_EENS_13ProcessStatusERNS_8AudioBusEOT_
FNDA:0,_ZN4lmms6detail16AudioPortsRouterIXtlNS_18AudioPortsSettingsELNS_13AudioDataKindE0ELb0ELt65535ELt65535ELb0ELb1EEEE7processIZNS0_11AudioPluginINS_6EffectEXtlS2_LS3_0ELb0ELt65535ELt65535ELb0ELb1EEENS_19VstEffectAudioPortsEE18processAudioBufferERNS_8AudioBusEEUlDpT_E_EENS_13ProcessStatusESB_OT_
FNDA:0,_ZN4lmms6detail16AudioPortsRouterIXtlNS_18AudioPortsSettingsELNS_13AudioDataKindE0ELb1ELt2ELt0ELb1EEEE7processIZNS0_11AudioPluginINS_6EffectEXtlS2_LS3_0ELb1ELt2ELt0ELb1EEENS0_16PluginAudioPortsIXtlS2_LS3_0ELb1ELt2ELt0ELb1EEENS_22PluginAudioPortsBufferEEEE11processImplEPNS_11SampleFrameEmEUlDpT_E_EENS_13ProcessStatusERNS_8AudioBusEOT_
FNDA:0,_ZN4lmms6detail16AudioPortsRouterIXtlNS_18AudioPortsSettingsELNS_13AudioDataKindE0ELb1ELt2ELt0ELb1EEEE7processIZNS0_11AudioPluginINS_6EffectEXtlS2_LS3_0ELb1ELt2ELt0ELb1EEENS0_16PluginAudioPortsIXtlS2_LS3_0ELb1ELt2ELt0ELb1EEENS_22PluginAudioPortsBufferEEEE18processAudioBufferERNS_8AudioBusEEUlDpT_E_EENS_13ProcessStatusESD_OT_
FNDA:1,_ZN4lmms6detail16AudioPortsRouterIXtlNS_18AudioPortsSettingsELNS_13AudioDataKindE0ELb1ELt2ELt2ELb1EEEE7processIZNS0_11AudioPluginINS_6EffectEXtlS2_LS3_0ELb1ELt2ELt2ELb1EEENS0_16PluginAudioPortsIXtlS2_LS3_0ELb1ELt2ELt2ELb1EEENS_22PluginAudioPortsBufferEEEE11processImplEPNS_11SampleFrameEmEUlDpT_E_EENS_13ProcessStatusERNS_8AudioBusEOT_
FNDA:1475,_ZN4lmms6detail16AudioPortsRouterIXtlNS_18AudioPortsSettingsELNS_13AudioDataKindE0ELb1ELt2ELt2ELb1EEEE7processIZNS0_11AudioPluginINS_6EffectEXtlS2_LS3_0ELb1ELt2ELt2ELb1EEENS0_16PluginAudioPortsIXtlS2_LS3_0ELb1ELt2ELt2ELb1EEENS_22PluginAudioPortsBufferEEEE18processAudioBufferERNS_8AudioBusEEUlDpT_E_EENS_13ProcessStatusESD_OT_
FNDA:16,_ZN4lmms6detail16AudioPortsRouterIXtlNS_18AudioPortsSettingsELNS_13AudioDataKindE0ELb1ELt2ELt2ELb1ELb1EEEE7processIZN20PluginAudioPortsTest28sendRoutesAllPinCombinationsEvEUlT_E_EENS_13ProcessStatusERNS_8AudioBusEOS7_
FNDA:16,_ZN4lmms6detail16AudioPortsRouterIXtlNS_18AudioPortsSettingsELNS_13AudioDataKindE0ELb1ELt2ELt2ELb1ELb1EEEE7processIZN20PluginAudioPortsTest31receiveRoutesAllPinCombinationsEvEUlT_E_EENS_13ProcessStatusERNS_8AudioBusEOS7_
FNDA:0,_ZNK4lmms6detail16AudioPortsRouterIXtlNS_18AudioPortsSettingsELNS_13AudioDataKindE0ELb0ELt65535ELt65535ELb0ELb1EEEE12silentOutputEv
FNDA:0,_ZNK4lmms6detail16AudioPortsRouterIXtlNS_18AudioPortsSettingsELNS_13AudioDataKindE0ELb1ELt2ELt0ELb1EEEE12silentOutputEv
FNDA:1408,_ZNK4lmms6detail16AudioPortsRouterIXtlNS_18AudioPortsSettingsELNS_13AudioDataKindE0ELb1ELt2ELt2ELb1EEEE12silentOutputEv
FNDA:2,_ZN4lmms10AudioPortsIXtlNS_18AudioPortsSettingsELNS_13AudioDataKindE0ELb0ELt0ELt2ELb0ELb1EEEEC2EbPNS_5ModelE
FNDA:2,_ZN4lmms10AudioPortsIXtlNS_18AudioPortsSettingsELNS_13AudioDataKindE0ELb0ELt1ELt1ELb1ELb1EEEEC2EbPNS_5ModelE
FNDA:2,_ZN4lmms10AudioPortsIXtlNS_18AudioPortsSettingsELNS_13AudioDataKindE0ELb0ELt4ELt4ELb1ELb1EEEEC2EbPNS_5ModelE
FNDA:11,_ZN4lmms10AudioPortsIXtlNS_18AudioPortsSettingsELNS_13AudioDataKindE0ELb0ELt65535ELt65535ELb0ELb1EEEEC2EbPNS_5ModelE
FNDA:2,_ZN4lmms10AudioPortsIXtlNS_18AudioPortsSettingsELNS_13AudioDataKindE0ELb1ELt2ELt0ELb1EEEEC2EbPNS_5ModelE
FNDA:32,_ZN4lmms10AudioPortsIXtlNS_18AudioPortsSettingsELNS_13AudioDataKindE0ELb1ELt2ELt2ELb1EEEEC2EbPNS_5ModelE
FNDA:5,_ZN4lmms10AudioPortsIXtlNS_18AudioPortsSettingsELNS_13AudioDataKindE0ELb1ELt2ELt2ELb1ELb1EEEEC2EbPNS_5ModelE
FNDA:5,_ZN4lmms10AudioPortsIXtlNS_18AudioPortsSettingsELNS_13AudioDataKindE0ELb0ELt0ELt2ELb0ELb1EEEE4initEv
FNDA:1,_ZN4lmms10AudioPortsIXtlNS_18AudioPortsSettingsELNS_13AudioDataKindE0ELb0ELt1ELt1ELb1ELb1EEEE4initEv
FNDA:1,_ZN4lmms10AudioPortsIXtlNS_18AudioPortsSettingsELNS_13AudioDataKindE0ELb0ELt4ELt4ELb1ELb1EEEE4initEv
FNDA:1,_ZN4lmms10AudioPortsIXtlNS_18AudioPortsSettingsELNS_13AudioDataKindE0ELb0ELt65535ELt65535ELb0ELb1EEEE4initEv
FNDA:2,_ZN4lmms10AudioPortsIXtlNS_18AudioPortsSettingsELNS_13AudioDataKindE0ELb1ELt2ELt0ELb1EEEE4initEv
FNDA:32,_ZN4lmms10AudioPortsIXtlNS_18AudioPortsSettingsELNS_13AudioDataKindE0ELb1ELt2ELt2ELb1EEEE4initEv
FNDA:3,_ZN4lmms10AudioPortsIXtlNS_18AudioPortsSettingsELNS_13AudioDataKindE0ELb1ELt2ELt2ELb1ELb1EEEE4initEv
FNDA:0,_ZNK4lmms10AudioPortsIXtlNS_18AudioPortsSettingsELNS_13AudioDataKindE0ELb0ELt0ELt2ELb0ELb1EEEE6activeEv
FNDA:2,_ZNK4lmms10AudioPortsIXtlNS_18AudioPortsSettingsELNS_13AudioDataKindE0ELb0ELt1ELt1ELb1ELb1EEEE6activeEv
FNDA:1,_ZNK4lmms10AudioPortsIXtlNS_18AudioPortsSettingsELNS_13AudioDataKindE0ELb0ELt4ELt4ELb1ELb1EEEE6activeEv
FNDA:4,_ZNK4lmms10AudioPortsIXtlNS_18AudioPortsSettingsELNS_13AudioDataKindE0ELb0ELt65535ELt65535ELb0ELb1EEEE6activeEv
FNDA:0,_ZNK4lmms10AudioPortsIXtlNS_18AudioPortsSettingsELNS_13AudioDataKindE0ELb1ELt2ELt0ELb1EEEE6activeEv
FNDA:2954,_ZNK4lmms10AudioPortsIXtlNS_18AudioPortsSettingsELNS_13AudioDataKindE0ELb1ELt2ELt2ELb1EEEE6activeEv
FNDA:39,_ZNK4lmms10AudioPortsIXtlNS_18AudioPortsSettingsELNS_13AudioDataKindE0ELb1ELt2ELt2ELb1ELb1EEEE6activeEv
FNDA:2,_ZNK4lmms10AudioPortsIXtlNS_18AudioPortsSettingsELNS_13AudioDataKindE0ELb0ELt1ELt1ELb1ELb1EEEE12constBuffersEv
FNDA:1,_ZNK4lmms10AudioPortsIXtlNS_18AudioPortsSettingsELNS_13AudioDataKindE0ELb0ELt4ELt4ELb1ELb1EEEE12constBuffersEv
FNDA:2,_ZNK4lmms10AudioPortsIXtlNS_18AudioPortsSettingsELNS_13AudioDataKindE0ELb0ELt65535ELt65535ELb0ELb1EEEE12constBuffersEv
FNDA:0,_ZNK4lmms10AudioPortsIXtlNS_18AudioPortsSettingsELNS_13AudioDataKindE0ELb1ELt2ELt0ELb1EEEE12constBuffersEv
FNDA:2954,_ZNK4lmms10AudioPortsIXtlNS_18AudioPortsSettingsELNS_13AudioDataKindE0ELb1ELt2ELt2ELb1EEEE12constBuffersEv
FNDA:41,_ZNK4lmms10AudioPortsIXtlNS_18AudioPortsSettingsELNS_13AudioDataKindE0ELb1ELt2ELt2ELb1ELb1EEEE12constBuffersEv
FNDA:0,_ZNK4lmms10AudioPortsIXtlNS_18AudioPortsSettingsELNS_13AudioDataKindE0ELb0ELt65535ELt65535ELb0ELb1EEEE5modelEv
FNDA:0,_ZNK4lmms10AudioPortsIXtlNS_18AudioPortsSettingsELNS_13AudioDataKindE0ELb1ELt2ELt0ELb1EEEE5modelEv
FNDA:2,_ZNK4lmms10AudioPortsIXtlNS_18AudioPortsSettingsELNS_13AudioDataKindE0ELb1ELt2ELt2ELb1EEEE5modelEv
FNDA:2,_ZNK4lmms10AudioPortsIXtlNS_18AudioPortsSettingsELNS_13AudioDataKindE0ELb1ELt2ELt2ELb1ELb1EEEE5modelEv
FNDA:0,_ZN4lmms10AudioPortsIXtlNS_18AudioPortsSettingsELNS_13AudioDataKindE0ELb0ELt65535ELt65535ELb0ELb1EEEE9getRouterEv
FNDA:0,_ZN4lmms10AudioPortsIXtlNS_18AudioPortsSettingsELNS_13AudioDataKindE0ELb1ELt2ELt0ELb1EEEE9getRouterEv
FNDA:1476,_ZN4lmms10AudioPortsIXtlNS_18AudioPortsSettingsELNS_13AudioDataKindE0ELb1ELt2ELt2ELb1EEEE9getRouterEv
FNDA:32,_ZN4lmms10AudioPortsIXtlNS_18AudioPortsSettingsELNS_13AudioDataKindE0ELb1ELt2ELt2ELb1ELb1EEEE9getRouterEv
FNDA:0,_ZN4lmms16CustomAudioPortsIXtlNS_18AudioPortsSettingsELNS_13AudioDataKindE0ELb0ELt0ELt2ELb0ELb1EEEE24bufferPropertiesChangingEttm
FNDA:10,_ZN4lmms16CustomAudioPortsIXtlNS_18AudioPortsSettingsELNS_13AudioDataKindE0ELb0ELt65535ELt65535ELb0ELb1EEEE24bufferPropertiesChangingEttm
FNDA:0,_ZN4lmms6detail13convertSampleIffEET_T0_
FNDA:0,_ZNK4lmms6detail16AudioPortsRouterIXtlNS_18AudioPortsSettingsELNS_13AudioDataKindE0ELb0ELt65535ELt65535ELb0ELb1EEEE4sendERKNS_8AudioBusENS_16PlanarBufferViewIfLt65535EEE
FNDA:0,_ZNK4lmms6detail16AudioPortsRouterIXtlNS_18AudioPortsSettingsELNS_13AudioDataKindE0ELb0ELt0ELt2ELb0ELb1EEEE7receiveENS_16PlanarBufferViewIKfLt2EEERNS_8AudioBusE
FNDA:0,_ZNK4lmms6detail16AudioPortsRouterIXtlNS_18AudioPortsSettingsELNS_13AudioDataKindE0ELb0ELt65535ELt65535ELb0ELb1EEEE7receiveENS_16PlanarBufferViewIKfLt65535EEERNS_8AudioBusE
FNDA:0,_ZZNK4lmms6detail16AudioPortsRouterIXtlNS_18AudioPortsSettingsELNS_13AudioDataKindE0ELb0ELt0ELt2ELb0ELb1EEEE7receiveENS_16PlanarBufferViewIKfLt2EEERNS_8AudioBusEENKUlPftT_E_clISt17integral_constantIhLh1EEEEDaSA_tSB_
FNDA:0,_ZZNK4lmms6detail16AudioPortsRouterIXtlNS_18AudioPortsSettingsELNS_13AudioDataKindE0ELb0ELt0ELt2ELb0ELb1EEEE7receiveENS_16PlanarBufferViewIKfLt2EEERNS_8AudioBusEENKUlPftT_E_clISt17integral_constantIhLh2EEEEDaSA_tSB_
FNDA:0,_ZZNK4lmms6detail16AudioPortsRouterIXtlNS_18AudioPortsSettingsELNS_13AudioDataKindE0ELb0ELt0ELt2ELb0ELb1EEEE7receiveENS_16PlanarBufferViewIKfLt2EEERNS_8AudioBusEENKUlPftT_E_clISt17integral_constantIhLh3EEEEDaSA_tSB_
FNDA:0,_ZZNK4lmms6detail16AudioPortsRouterIXtlNS_18AudioPortsSettingsELNS_13AudioDataKindE0ELb0ELt65535ELt65535ELb0ELb1EEEE7receiveENS_16PlanarBufferViewIKfLt65535EEERNS_8AudioBusEENKUlPftT_E_clISt17integral_constantIhLh1EEEEDaSA_tSB_
FNDA:0,_ZZNK4lmms6detail16AudioPortsRouterIXtlNS_18AudioPortsSettingsELNS_13AudioDataKindE0ELb0ELt65535ELt65535ELb0ELb1EEEE7receiveENS_16PlanarBufferViewIKfLt65535EEERNS_8AudioBusEENKUlPftT_E_clISt17integral_constantIhLh2EEEEDaSA_tSB_
FNDA:0,_ZZNK4lmms6detail16AudioPortsRouterIXtlNS_18AudioPortsSettingsELNS_13AudioDataKindE0ELb0ELt65535ELt65535ELb0ELb1EEEE7receiveENS_16PlanarBufferViewIKfLt65535EEERNS_8AudioBusEENKUlPftT_E_clISt17integral_constantIhLh3EEEEDaSA_tSB_
FNDA:0,_ZNK4lmms6detail16AudioPortsRouterIXtlNS_18AudioPortsSettingsELNS_13AudioDataKindE0ELb1ELt2ELt0ELb1EEEE4sendERKNS_8AudioBusENS_21InterleavedBufferViewIfLt2EEE
FNDA:0,_ZNK4lmms6detail16AudioPortsRouterIXtlNS_18AudioPortsSettingsELNS_13AudioDataKindE0ELb1ELt2ELt2ELb1EEEE4sendERKNS_8AudioBusENS_21InterleavedBufferViewIfLt2EEE
FNDA:32,_ZNK4lmms6detail16AudioPortsRouterIXtlNS_18AudioPortsSettingsELNS_13AudioDataKindE0ELb1ELt2ELt2ELb1ELb1EEEE4sendERKNS_8AudioBusENS_21InterleavedBufferViewIfLt2EEE
FNDA:0,_ZZNK4lmms6detail16AudioPortsRouterIXtlNS_18AudioPortsSettingsELNS_13AudioDataKindE0ELb1ELt2ELt0ELb1EEEE4sendERKNS_8AudioBusENS_21InterleavedBufferViewIfLt2EEEENKUlPKfT_E_clISt17integral_constantIhLh10EEEEDaSB_SC_
FNDA:0,_ZZNK4lmms6detail16AudioPortsRouterIXtlNS_18AudioPortsSettingsELNS_13AudioDataKindE0ELb1ELt2ELt0ELb1EEEE4sendERKNS_8AudioBusENS_21InterleavedBufferViewIfLt2EEEENKUlPKfT_E_clISt17integral_constantIhLh11EEEEDaSB_SC_
FNDA:0,_ZZNK4lmms6detail16AudioPortsRouterIXtlNS_18AudioPortsSettingsELNS_13AudioDataKindE0ELb1ELt2ELt0ELb1EEEE4sendERKNS_8AudioBusENS_21InterleavedBufferViewIfLt2EEEENKUlPKfT_E_clISt17integral_constantIhLh12EEEEDaSB_SC_
FNDA:0,_ZZNK4lmms6detail16AudioPortsRouterIXtlNS_18AudioPortsSettingsELNS_13AudioDataKindE0ELb1ELt2ELt0ELb1EEEE4sendERKNS_8AudioBusENS_21InterleavedBufferViewIfLt2EEEENKUlPKfT_E_clISt17integral_constantIhLh13EEEEDaSB_SC_
FNDA:0,_ZZNK4lmms6detail16AudioPortsRouterIXtlNS_18AudioPortsSettingsELNS_13AudioDataKindE0ELb1ELt2ELt0ELb1EEEE4sendERKNS_8AudioBusENS_21InterleavedBufferViewIfLt2EEEENKUlPKfT_E_clISt17integral_constantIhLh14EEEEDaSB_SC_
FNDA:0,_ZZNK4lmms6detail16AudioPortsRouterIXtlNS_18AudioPortsSettingsELNS_13AudioDataKindE0ELb1ELt2ELt0ELb1EEEE4sendERKNS_8AudioBusENS_21InterleavedBufferViewIfLt2EEEENKUlPKfT_E_clISt17integral_constantIhLh15EEEEDaSB_SC_
FNDA:0,_ZZNK4lmms6detail16AudioPortsRouterIXtlNS_18AudioPortsSettingsELNS_13AudioDataKindE0ELb1ELt2ELt0ELb1EEEE4sendERKNS_8AudioBusENS_21InterleavedBufferViewIfLt2EEEENKUlPKfT_E_clISt17integral_constantIhLh1EEEEDaSB_SC_
FNDA:0,_ZZNK4lmms6detail16AudioPortsRouterIXtlNS_18AudioPortsSettingsELNS_13AudioDataKindE0ELb1ELt2ELt0ELb1EEEE4sendERKNS_8AudioBusENS_21InterleavedBufferViewIfLt2EEEENKUlPKfT_E_clISt17integral_constantIhLh2EEEEDaSB_SC_
FNDA:0,_ZZNK4lmms6detail16AudioPortsRouterIXtlNS_18AudioPortsSettingsELNS_13AudioDataKindE0ELb1ELt2ELt0ELb1EEEE4sendERKNS_8AudioBusENS_21InterleavedBufferViewIfLt2EEEENKUlPKfT_E_clISt17integral_constantIhLh3EEEEDaSB_SC_
FNDA:0,_ZZNK4lmms6detail16AudioPortsRouterIXtlNS_18AudioPortsSettingsELNS_13AudioDataKindE0ELb1ELt2ELt0ELb1EEEE4sendERKNS_8AudioBusENS_21InterleavedBufferViewIfLt2EEEENKUlPKfT_E_clISt17integral_constantIhLh4EEEEDaSB_SC_
FNDA:0,_ZZNK4lmms6detail16AudioPortsRouterIXtlNS_18AudioPortsSettingsELNS_13AudioDataKindE0ELb1ELt2ELt0ELb1EEEE4sendERKNS_8AudioBusENS_21InterleavedBufferViewIfLt2EEEENKUlPKfT_E_clISt17integral_constantIhLh5EEEEDaSB_SC_
FNDA:0,_ZZNK4lmms6detail16AudioPortsRouterIXtlNS_18AudioPortsSettingsELNS_13AudioDataKindE0ELb1ELt2ELt0ELb1EEEE4sendERKNS_8AudioBusENS_21InterleavedBufferViewIfLt2EEEENKUlPKfT_E_clISt17integral_constantIhLh6EEEEDaSB_SC_
FNDA:0,_ZZNK4lmms6detail16AudioPortsRouterIXtlNS_18AudioPortsSettingsELNS_13AudioDataKindE0ELb1ELt2ELt0ELb1EEEE4sendERKNS_8AudioBusENS_21InterleavedBufferViewIfLt2EEEENKUlPKfT_E_clISt17integral_constantIhLh7EEEEDaSB_SC_
FNDA:0,_ZZNK4lmms6detail16AudioPortsRouterIXtlNS_18AudioPortsSettingsELNS_13AudioDataKindE0ELb1ELt2ELt0ELb1EEEE4sendERKNS_8AudioBusENS_21InterleavedBufferViewIfLt2EEEENKUlPKfT_E_clISt17integral_constantIhLh8EEEEDaSB_SC_
FNDA:0,_ZZNK4lmms6detail16AudioPortsRouterIXtlNS_18AudioPortsSettingsELNS_13AudioDataKindE0ELb1ELt2ELt0ELb1EEEE4sendERKNS_8AudioBusENS_21InterleavedBufferViewIfLt2EEEENKUlPKfT_E_clISt17integral_constantIhLh9EEEEDaSB_SC_
FNDA:0,_ZZNK4lmms6detail16AudioPortsRouterIXtlNS_18AudioPortsSettingsELNS_13AudioDataKindE0ELb1ELt2ELt2ELb1EEEE4sendERKNS_8AudioBusENS_21InterleavedBufferViewIfLt2EEEENKUlPKfT_E_clISt17integral_constantIhLh10EEEEDaSB_SC_
FNDA:0,_ZZNK4lmms6detail16AudioPortsRouterIXtlNS_18AudioPortsSettingsELNS_13AudioDataKindE0ELb1ELt2ELt2ELb1EEEE4sendERKNS_8AudioBusENS_21InterleavedBufferViewIfLt2EEEENKUlPKfT_E_clISt17integral_constantIhLh11EEEEDaSB_SC_
FNDA:0,_ZZNK4lmms6detail16AudioPortsRouterIXtlNS_18AudioPortsSettingsELNS_13AudioDataKindE0ELb1ELt2ELt2ELb1EEEE4sendERKNS_8AudioBusENS_21InterleavedBufferViewIfLt2EEEENKUlPKfT_E_clISt17integral_constantIhLh12EEEEDaSB_SC_
FNDA:0,_ZZNK4lmms6detail16AudioPortsRouterIXtlNS_18AudioPortsSettingsELNS_13AudioDataKindE0ELb1ELt2ELt2ELb1EEEE4sendERKNS_8AudioBusENS_21InterleavedBufferViewIfLt2EEEENKUlPKfT_E_clISt17integral_constantIhLh13EEEEDaSB_SC_
FNDA:0,_ZZNK4lmms6detail16AudioPortsRouterIXtlNS_18AudioPortsSettingsELNS_13AudioDataKindE0ELb1ELt2ELt2ELb1EEEE4sendERKNS_8AudioBusENS_21InterleavedBufferViewIfLt2EEEENKUlPKfT_E_clISt17integral_constantIhLh14EEEEDaSB_SC_
FNDA:0,_ZZNK4lmms6detail16AudioPortsRouterIXtlNS_18AudioPortsSettingsELNS_13AudioDataKindE0ELb1ELt2ELt2ELb1EEEE4sendERKNS_8AudioBusENS_21InterleavedBufferViewIfLt2EEEENKUlPKfT_E_clISt17integral_constantIhLh15EEEEDaSB_SC_
FNDA:0,_ZZNK4lmms6detail16AudioPortsRouterIXtlNS_18AudioPortsSettingsELNS_13AudioDataKindE0ELb1ELt2ELt2ELb1EEEE4sendERKNS_8AudioBusENS_21InterleavedBufferViewIfLt2EEEENKUlPKfT_E_clISt17integral_constantIhLh1EEEEDaSB_SC_
FNDA:0,_ZZNK4lmms6detail16AudioPortsRouterIXtlNS_18AudioPortsSettingsELNS_13AudioDataKindE0ELb1ELt2ELt2ELb1EEEE4sendERKNS_8AudioBusENS_21InterleavedBufferViewIfLt2EEEENKUlPKfT_E_clISt17integral_constantIhLh2EEEEDaSB_SC_
FNDA:0,_ZZNK4lmms6detail16AudioPortsRouterIXtlNS_18AudioPortsSettingsELNS_13AudioDataKindE0ELb1ELt2ELt2ELb1EEEE4sendERKNS_8AudioBusENS_21InterleavedBufferViewIfLt2EEEENKUlPKfT_E_clISt17integral_constantIhLh3EEEEDaSB_SC_
FNDA:0,_ZZNK4lmms6detail16AudioPortsRouterIXtlNS_18AudioPortsSettingsELNS_13AudioDataKindE0ELb1ELt2ELt2ELb1EEEE4sendERKNS_8AudioBusENS_21InterleavedBufferViewIfLt2EEEENKUlPKfT_E_clISt17integral_constantIhLh4EEEEDaSB_SC_
FNDA:0,_ZZNK4lmms6detail16AudioPortsRouterIXtlNS_18AudioPortsSettingsELNS_13AudioDataKindE0ELb1ELt2ELt2ELb1EEEE4sendERKNS_8AudioBusENS_21InterleavedBufferViewIfLt2EEEENKUlPKfT_E_clISt17integral_constantIhLh5EEEEDaSB_SC_
FNDA:0,_ZZNK4lmms6detail16AudioPortsRouterIXtlNS_18AudioPortsSettingsELNS_13AudioDataKindE0ELb1ELt2ELt2ELb1EEEE4sendERKNS_8AudioBusENS_21InterleavedBufferViewIfLt2EEEENKUlPKfT_E_clISt17integral_constantIhLh6EEEEDaSB_SC_
[...]
FN:178,182,_ZN4lmms3gui12PinConnector11closeWindowEv
FN:184,313,_ZN4lmms3gui12PinConnector10paintEventEP11QPaintEvent
FN:315,319,_ZNK4lmms3gui12PinConnector16trackChannelNameERKNS_15AudioPortsModelEt
FN:321,331,_ZNK4lmms3gui12PinConnector14getSpacerWidthEv
FN:333,350,_ZNK4lmms3gui12PinConnector20getMaximumWindowSizeEv
FN:352,365,_ZN4lmms3gui12PinConnector16updatePropertiesEv
FN:367,379,_ZN4lmms3gui12PinConnector10MatrixViewC2EPKS1_RNS_15AudioPortsModel6MatrixE
FN:381,393,_ZNK4lmms3gui12PinConnector10MatrixView8sizeHintEv
FN:395,398,_ZNK4lmms3gui12PinConnector10MatrixView15minimumSizeHintEv
FN:400,442,_ZN4lmms3gui12PinConnector10MatrixView10paintEventEP11QPaintEvent
FN:444,461,_ZN4lmms3gui12PinConnector10MatrixView14mouseMoveEventEP11QMouseEvent
FN:463,476,_ZN4lmms3gui12PinConnector10MatrixView15mousePressEventEP11QMouseEvent
FN:478,498,_ZN4lmms3gui12PinConnector10MatrixView16updatePropertiesEPKS1_
FN:500,520,_ZN4lmms3gui12PinConnector10MatrixView6getPinERK6QPoint
FN:522,527,_ZN4lmms3gui12PinConnector10MatrixView8getColorEtt
FN:58,132,_ZN4lmms3gui12PinConnectorC2EPNS_15AudioPortsModelE
FNDA:0,_ZN4lmms3gui12PinConnectorD0Ev
FNDA:0,_ZN4lmms3gui12PinConnectorD2Ev
FNDA:0,_ZNK4lmms3gui12PinConnector8sizeHintEv
FNDA:0,_ZNK4lmms3gui12PinConnector15minimumSizeHintEv
FNDA:0,_ZN4lmms3gui12PinConnector16toggleVisibilityEv
FNDA:0,_ZN4lmms3gui12PinConnector11closeWindowEv
FNDA:0,_ZN4lmms3gui12PinConnector10paintEventEP11QPaintEvent
FNDA:0,_ZNK4lmms3gui12PinConnector16trackChannelNameERKNS_15AudioPortsModelEt
FNDA:0,_ZNK4lmms3gui12PinConnector14getSpacerWidthEv
FNDA:0,_ZNK4lmms3gui12PinConnector20getMaximumWindowSizeEv
FNDA:0,_ZN4lmms3gui12PinConnector16updatePropertiesEv
FNDA:0,_ZN4lmms3gui12PinConnector10MatrixViewC2EPKS1_RNS_15AudioPortsModel6MatrixE
FNDA:0,_ZNK4lmms3gui12PinConnector10MatrixView8sizeHintEv
FNDA:0,_ZNK4lmms3gui12PinConnector10MatrixView15minimumSizeHintEv
FNDA:0,_ZN4lmms3gui12PinConnector10MatrixView10paintEventEP11QPaintEvent
FNDA:0,_ZN4lmms3gui12PinConnector10MatrixView14mouseMoveEventEP11QMouseEvent
FNDA:0,_ZN4lmms3gui12PinConnector10MatrixView15mousePressEventEP11QMouseEvent
FNDA:0,_ZN4lmms3gui12PinConnector10MatrixView16updatePropertiesEPKS1_
FNDA:0,_ZN4lmms3gui12PinConnector10MatrixView6getPinERK6QPoint
FNDA:0,_ZN4lmms3gui12PinConnector10MatrixView8getColorEtt
FNDA:0,_ZN4lmms3gui12PinConnectorC2EPNS_15AudioPortsModelE
FNF:21
FNH:0
DA:58,0
DA:61,0
DA:62,0
DA:64,0
DA:66,0
DA:67,0
DA:68,0
DA:70,0
DA:71,0
DA:73,0
DA:75,0
DA:79,0
DA:82,0
DA:83,0
DA:84,0
DA:85,0
DA:88,0
DA:89,0
DA:90,0
DA:94,0
DA:95,0
DA:96,0
DA:99,0
DA:100,0
DA:101,0
DA:102,0
DA:103,0
DA:104,0
DA:107,0
DA:108,0
DA:109,0
DA:110,0
DA:113,0
DA:114,0
DA:115,0
DA:116,0
DA:119,0
DA:120,0
DA:121,0
DA:122,0
DA:123,0
DA:124,0
DA:126,0
DA:128,0
DA:129,0
DA:131,0
DA:132,0
DA:134,0
DA:136,0
DA:137,0
DA:139,0
DA:141,0
DA:142,0
DA:144,0
DA:147,0
DA:148,0
DA:149,0
DA:151,0
DA:154,0
DA:156,0
DA:157,0
DA:158,0
DA:159,0
DA:160,0
DA:163,0
DA:165,0
DA:167,0
DA:168,0
DA:172,0
DA:173,0
DA:174,0
DA:176,0
DA:178,0
DA:180,0
DA:181,0
DA:182,0
DA:184,0
DA:186,0
DA:187,0
DA:188,0
DA:190,0
DA:191,0
DA:193,0
DA:195,0
DA:196,0
DA:197,0
DA:199,0
DA:200,0
DA:203,0
DA:204,0
DA:205,0
DA:206,0
DA:209,0
DA:211,0
DA:212,0
DA:213,0
DA:215,0
DA:216,0
DA:217,0
DA:219,0
DA:220,0
DA:224,0
DA:226,0
DA:227,0
DA:228,0
DA:229,0
DA:231,0
DA:232,0
DA:233,0
DA:235,0
DA:236,0
DA:239,0
DA:244,0
DA:245,0
DA:246,0
DA:247,0
DA:249,0
DA:250,0
DA:252,0
DA:253,0
DA:255,0
DA:256,0
DA:257,0
DA:259,0
DA:260,0
DA:263,0
DA:264,0
DA:265,0
DA:267,0
DA:268,0
DA:270,0
DA:271,0
DA:273,0
DA:274,0
DA:275,0
DA:277,0
DA:278,0
DA:280,0
DA:284,0
DA:286,0
DA:287,0
DA:289,0
DA:290,0
DA:292,0
DA:294,0
DA:295,0
DA:296,0
DA:297,0
DA:299,0
DA:301,0
DA:302,0
DA:304,0
DA:305,0
DA:307,0
DA:308,0
DA:309,0
DA:312,0
DA:313,0
DA:315,0
DA:318,0
DA:321,0
DA:323,0
DA:324,0
DA:326,0
DA:327,0
DA:328,0
DA:330,0
DA:333,0
DA:336,0
DA:339,0
DA:340,0
DA:343,0
DA:347,0
DA:349,0
DA:352,0
DA:354,0
DA:355,0
DA:357,0
DA:360,0
DA:361,0
DA:362,0
DA:364,0
DA:365,0
DA:367,0
DA:369,0
DA:371,0
DA:372,0
DA:373,0
DA:375,0
DA:377,0
DA:378,0
DA:379,0
DA:381,0
DA:383,0
DA:384,0
DA:386,0
DA:387,0
DA:389,0
DA:390,0
DA:392,0
DA:395,0
DA:397,0
DA:400,0
DA:402,0
DA:403,0
DA:404,0
DA:406,0
DA:407,0
DA:408,0
DA:411,0
DA:412,0
DA:415,0
DA:417,0
DA:421,0
DA:423,0
DA:428,0
DA:429,0
DA:431,0
DA:432,0
DA:434,0
DA:435,0
DA:437,0
DA:440,0
DA:442,0
DA:444,0
DA:446,0
DA:448,0
DA:450,0
DA:451,0
DA:454,0
DA:456,0
DA:457,0
DA:460,0
DA:463,0
DA:465,0
DA:466,0
DA:468,0
DA:469,0
DA:472,0
DA:473,0
DA:475,0
DA:478,0
DA:481,0
DA:482,0
DA:484,0
DA:486,0
DA:490,0
DA:494,0
DA:495,0
DA:496,0
DA:497,0
DA:498,0
DA:500,0
DA:502,0
DA:503,0
DA:505,0
DA:507,0
DA:508,0
DA:511,0
DA:512,0
DA:514,0
DA:515,0
DA:517,0
DA:518,0
DA:519,0
DA:522,0
DA:524,0
DA:525,0
DA:526,0
LF:269
LH:0
end_of_record
TN:
SF:/home/kruzzzzy/Documents/AI_KOS_PROJECT/projects/lmms-fl-research/zene-pa-coverage/tests/src/core/LufsMeterTest.cpp
FN:106,112,_ZN12_GLOBAL__N_16gainDbERKN4lmms9LufsMeter6BiquadEd
FN:116,120,_ZN12_GLOBAL__N_18describeEddd
FN:124,134,_ZN12_GLOBAL__N_113planarChannelEdm
FN:145,166,_ZN13LufsMeterTest34kWeightingMatchesThePublishedTableEv
FN:172,180,_ZN13LufsMeterTest43kWeightingGainAt997HzIsTheCalibrationOffsetEv
FN:186,201,_ZN13LufsMeterTest42integrationLoudnessReadsTheTestSignalLevelEv
FN:209,222,_ZN13LufsMeterTest35relativeGateExcludesTheQuietPassageEv
FN:227,238,_ZN13LufsMeterTest35singleChannelSignalIsThreeLuQuieterEv
FN:244,286,_ZN13LufsMeterTest37planarFeedFollowsTheFiveOneWeightingsEv
FN:264,273,_ZZN13LufsMeterTest37planarFeedFollowsTheFiveOneWeightingsEvENKUlRSt5arrayISt6vectorIfSaIfEELm6EEE_clES5_
FN:290,310,_ZN13LufsMeterTest43windowsFillInOrderAndBlockSizeDoesNotMatterEv
FN:314,343,_ZN13LufsMeterTest48silenceReadsMinusInfinityAndKeepsTheRunningValueEv
FN:350,369,_ZN13LufsMeterTest28truePeakOversamplesTheSignalEv
FN:374,391,_ZN13LufsMeterTest32processingABlockAllocatesNothingEv
FN:394,394,main
FN:49,61,_ZN12_GLOBAL__N_18makeSineEdddd
FN:64,67,_ZN12_GLOBAL__N_111makeSilenceEd
FN:71,81,_ZN12_GLOBAL__N_110makeSquareEdd
FN:83,88,_ZN12_GLOBAL__N_16concatERKSt6vectorIN4lmms11SampleFrameESaIS2_EES6_
FN:90,93,_ZN12_GLOBAL__N_14feedERN4lmms9LufsMeterERKSt6vectorINS0_11SampleFrameESaIS4_EE
FN:95,103,_ZN12_GLOBAL__N_114samplePeakDbfsERKSt6vectorIN4lmms11SampleFrameESaIS2_EE
FNDA:2,_ZN12_GLOBAL__N_16gainDbERKN4lmms9LufsMeter6BiquadEd
FNDA:35,_ZN12_GLOBAL__N_18describeEddd
FNDA:2,_ZN12_GLOBAL__N_113planarChannelEdm
FNDA:1,_ZN13LufsMeterTest34kWeightingMatchesThePublishedTableEv
FNDA:1,_ZN13LufsMeterTest43kWeightingGainAt997HzIsTheCalibrationOffsetEv
FNDA:1,_ZN13LufsMeterTest42integrationLoudnessReadsTheTestSignalLevelEv
FNDA:1,_ZN13LufsMeterTest35relativeGateExcludesTheQuietPassageEv
FNDA:1,_ZN13LufsMeterTest35singleChannelSignalIsThreeLuQuieterEv
FNDA:1,_ZN13LufsMeterTest37planarFeedFollowsTheFiveOneWeightingsEv
FNDA:4,_ZZN13LufsMeterTest37planarFeedFollowsTheFiveOneWeightingsEvENKUlRSt5arrayISt6vectorIfSaIfEELm6EEE_clES5_
FNDA:1,_ZN13LufsMeterTest43windowsFillInOrderAndBlockSizeDoesNotMatterEv
FNDA:1,_ZN13LufsMeterTest48silenceReadsMinusInfinityAndKeepsTheRunningValueEv
FNDA:1,_ZN13LufsMeterTest28truePeakOversamplesTheSignalEv
FNDA:1,_ZN13LufsMeterTest32processingABlockAllocatesNothingEv
FNDA:1,main
FNDA:15,_ZN12_GLOBAL__N_18makeSineEdddd
FNDA:1,_ZN12_GLOBAL__N_111makeSilenceEd
FNDA:1,_ZN12_GLOBAL__N_110makeSquareEdd
FNDA:1,_ZN12_GLOBAL__N_16concatERKSt6vectorIN4lmms11SampleFrameESaIS2_EES6_
FNDA:14,_ZN12_GLOBAL__N_14feedERN4lmms9LufsMeterERKSt6vectorINS0_11SampleFrameESaIS4_EE
FNDA:2,_ZN12_GLOBAL__N_114samplePeakDbfsERKSt6vectorIN4lmms11SampleFrameESaIS2_EE
FNF:21
FNH:21
DA:49,15
DA:51,15
DA:52,15
DA:53,15
DA:54,7771215
DA:56,7771200
DA:57,7771200
DA:58,7771200
DA:60,15
DA:64,1
DA:66,1
DA:71,1
DA:73,1
DA:74,1
DA:75,48001
DA:77,48000
DA:78,48000
DA:80,1
DA:83,1
DA:85,1
DA:86,1
DA:87,1
DA:88,0
DA:90,14
DA:92,14
DA:93,14
DA:95,2
DA:97,2
DA:98,96002
DA:100,96000
DA:102,2
DA:106,2
DA:108,2
DA:109,2
DA:110,2
DA:111,2
DA:116,35
DA:118,70
DA:119,70
DA:124,2
DA:126,2
DA:127,2
DA:128,2
DA:129,480002
DA:131,480000
DA:133,4
DA:134,2
DA:145,1
DA:147,1
DA:148,1
DA:149,1
DA:156,1
DA:157,1
DA:158,1
DA:159,1
DA:160,1
DA:161,1
DA:162,1
DA:163,1
DA:164,1
DA:165,1
DA:172,1
DA:174,1
DA:175,1
DA:176,1
DA:178,1
DA:179,1
DA:186,1
DA:188,1
DA:189,1
DA:190,1
DA:192,1
DA:193,1
DA:194,1
DA:196,1
DA:197,1
DA:198,1
DA:199,1
DA:200,1
DA:209,1
DA:211,1
DA:212,1
DA:213,1
DA:215,1
DA:216,1
DA:217,1
DA:219,1
DA:220,1
DA:221,1
DA:227,1
DA:229,1
DA:230,1
DA:231,960001
DA:233,960000
DA:235,1
DA:237,1
DA:238,1
DA:244,1
DA:246,1
DA:247,1
DA:250,1
DA:253,1
DA:254,1
DA:255,1
DA:256,1
DA:258,1
DA:259,1
DA:261,1
DA:262,1
DA:264,5
DA:265,4
DA:266,32
DA:268,24
DA:270,4
DA:271,4
DA:272,8
DA:275,1
DA:276,1
DA:277,1
DA:278,1
DA:282,1
DA:283,1
DA:284,1
DA:285,1
DA:286,1
DA:290,1
DA:292,1
DA:293,1
DA:294,1
DA:295,1
DA:297,1
DA:298,1
DA:300,1
DA:301,1
DA:302,469
DA:304,468
DA:306,1
DA:307,1
DA:308,1
DA:310,1
DA:314,1
DA:316,1
DA:317,1
DA:318,1
DA:319,1
DA:321,1
DA:322,1
DA:323,1
DA:324,1
DA:326,1
DA:331,1
DA:332,1
DA:333,1
DA:337,1
DA:338,1
DA:340,1
DA:341,1
DA:342,1
DA:350,1
DA:352,1
DA:353,1
DA:354,1
DA:356,1
DA:357,1
DA:358,1
DA:359,1
DA:360,1
DA:362,1
DA:363,1
DA:364,1
DA:365,1
DA:366,1
DA:367,1
DA:368,1
DA:369,1
DA:374,1
DA:376,1
DA:377,1
DA:378,1
DA:380,1
DA:381,1
DA:382,65
DA:384,64
DA:385,64
DA:386,64
DA:388,1
DA:390,1
DA:391,1
DA:394,1
LF:189
LH:188
end_of_record
TN:
SF:/home/kruzzzzy/Documents/AI_KOS_PROJECT/projects/lmms-fl-research/zene-pa-coverage/tests/src/core/MidiLearnTest.cpp
FN:136,176,_ZN13MidiLearnTest31BindingSurvivesProjectRoundTripEv
FN:181,211,_ZN13MidiLearnTest24LearnOffIgnoresTheSameCcEv
FN:214,222,_ZN13MidiLearnTest34ArmedWithoutFocusTargetDoesNotBindEv
FN:225,234,_ZN13MidiLearnTest27NonControlChangeDoesNotBindEv
FN:241,254,_ZN13MidiLearnTest23AudioPeriodDoesNotLearnEv
FN:257,257,main
FN:49,52,_ZN12_GLOBAL__N_16makeCcEiii
FN:55,60,_ZN12_GLOBAL__N_119boundMidiControllerEPKN4lmms16AutomatableModelE
FN:69,73,_ZN13MidiLearnTest12initTestCaseEv
FN:75,78,_ZN13MidiLearnTest15cleanupTestCaseEv
FN:80,85,_ZN13MidiLearnTest7cleanupEv
FN:90,131,_ZN13MidiLearnTest30SyntheticCcBindsFocusedControlEv
FNDA:1,_ZN13MidiLearnTest31BindingSurvivesProjectRoundTripEv
FNDA:1,_ZN13MidiLearnTest24LearnOffIgnoresTheSameCcEv
FNDA:1,_ZN13MidiLearnTest34ArmedWithoutFocusTargetDoesNotBindEv
FNDA:1,_ZN13MidiLearnTest27NonControlChangeDoesNotBindEv
FNDA:1,_ZN13MidiLearnTest23AudioPeriodDoesNotLearnEv
FNDA:1,main
FNDA:520,_ZN12_GLOBAL__N_16makeCcEiii
FNDA:4,_ZN12_GLOBAL__N_119boundMidiControllerEPKN4lmms16AutomatableModelE
FNDA:1,_ZN13MidiLearnTest12initTestCaseEv
FNDA:1,_ZN13MidiLearnTest15cleanupTestCaseEv
FNDA:6,_ZN13MidiLearnTest7cleanupEv
FNDA:1,_ZN13MidiLearnTest30SyntheticCcBindsFocusedControlEv
FNF:12
FNH:12
DA:49,520
DA:51,520
DA:55,4
DA:57,4
DA:58,4
DA:59,4
DA:69,1
DA:71,1
DA:72,1
DA:75,1
DA:77,1
DA:78,1
DA:80,6
DA:83,6
DA:84,6
DA:85,6
DA:90,1
DA:92,1
DA:93,1
DA:95,1
DA:97,1
DA:98,1
DA:99,1
DA:102,1
DA:104,1
DA:105,1
DA:106,1
DA:108,1
DA:109,1
DA:112,1
DA:113,1
DA:114,1
DA:118,1
DA:119,1
DA:120,1
DA:121,1
DA:122,1
DA:123,1
DA:124,1
DA:128,1
DA:129,1
DA:130,1
DA:131,1
DA:136,1
DA:138,1
DA:140,1
DA:141,1
DA:142,1
DA:143,1
DA:145,1
DA:146,1
DA:147,1
DA:148,1
DA:149,1
DA:150,1
DA:154,1
DA:155,1
DA:156,1
DA:157,1
DA:160,1
DA:161,1
DA:163,1
DA:164,1
DA:165,1
DA:166,1
DA:167,1
DA:168,1
DA:171,1
DA:172,1
DA:173,1
DA:174,1
DA:175,1
DA:176,1
DA:181,1
DA:183,1
DA:184,1
DA:186,1
DA:187,1
DA:189,1
DA:191,1
DA:193,1
DA:194,1
DA:195,1
DA:197,513
DA:199,512
DA:201,1
DA:202,1
DA:208,0
DA:209,0
DA:211,1
DA:214,1
DA:216,1
DA:217,1
DA:218,1
DA:219,1
DA:220,1
DA:221,1
DA:222,1
DA:225,1
DA:227,1
DA:228,1
DA:229,1
DA:230,1
DA:231,1
DA:232,1
DA:233,1
DA:234,1
DA:241,1
DA:243,1
DA:244,1
DA:246,1
DA:247,1
DA:249,1
DA:251,1
DA:252,1
DA:253,1
DA:254,1
DA:257,1
LF:118
LH:116
end_of_record
TN:
SF:/home/kruzzzzy/Documents/AI_KOS_PROJECT/projects/lmms-fl-research/zene-pa-coverage/tests/src/core/StemExportTest.cpp
FN:119,122,_ZN14StemExportTest15cleanupTestCaseEv
FN:126,139,_ZN14StemExportTest18stemNamingContractEv
FN:143,165,_ZN14StemExportTest36stemsAreExportedNonSilentAndDistinctEv
FN:170,179,_ZN14StemExportTest28alignedStemsAreTheMixsLengthEv
FN:184,205,_ZN14StemExportTest39unalignedStemsAreTrimmedToTheirOwnTrackEv
FN:209,244,_ZN14StemExportTest23tailBarsExtendEveryStemEv
FN:251,266,_ZN14StemExportTest16stemsSumToTheMixEv
FN:275,303,_ZN14StemExportTest42wholeProjectRenderIsUnchangedByAStemExportEv
FN:312,312,main
FN:82,117,_ZN14StemExportTest12initTestCaseEv
FNDA:1,_ZN14StemExportTest15cleanupTestCaseEv
FNDA:1,_ZN14StemExportTest18stemNamingContractEv
FNDA:1,_ZN14StemExportTest36stemsAreExportedNonSilentAndDistinctEv
FNDA:1,_ZN14StemExportTest28alignedStemsAreTheMixsLengthEv
FNDA:1,_ZN14StemExportTest39unalignedStemsAreTrimmedToTheirOwnTrackEv
FNDA:1,_ZN14StemExportTest23tailBarsExtendEveryStemEv
FNDA:1,_ZN14StemExportTest16stemsSumToTheMixEv
FNDA:1,_ZN14StemExportTest42wholeProjectRenderIsUnchangedByAStemExportEv
FNDA:1,main
FNDA:1,_ZN14StemExportTest12initTestCaseEv
FNF:10
FNH:10
DA:82,1
DA:84,1
DA:85,1
DA:87,1
DA:88,1
DA:89,1
DA:91,1
DA:92,1
DA:94,1
DA:95,1
DA:96,1
DA:98,1
DA:99,4
DA:101,7
DA:103,4
DA:104,4
DA:105,4
DA:107,4
DA:110,1
DA:112,1
DA:113,1
DA:114,1
DA:115,1
DA:116,1
DA:119,1
DA:121,1
DA:122,1
DA:126,1
DA:128,1
DA:129,1
DA:131,1
DA:133,1
DA:135,1
DA:138,1
DA:143,1
DA:145,1
DA:146,1
DA:147,1
DA:148,1
DA:150,1
DA:151,1
DA:152,1
DA:153,1
DA:154,1
DA:156,1
DA:157,4
DA:159,3
DA:160,3
DA:163,1
DA:164,1
DA:165,1
DA:170,1
DA:172,1
DA:173,1
DA:175,1
DA:176,1
DA:177,1
DA:178,1
DA:179,1
DA:184,1
DA:186,1
DA:187,1
DA:188,1
DA:189,1
DA:191,1
DA:192,1
DA:194,1
DA:195,1
DA:196,4
DA:198,3
DA:199,3
DA:200,3
DA:204,1
DA:205,1
DA:209,1
DA:211,1
DA:212,1
DA:213,1
DA:214,1
DA:216,1
DA:217,1
DA:218,1
DA:219,1
DA:221,1
DA:222,1
DA:224,1
DA:225,1
DA:226,1
DA:227,1
DA:228,1
DA:229,1
DA:231,1
DA:232,1
DA:234,1
DA:237,1
DA:240,1
DA:242,1
DA:244,1
DA:251,1
DA:253,1
DA:254,1
DA:256,1
DA:257,1
DA:259,1
DA:260,1
DA:262,1
DA:263,1
DA:265,1
DA:266,1
DA:275,1
DA:277,1
DA:278,1
DA:279,1
DA:280,1
DA:282,1
DA:284,1
DA:285,1
DA:286,1
DA:287,1
DA:289,1
DA:290,1
DA:291,1
DA:292,1
DA:293,3
DA:296,4
DA:297,1
DA:299,1
DA:300,1
DA:301,1
DA:302,1
DA:303,1
DA:312,1
LF:132
LH:132
end_of_record
TN:
SF:/home/kruzzzzy/Documents/AI_KOS_PROJECT/projects/lmms-fl-research/zene-pa-coverage/tests/src/core/StemExportTestSupport.h
FN:103,106,_ZN11stemsupport4le16ERK10QByteArrayi
FN:110,122,_ZN11stemsupport10riffChunksERK10QByteArrayPS0_S3_
FN:127,133,_ZN11stemsupport15parseRiffFormatERK10QByteArrayPNS_3WavE
FN:135,153,_ZN11stemsupport7readWavERK7QString
FN:155,158,_ZN11stemsupport13silentFrameAtERKNS_3WavEi
FN:162,166,_ZN11stemsupport5put32ER10QByteArrayj
FN:168,171,_ZN11stemsupport5put16ER10QByteArrayt
FN:174,203,_ZN11stemsupport11writeSampleERK7QStringdd
FN:183,185,_ZZN11stemsupport11writeSampleERK7QStringddENKUldE_clEd
FN:222,248,_ZN11stemsupport8trackXmlERKNS_9DemoTrackERK7QString
FN:251,274,_ZN11stemsupport16writeDemoProjectERK7QString
FN:278,283,_ZN11stemsupport8settingsEv
FN:288,291,_ZN11stemsupport18stopHeadlessDeviceEv
FN:295,310,_ZN11stemsupport9renderMixERK7QString
FN:314,330,_ZN11stemsupport11exportStemsERK7QStringRKN4lmms17StemExportOptionsEPi
FN:333,339,_ZN11stemsupport9stemPathsERK7QStringS2_
FN:337,337,_ZZN11stemsupport9stemPathsERK7QStringS2_ENKUlS2_E_clES2_
FN:341,346,_ZN11stemsupport9readStemsERK7QString
FN:364,380,_ZN11stemsupport8sumStemsERKSt6vectorINS_3WavESaIS1_EE
FN:384,432,_ZN11stemsupport17compareStemsToMixERKNS_3WavES2_i
FN:436,460,_ZN11stemsupport12allStemsSaneERKSt6vectorINS_3WavESaIS1_EERKS1_P7QString
FN:463,475,_ZN11stemsupport15allStemsAlignedERKSt6vectorINS_3WavESaIS1_EERKS1_P7QString
FN:477,483,_ZN11stemsupport10printTrackEPKcRKNS_3WavERK7QString
FN:485,492,_ZN11stemsupport16printSumEvidenceERKNS_12StemEvidenceE
FN:78,78,_ZNK11stemsupport3Wav10frameCountEv
FN:79,79,_ZNK11stemsupport3Wav7secondsEv
FN:81,87,_ZNK11stemsupport3Wav3rmsEv
FN:89,94,_ZNK11stemsupport3Wav4peakEv
FN:97,101,_ZN11stemsupport4le32ERK10QByteArrayi
FNDA:25571391,_ZN11stemsupport4le16ERK10QByteArrayi
FNDA:21,_ZN11stemsupport10riffChunksERK10QByteArrayPS0_S3_
FNDA:21,_ZN11stemsupport15parseRiffFormatERK10QByteArrayPNS_3WavE
FNDA:21,_ZN11stemsupport7readWavERK7QString
FNDA:626021,_ZN11stemsupport13silentFrameAtERKNS_3WavEi
FNDA:15,_ZN11stemsupport5put32ER10QByteArrayj
FNDA:158772,_ZN11stemsupport5put16ER10QByteArrayt
FNDA:3,_ZN11stemsupport11writeSampleERK7QStringdd
FNDA:158760,_ZZN11stemsupport11writeSampleERK7QStringddENKUldE_clEd
FNDA:3,_ZN11stemsupport8trackXmlERKNS_9DemoTrackERK7QString
FNDA:1,_ZN11stemsupport16writeDemoProjectERK7QString
FNDA:12,_ZN11stemsupport8settingsEv
FNDA:12,_ZN11stemsupport18stopHeadlessDeviceEv
FNDA:4,_ZN11stemsupport9renderMixERK7QString
FNDA:8,_ZN11stemsupport11exportStemsERK7QStringRKN4lmms17StemExportOptionsEPi
FNDA:4,_ZN11stemsupport9stemPathsERK7QStringS2_
FNDA:12,_ZZN11stemsupport9stemPathsERK7QStringS2_ENKUlS2_E_clES2_
FNDA:3,_ZN11stemsupport9readStemsERK7QString
FNDA:1,_ZN11stemsupport8sumStemsERKSt6vectorINS_3WavESaIS1_EE
FNDA:1,_ZN11stemsupport17compareStemsToMixERKNS_3WavES2_i
FNDA:1,_ZN11stemsupport12allStemsSaneERKSt6vectorINS_3WavESaIS1_EERKS1_P7QString
FNDA:1,_ZN11stemsupport15allStemsAlignedERKSt6vectorINS_3WavESaIS1_EERKS1_P7QString
FNDA:4,_ZN11stemsupport10printTrackEPKcRKNS_3WavERK7QString
FNDA:1,_ZN11stemsupport16printSumEvidenceERKNS_12StemEvidenceE
FNDA:36,_ZNK11stemsupport3Wav10frameCountEv
FNDA:4,_ZNK11stemsupport3Wav7secondsEv
FNDA:21,_ZNK11stemsupport3Wav3rmsEv
FNDA:4,_ZNK11stemsupport3Wav4peakEv
FNDA:84,_ZN11stemsupport4le32ERK10QByteArrayi
FNF:29
FNH:29
DA:78,36
DA:79,4
DA:81,21
DA:83,21
DA:84,21
DA:85,12961557
DA:86,21
DA:89,4
DA:91,4
DA:92,2468868
DA:93,4
DA:97,84
DA:99,84
DA:100,84
DA:103,25571391
DA:105,25571391
DA:110,21
DA:112,21
DA:113,84
DA:115,63
DA:116,63
DA:117,63
DA:118,42
DA:119,63
DA:120,63
DA:121,21
DA:127,21
DA:129,21
DA:130,21
DA:131,21
DA:132,21
DA:135,21
DA:137,21
DA:138,21
DA:139,21
DA:140,21
DA:142,21
DA:143,21
DA:144,21
DA:146,21
DA:147,21
DA:148,12785685
DA:150,12785664
DA:152,21
DA:153,21
DA:155,626021
DA:157,626021
DA:162,15
DA:164,15
DA:165,15
DA:166,15
DA:168,158772
DA:170,158772
DA:171,158772
DA:174,3
DA:176,3
DA:177,3
DA:178,3
DA:179,79383
DA:181,79380
DA:182,79380
DA:183,158760
DA:184,158760
DA:186,79380
DA:187,79380
DA:190,3
DA:191,3
DA:192,3
DA:193,3
DA:194,3
DA:195,3
DA:196,3
DA:197,3
DA:198,3
DA:200,3
DA:201,3
DA:202,3
DA:203,3
DA:222,3
DA:224,3
DA:225,3
DA:227,3
DA:228,3
DA:230,4
DA:231,4
DA:236,2
DA:239,2
DA:240,2
DA:243,6
DA:247,6
DA:248,3
DA:251,1
DA:253,1
DA:254,4
DA:256,2
DA:266,1
DA:268,1
DA:269,1
DA:270,1
DA:271,1
DA:272,1
DA:273,1
DA:274,1
DA:278,12
DA:282,12
DA:288,12
DA:290,12
DA:291,12
DA:295,4
DA:298,4
DA:299,4
DA:300,4
DA:301,4
DA:302,4
DA:303,4
DA:304,4
DA:305,4
DA:307,4
DA:308,4
DA:309,4
DA:310,4
DA:314,8
DA:317,8
DA:318,8
DA:320,8
DA:321,8
DA:322,8
DA:323,8
DA:324,8
DA:325,8
DA:326,8
DA:327,8
DA:328,8
DA:329,8
DA:330,8
DA:333,4
DA:335,4
DA:336,4
DA:337,12
DA:338,4
DA:339,0
DA:341,3
DA:343,3
DA:344,12
DA:345,3
DA:346,0
DA:364,1
DA:366,1
DA:367,1
DA:368,1
DA:369,1
DA:370,1
DA:371,4
DA:373,1851651
DA:375,1851648
DA:376,1851648
DA:379,1
DA:380,0
DA:384,1
DA:386,1
DA:387,1
DA:388,1
DA:389,1
DA:390,1
DA:391,1
DA:392,1
DA:394,617217
DA:396,617216
DA:397,617216
DA:398,617216
DA:399,617216
DA:400,617216
DA:401,617216
DA:403,617216
DA:405,586363
DA:406,586363
DA:408,30853
DA:409,30853
DA:410,30853
DA:411,30853
DA:412,30853
DA:413,30853
DA:414,30853
DA:417,1
DA:418,1
DA:420,1
DA:421,1
DA:422,1
DA:424,1
DA:426,1
DA:427,1
DA:428,1
DA:430,1
DA:431,2
DA:432,1
DA:436,1
DA:438,4
DA:440,3
DA:442,0
DA:443,0
DA:445,3
DA:447,0
DA:448,0
DA:450,6
DA:452,3
DA:454,0
DA:455,0
DA:459,1
DA:463,1
DA:465,4
DA:467,3
DA:469,0
DA:470,0
DA:471,0
DA:474,1
DA:477,4
DA:479,8
DA:480,8
DA:481,4
DA:482,4
DA:483,4
DA:485,1
DA:487,1
DA:489,1
DA:490,1
DA:491,1
DA:492,1
LF:227
LH:215
end_of_record
