TN:
SF:/home/kruzzzzy/Documents/AI_KOS_PROJECT/projects/lmms-fl-research/zene-pa-coverage/include/AudioBus.h
FN:58,63,_ZN4lmms8AudioBusC2EPKPNS_11SampleFrameEtm
FN:70,73,_ZN4lmms8AudioBus16trackChannelPairEt
FN:76,79,_ZNK4lmms8AudioBusixEt
FN:82,85,_ZN4lmms8AudioBusixEt
FN:87,87,_ZNK4lmms8AudioBus3busEv
FN:88,88,_ZN4lmms8AudioBus3busEv
FN:90,90,_ZNK4lmms8AudioBus8channelsEv
FN:91,91,_ZNK4lmms8AudioBus12channelPairsEv
FN:92,92,_ZNK4lmms8AudioBus6framesEv
FN:94,94,_ZNK4lmms8AudioBus13quietChannelsEv
FN:95,95,_ZN4lmms8AudioBus13quietChannelsEv
FNDA:7786,_ZN4lmms8AudioBusC2EPKPNS_11SampleFrameEtm
FNDA:2996,_ZN4lmms8AudioBus16trackChannelPairEt
FNDA:64,_ZNK4lmms8AudioBusixEt
FNDA:17128,_ZN4lmms8AudioBusixEt
FNDA:11038,_ZNK4lmms8AudioBus3busEv
FNDA:15058,_ZN4lmms8AudioBus3busEv
FNDA:20421,_ZNK4lmms8AudioBus8channelsEv
FNDA:28264,_ZNK4lmms8AudioBus12channelPairsEv
FNDA:32247,_ZNK4lmms8AudioBus6framesEv
FNDA:11038,_ZNK4lmms8AudioBus13quietChannelsEv
FNDA:14696,_ZN4lmms8AudioBus13quietChannelsEv
FNF:11
FNH:11
DA:58,7786
DA:59,7786
DA:60,7786
DA:61,7786
DA:63,7786
DA:70,2996
DA:72,2996
DA:76,64
DA:78,64
DA:82,17128
DA:84,17128
DA:87,11038
DA:88,15058
DA:90,20421
DA:91,28264
DA:92,32247
DA:94,11038
DA:95,14696
LF:18
LH:18
end_of_record
TN:
SF:/home/kruzzzzy/Documents/AI_KOS_PROJECT/projects/lmms-fl-research/zene-pa-coverage/include/AudioPlugin.h
FN:121,121,_ZN4lmms6detail12ProcessMutex11processLockEv
FN:123,123,_ZN4lmms6detail12ProcessMutex13processUnlockEv
FN:143,151,_ZN4lmms6detail11AudioPluginINS_10InstrumentEXtlNS_18AudioPortsSettingsELNS_13AudioDataKindE0ELb0ELt0ELt2ELb0ELb1EEENS_22ConfigurableAudioPortsIXtlS3_LS4_0ELb0ELt0ELt2ELb0ELb1EEENS_22PluginAudioPortsBufferEEEEC2IJbEEEPKNS_6Plugin10DescriptorEPNS_15InstrumentTrackEPKNSB_17SubPluginFeatures3KeyENS_5FlagsINS2_4FlagEEEDpOT_
FN:143,151,_ZN4lmms6detail11AudioPluginINS_10InstrumentEXtlNS_18AudioPortsSettingsELNS_13AudioDataKindE0ELb0ELt65535ELt65535ELb0ELb1EEENS_17VestigeAudioPortsEEC2IJEEEPKNS_6Plugin10DescriptorEPNS_15InstrumentTrackEPKNS9_17SubPluginFeatures3KeyENS_5FlagsINS2_4FlagEEEDpOT_
FN:154,154,_ZN4lmms6detail11AudioPluginINS_10InstrumentEXtlNS_18AudioPortsSettingsELNS_13AudioDataKindE0ELb0ELt65535ELt65535ELb0ELb1EEENS_17VestigeAudioPortsEE10audioPortsEv
FN:157,162,_ZNK4lmms6detail11AudioPluginINS_10InstrumentEXtlNS_18AudioPortsSettingsELNS_13AudioDataKindE0ELb0ELt0ELt2ELb0ELb1EEENS_22ConfigurableAudioPortsIXtlS3_LS4_0ELb0ELt0ELt2ELb0ELb1EEENS_22PluginAudioPortsBufferEEEE15audioPortsModelEv
FN:157,162,_ZNK4lmms6detail11AudioPluginINS_10InstrumentEXtlNS_18AudioPortsSettingsELNS_13AudioDataKindE0ELb0ELt65535ELt65535ELb0ELb1EEENS_17VestigeAudioPortsEE15audioPortsModelEv
FN:164,190,_ZN4lmms6detail11AudioPluginINS_10InstrumentEXtlNS_18AudioPortsSettingsELNS_13AudioDataKindE0ELb0ELt0ELt2ELb0ELb1EEENS_22ConfigurableAudioPortsIXtlS3_LS4_0ELb0ELt0ELt2ELb0ELb1EEENS_22PluginAudioPortsBufferEEEE8playImplESt4spanINS_11SampleFrameELm18446744073709551615EE
FN:164,190,_ZN4lmms6detail11AudioPluginINS_10InstrumentEXtlNS_18AudioPortsSettingsELNS_13AudioDataKindE0ELb0ELt65535ELt65535ELb0ELb1EEENS_17VestigeAudioPortsEE8playImplESt4spanINS_11SampleFrameELm18446744073709551615EE
FN:183,183,_ZZN4lmms6detail11AudioPluginINS_10InstrumentEXtlNS_18AudioPortsSettingsELNS_13AudioDataKindE0ELb0ELt0ELt2ELb0ELb1EEENS_22ConfigurableAudioPortsIXtlS3_LS4_0ELb0ELt0ELt2ELb0ELb1EEENS_22PluginAudioPortsBufferEEEE8playImplESt4spanINS_11SampleFrameELm18446744073709551615EEENKUlDpT_E_clIJNS_16PlanarBufferViewIfLt0EEENSG_IfLt2EEEEEEDaSD_
FN:183,183,_ZZN4lmms6detail11AudioPluginINS_10InstrumentEXtlNS_18AudioPortsSettingsELNS_13AudioDataKindE0ELb0ELt65535ELt65535ELb0ELb1EEENS_17VestigeAudioPortsEE8playImplESt4spanINS_11SampleFrameELm18446744073709551615EEENKUlDpT_E_clIJNS_16PlanarBufferViewIfLt65535EEESF_EEEDaSB_
FN:192,203,_ZN4lmms6detail11AudioPluginINS_10InstrumentEXtlNS_18AudioPortsSettingsELNS_13AudioDataKindE0ELb0ELt0ELt2ELb0ELb1EEENS_22ConfigurableAudioPortsIXtlS3_LS4_0ELb0ELt0ELt2ELb0ELb1EEENS_22PluginAudioPortsBufferEEEE12playNoteImplEPNS_14NotePlayHandleESt4spanINS_11SampleFrameELm18446744073709551615EE
FN:192,203,_ZN4lmms6detail11AudioPluginINS_10InstrumentEXtlNS_18AudioPortsSettingsELNS_13AudioDataKindE0ELb0ELt65535ELt65535ELb0ELb1EEENS_17VestigeAudioPortsEE12playNoteImplEPNS_14NotePlayHandleESt4spanINS_11SampleFrameELm18446744073709551615EE
FN:218,225,_ZN4lmms6detail11AudioPluginINS_6EffectEXtlNS_18AudioPortsSettingsELNS_13AudioDataKindE0ELb0ELt65535ELt65535ELb0ELb1EEENS_19VstEffectAudioPortsEEC2IJEEEPKNS_6Plugin10DescriptorEPNS_5ModelEPKNS9_17SubPluginFeatures3KeyEDpOT_
FN:218,225,_ZN4lmms6detail11AudioPluginINS_6EffectEXtlNS_18AudioPortsSettingsELNS_13AudioDataKindE0ELb1ELt2ELt0ELb1EEENS0_16PluginAudioPortsIXtlS3_LS4_0ELb1ELt2ELt0ELb1EEENS_22PluginAudioPortsBufferEEEEC2IJEEEPKNS_6Plugin10DescriptorEPNS_5ModelEPKNSB_17SubPluginFeatures3KeyEDpOT_
FN:218,225,_ZN4lmms6detail11AudioPluginINS_6EffectEXtlNS_18AudioPortsSettingsELNS_13AudioDataKindE0ELb1ELt2ELt2ELb1EEENS0_16PluginAudioPortsIXtlS3_LS4_0ELb1ELt2ELt2ELb1EEENS_22PluginAudioPortsBufferEEEEC2IJEEEPKNS_6Plugin10DescriptorEPNS_5ModelEPKNSB_17SubPluginFeatures3KeyEDpOT_
FN:236,236,_ZN4lmms6detail11AudioPluginINS_6EffectEXtlNS_18AudioPortsSettingsELNS_13AudioDataKindE0ELb0ELt65535ELt65535ELb0ELb1EEENS_19VstEffectAudioPortsEE10audioPortsEv
FN:236,236,_ZN4lmms6detail11AudioPluginINS_6EffectEXtlNS_18AudioPortsSettingsELNS_13AudioDataKindE0ELb1ELt2ELt0ELb1EEENS0_16PluginAudioPortsIXtlS3_LS4_0ELb1ELt2ELt0ELb1EEENS_22PluginAudioPortsBufferEEEE10audioPortsEv
FN:236,236,_ZN4lmms6detail11AudioPluginINS_6EffectEXtlNS_18AudioPortsSettingsELNS_13AudioDataKindE0ELb1ELt2ELt2ELb1EEENS0_16PluginAudioPortsIXtlS3_LS4_0ELb1ELt2ELt2ELb1EEENS_22PluginAudioPortsBufferEEEE10audioPortsEv
FN:239,244,_ZNK4lmms6detail11AudioPluginINS_6EffectEXtlNS_18AudioPortsSettingsELNS_13AudioDataKindE0ELb0ELt65535ELt65535ELb0ELb1EEENS_19VstEffectAudioPortsEE15audioPortsModelEv
FN:239,244,_ZNK4lmms6detail11AudioPluginINS_6EffectEXtlNS_18AudioPortsSettingsELNS_13AudioDataKindE0ELb1ELt2ELt0ELb1EEENS0_16PluginAudioPortsIXtlS3_LS4_0ELb1ELt2ELt0ELb1EEENS_22PluginAudioPortsBufferEEEE15audioPortsModelEv
FN:239,244,_ZNK4lmms6detail11AudioPluginINS_6EffectEXtlNS_18AudioPortsSettingsELNS_13AudioDataKindE0ELb1ELt2ELt2ELb1EEENS0_16PluginAudioPortsIXtlS3_LS4_0ELb1ELt2ELt2ELb1EEENS_22PluginAudioPortsBufferEEEE15audioPortsModelEv
FN:246,304,_ZN4lmms6detail11AudioPluginINS_6EffectEXtlNS_18AudioPortsSettingsELNS_13AudioDataKindE0ELb0ELt65535ELt65535ELb0ELb1EEENS_19VstEffectAudioPortsEE18processAudioBufferERNS_8AudioBusE
FN:246,304,_ZN4lmms6detail11AudioPluginINS_6EffectEXtlNS_18AudioPortsSettingsELNS_13AudioDataKindE0ELb1ELt2ELt0ELb1EEENS0_16PluginAudioPortsIXtlS3_LS4_0ELb1ELt2ELt0ELb1EEENS_22PluginAudioPortsBufferEEEE18processAudioBufferERNS_8AudioBusE
FN:246,304,_ZN4lmms6detail11AudioPluginINS_6EffectEXtlNS_18AudioPortsSettingsELNS_13AudioDataKindE0ELb1ELt2ELt2ELb1EEENS0_16PluginAudioPortsIXtlS3_LS4_0ELb1ELt2ELt2ELb1EEENS_22PluginAudioPortsBufferEEEE18processAudioBufferERNS_8AudioBusE
FN:282,282,_ZZN4lmms6detail11AudioPluginINS_6EffectEXtlNS_18AudioPortsSettingsELNS_13AudioDataKindE0ELb0ELt65535ELt65535ELb0ELb1EEENS_19VstEffectAudioPortsEE18processAudioBufferERNS_8AudioBusEENKUlDpT_E_clIJNS_16PlanarBufferViewIfLt65535EEESE_EEEDaSA_
FN:282,282,_ZZN4lmms6detail11AudioPluginINS_6EffectEXtlNS_18AudioPortsSettingsELNS_13AudioDataKindE0ELb1ELt2ELt0ELb1EEENS0_16PluginAudioPortsIXtlS3_LS4_0ELb1ELt2ELt0ELb1EEENS_22PluginAudioPortsBufferEEEE18processAudioBufferERNS_8AudioBusEENKUlDpT_E_clIJNS_21InterleavedBufferViewIfLt2EEEEEEDaSC_
FN:282,282,_ZZN4lmms6detail11AudioPluginINS_6EffectEXtlNS_18AudioPortsSettingsELNS_13AudioDataKindE0ELb1ELt2ELt2ELb1EEENS0_16PluginAudioPortsIXtlS3_LS4_0ELb1ELt2ELt2ELb1EEENS_22PluginAudioPortsBufferEEEE18processAudioBufferERNS_8AudioBusEENKUlDpT_E_clIJNS_21InterleavedBufferViewIfLt2EEEEEEDaSC_
FN:319,356,_ZN4lmms6detail11AudioPluginINS_6EffectEXtlNS_18AudioPortsSettingsELNS_13AudioDataKindE0ELb0ELt65535ELt65535ELb0ELb1EEENS_19VstEffectAudioPortsEE11processImplEPNS_11SampleFrameEm
FN:319,356,_ZN4lmms6detail11AudioPluginINS_6EffectEXtlNS_18AudioPortsSettingsELNS_13AudioDataKindE0ELb1ELt2ELt0ELb1EEENS0_16PluginAudioPortsIXtlS3_LS4_0ELb1ELt2ELt0ELb1EEENS_22PluginAudioPortsBufferEEEE11processImplEPNS_11SampleFrameEm
FN:319,356,_ZN4lmms6detail11AudioPluginINS_6EffectEXtlNS_18AudioPortsSettingsELNS_13AudioDataKindE0ELb1ELt2ELt2ELb1EEENS0_16PluginAudioPortsIXtlS3_LS4_0ELb1ELt2ELt2ELb1EEENS_22PluginAudioPortsBufferEEEE11processImplEPNS_11SampleFrameEm
FN:339,339,_ZZN4lmms6detail11AudioPluginINS_6EffectEXtlNS_18AudioPortsSettingsELNS_13AudioDataKindE0ELb0ELt65535ELt65535ELb0ELb1EEENS_19VstEffectAudioPortsEE11processImplEPNS_11SampleFrameEmENKUlDpT_E_clIJNS_16PlanarBufferViewIfLt65535EEESE_EEEDaSA_
FN:339,339,_ZZN4lmms6detail11AudioPluginINS_6EffectEXtlNS_18AudioPortsSettingsELNS_13AudioDataKindE0ELb1ELt2ELt0ELb1EEENS0_16PluginAudioPortsIXtlS3_LS4_0ELb1ELt2ELt0ELb1EEENS_22PluginAudioPortsBufferEEEE11processImplEPNS_11SampleFrameEmENKUlDpT_E_clIJNS_21InterleavedBufferViewIfLt2EEEEEEDaSC_
FN:339,339,_ZZN4lmms6detail11AudioPluginINS_6EffectEXtlNS_18AudioPortsSettingsELNS_13AudioDataKindE0ELb1ELt2ELt2ELb1EEENS0_16PluginAudioPortsIXtlS3_LS4_0ELb1ELt2ELt2ELb1EEENS_22PluginAudioPortsBufferEEEE11processImplEPNS_11SampleFrameEmENKUlDpT_E_clIJNS_21InterleavedBufferViewIfLt2EEEEEEDaSC_
FN:362,364,_ZN4lmms6detail11AudioPluginINS_6EffectEXtlNS_18AudioPortsSettingsELNS_13AudioDataKindE0ELb0ELt65535ELt65535ELb0ELb1EEENS_19VstEffectAudioPortsEE19processBypassedImplEv
FN:362,364,_ZN4lmms6detail11AudioPluginINS_6EffectEXtlNS_18AudioPortsSettingsELNS_13AudioDataKindE0ELb1ELt2ELt0ELb1EEENS0_16PluginAudioPortsIXtlS3_LS4_0ELb1ELt2ELt0ELb1EEENS_22PluginAudioPortsBufferEEEE19processBypassedImplEv
FN:362,364,_ZN4lmms6detail11AudioPluginINS_6EffectEXtlNS_18AudioPortsSettingsELNS_13AudioDataKindE0ELb1ELt2ELt2ELb1EEENS0_16PluginAudioPortsIXtlS3_LS4_0ELb1ELt2ELt2ELb1EEENS_22PluginAudioPortsBufferEEEE19processBypassedImplEv
FN:417,421,_ZN4lmms11AudioPluginINS_10InstrumentEXtlNS_18AudioPortsSettingsELNS_13AudioDataKindE0ELb0ELt0ELt2ELb0ELb1EEENS_22ConfigurableAudioPortsIXtlS2_LS3_0ELb0ELt0ELt2ELb0ELb1EEENS_22PluginAudioPortsBufferEEEE19AudioPortSerializerC2EPS7_
FN:417,421,_ZN4lmms11AudioPluginINS_10InstrumentEXtlNS_18AudioPortsSettingsELNS_13AudioDataKindE0ELb0ELt65535ELt65535ELb0ELb1EEENS_17VestigeAudioPortsEE19AudioPortSerializerC2EPS5_
FN:417,421,_ZN4lmms11AudioPluginINS_6EffectEXtlNS_18AudioPortsSettingsELNS_13AudioDataKindE0ELb0ELt65535ELt65535ELb0ELb1EEENS_19VstEffectAudioPortsEE19AudioPortSerializerC2EPS5_
FN:417,421,_ZN4lmms11AudioPluginINS_6EffectEXtlNS_18AudioPortsSettingsELNS_13AudioDataKindE0ELb1ELt2ELt0ELb1EEENS_6detail16PluginAudioPortsIXtlS2_LS3_0ELb1ELt2ELt0ELb1EEENS_22PluginAudioPortsBufferEEEE19AudioPortSerializerC2EPS8_
FN:417,421,_ZN4lmms11AudioPluginINS_6EffectEXtlNS_18AudioPortsSettingsELNS_13AudioDataKindE0ELb1ELt2ELt2ELb1EEENS_6detail16PluginAudioPortsIXtlS2_LS3_0ELb1ELt2ELt2ELb1EEENS_22PluginAudioPortsBufferEEEE19AudioPortSerializerC2EPS8_
FN:423,426,_ZN4lmms11AudioPluginINS_10InstrumentEXtlNS_18AudioPortsSettingsELNS_13AudioDataKindE0ELb0ELt0ELt2ELb0ELb1EEENS_22ConfigurableAudioPortsIXtlS2_LS3_0ELb0ELt0ELt2ELb0ELb1EEENS_22PluginAudioPortsBufferEEEE19AudioPortSerializer12saveSettingsER12QDomDocumentR11QDomElement
FN:423,426,_ZN4lmms11AudioPluginINS_10InstrumentEXtlNS_18AudioPortsSettingsELNS_13AudioDataKindE0ELb0ELt65535ELt65535ELb0ELb1EEENS_17VestigeAudioPortsEE19AudioPortSerializer12saveSettingsER12QDomDocumentR11QDomElement
FN:423,426,_ZN4lmms11AudioPluginINS_6EffectEXtlNS_18AudioPortsSettingsELNS_13AudioDataKindE0ELb0ELt65535ELt65535ELb0ELb1EEENS_19VstEffectAudioPortsEE19AudioPortSerializer12saveSettingsER12QDomDocumentR11QDomElement
FN:423,426,_ZN4lmms11AudioPluginINS_6EffectEXtlNS_18AudioPortsSettingsELNS_13AudioDataKindE0ELb1ELt2ELt0ELb1EEENS_6detail16PluginAudioPortsIXtlS2_LS3_0ELb1ELt2ELt0ELb1EEENS_22PluginAudioPortsBufferEEEE19AudioPortSerializer12saveSettingsER12QDomDocumentR11QDomElement
FN:423,426,_ZN4lmms11AudioPluginINS_6EffectEXtlNS_18AudioPortsSettingsELNS_13AudioDataKindE0ELb1ELt2ELt2ELb1EEENS_6detail16PluginAudioPortsIXtlS2_LS3_0ELb1ELt2ELt2ELb1EEENS_22PluginAudioPortsBufferEEEE19AudioPortSerializer12saveSettingsER12QDomDocumentR11QDomElement
FN:428,431,_ZN4lmms11AudioPluginINS_10InstrumentEXtlNS_18AudioPortsSettingsELNS_13AudioDataKindE0ELb0ELt0ELt2ELb0ELb1EEENS_22ConfigurableAudioPortsIXtlS2_LS3_0ELb0ELt0ELt2ELb0ELb1EEENS_22PluginAudioPortsBufferEEEE19AudioPortSerializer12loadSettingsERK11QDomElement
FN:428,431,_ZN4lmms11AudioPluginINS_10InstrumentEXtlNS_18AudioPortsSettingsELNS_13AudioDataKindE0ELb0ELt65535ELt65535ELb0ELb1EEENS_17VestigeAudioPortsEE19AudioPortSerializer12loadSettingsERK11QDomElement
FN:428,431,_ZN4lmms11AudioPluginINS_6EffectEXtlNS_18AudioPortsSettingsELNS_13AudioDataKindE0ELb0ELt65535ELt65535ELb0ELb1EEENS_19VstEffectAudioPortsEE19AudioPortSerializer12loadSettingsERK11QDomElement
FN:428,431,_ZN4lmms11AudioPluginINS_6EffectEXtlNS_18AudioPortsSettingsELNS_13AudioDataKindE0ELb1ELt2ELt0ELb1EEENS_6detail16PluginAudioPortsIXtlS2_LS3_0ELb1ELt2ELt0ELb1EEENS_22PluginAudioPortsBufferEEEE19AudioPortSerializer12loadSettingsERK11QDomElement
FN:428,431,_ZN4lmms11AudioPluginINS_6EffectEXtlNS_18AudioPortsSettingsELNS_13AudioDataKindE0ELb1ELt2ELt2ELb1EEENS_6detail16PluginAudioPortsIXtlS2_LS3_0ELb1ELt2ELt2ELb1EEENS_22PluginAudioPortsBufferEEEE19AudioPortSerializer12loadSettingsERK11QDomElement
FNDA:2690,_ZN4lmms6detail12ProcessMutex11processLockEv
FNDA:2690,_ZN4lmms6detail12ProcessMutex13processUnlockEv
FNDA:10,_ZN4lmms6detail11AudioPluginINS_10InstrumentEXtlNS_18AudioPortsSettingsELNS_13AudioDataKindE0ELb0ELt0ELt2ELb0ELb1EEENS_22ConfigurableAudioPortsIXtlS3_LS4_0ELb0ELt0ELt2ELb0ELb1EEENS_22PluginAudioPortsBufferEEEEC2IJbEEEPKNS_6Plugin10DescriptorEPNS_15InstrumentTrackEPKNSB_17SubPluginFeatures3KeyENS_5FlagsINS2_4FlagEEEDpOT_
FNDA:0,_ZN4lmms6detail11AudioPluginINS_10InstrumentEXtlNS_18AudioPortsSettingsELNS_13AudioDataKindE0ELb0ELt65535ELt65535ELb0ELb1EEENS_17VestigeAudioPortsEEC2IJEEEPKNS_6Plugin10DescriptorEPNS_15InstrumentTrackEPKNS9_17SubPluginFeatures3KeyENS_5FlagsINS2_4FlagEEEDpOT_
FNDA:0,_ZN4lmms6detail11AudioPluginINS_10InstrumentEXtlNS_18AudioPortsSettingsELNS_13AudioDataKindE0ELb0ELt65535ELt65535ELb0ELb1EEENS_17VestigeAudioPortsEE10audioPortsEv
FNDA:0,_ZNK4lmms6detail11AudioPluginINS_10InstrumentEXtlNS_18AudioPortsSettingsELNS_13AudioDataKindE0ELb0ELt0ELt2ELb0ELb1EEENS_22ConfigurableAudioPortsIXtlS3_LS4_0ELb0ELt0ELt2ELb0ELb1EEENS_22PluginAudioPortsBufferEEEE15audioPortsModelEv
FNDA:0,_ZNK4lmms6detail11AudioPluginINS_10InstrumentEXtlNS_18AudioPortsSettingsELNS_13AudioDataKindE0ELb0ELt65535ELt65535ELb0ELb1EEENS_17VestigeAudioPortsEE15audioPortsModelEv
FNDA:0,_ZN4lmms6detail11AudioPluginINS_10InstrumentEXtlNS_18AudioPortsSettingsELNS_13AudioDataKindE0ELb0ELt0ELt2ELb0ELb1EEENS_22ConfigurableAudioPortsIXtlS3_LS4_0ELb0ELt0ELt2ELb0ELb1EEENS_22PluginAudioPortsBufferEEEE8playImplESt4spanINS_11SampleFrameELm18446744073709551615EE
FNDA:0,_ZN4lmms6detail11AudioPluginINS_10InstrumentEXtlNS_18AudioPortsSettingsELNS_13AudioDataKindE0ELb0ELt65535ELt65535ELb0ELb1EEENS_17VestigeAudioPortsEE8playImplESt4spanINS_11SampleFrameELm18446744073709551615EE
FNDA:0,_ZZN4lmms6detail11AudioPluginINS_10InstrumentEXtlNS_18AudioPortsSettingsELNS_13AudioDataKindE0ELb0ELt0ELt2ELb0ELb1EEENS_22ConfigurableAudioPortsIXtlS3_LS4_0ELb0ELt0ELt2ELb0ELb1EEENS_22PluginAudioPortsBufferEEEE8playImplESt4spanINS_11SampleFrameELm18446744073709551615EEENKUlDpT_E_clIJNS_16PlanarBufferViewIfLt0EEENSG_IfLt2EEEEEEDaSD_
FNDA:0,_ZZN4lmms6detail11AudioPluginINS_10InstrumentEXtlNS_18AudioPortsSettingsELNS_13AudioDataKindE0ELb0ELt65535ELt65535ELb0ELb1EEENS_17VestigeAudioPortsEE8playImplESt4spanINS_11SampleFrameELm18446744073709551615EEENKUlDpT_E_clIJNS_16PlanarBufferViewIfLt65535EEESF_EEEDaSB_
FNDA:0,_ZN4lmms6detail11AudioPluginINS_10InstrumentEXtlNS_18AudioPortsSettingsELNS_13AudioDataKindE0ELb0ELt0ELt2ELb0ELb1EEENS_22ConfigurableAudioPortsIXtlS3_LS4_0ELb0ELt0ELt2ELb0ELb1EEENS_22PluginAudioPortsBufferEEEE12playNoteImplEPNS_14NotePlayHandleESt4spanINS_11SampleFrameELm18446744073709551615EE
FNDA:0,_ZN4lmms6detail11AudioPluginINS_10InstrumentEXtlNS_18AudioPortsSettingsELNS_13AudioDataKindE0ELb0ELt65535ELt65535ELb0ELb1EEENS_17VestigeAudioPortsEE12playNoteImplEPNS_14NotePlayHandleESt4spanINS_11SampleFrameELm18446744073709551615EE
FNDA:0,_ZN4lmms6detail11AudioPluginINS_6EffectEXtlNS_18AudioPortsSettingsELNS_13AudioDataKindE0ELb0ELt65535ELt65535ELb0ELb1EEENS_19VstEffectAudioPortsEEC2IJEEEPKNS_6Plugin10DescriptorEPNS_5ModelEPKNS9_17SubPluginFeatures3KeyEDpOT_
FNDA:4,_ZN4lmms6detail11AudioPluginINS_6EffectEXtlNS_18AudioPortsSettingsELNS_13AudioDataKindE0ELb1ELt2ELt0ELb1EEENS0_16PluginAudioPortsIXtlS3_LS4_0ELb1ELt2ELt0ELb1EEENS_22PluginAudioPortsBufferEEEEC2IJEEEPKNS_6Plugin10DescriptorEPNS_5ModelEPKNSB_17SubPluginFeatures3KeyEDpOT_
FNDA:64,_ZN4lmms6detail11AudioPluginINS_6EffectEXtlNS_18AudioPortsSettingsELNS_13AudioDataKindE0ELb1ELt2ELt2ELb1EEENS0_16PluginAudioPortsIXtlS3_LS4_0ELb1ELt2ELt2ELb1EEENS_22PluginAudioPortsBufferEEEEC2IJEEEPKNS_6Plugin10DescriptorEPNS_5ModelEPKNSB_17SubPluginFeatures3KeyEDpOT_
FNDA:0,_ZN4lmms6detail11AudioPluginINS_6EffectEXtlNS_18AudioPortsSettingsELNS_13AudioDataKindE0ELb0ELt65535ELt65535ELb0ELb1EEENS_19VstEffectAudioPortsEE10audioPortsEv
FNDA:0,_ZN4lmms6detail11AudioPluginINS_6EffectEXtlNS_18AudioPortsSettingsELNS_13AudioDataKindE0ELb1ELt2ELt0ELb1EEENS0_16PluginAudioPortsIXtlS3_LS4_0ELb1ELt2ELt0ELb1EEENS_22PluginAudioPortsBufferEEEE10audioPortsEv
FNDA:4,_ZN4lmms6detail11AudioPluginINS_6EffectEXtlNS_18AudioPortsSettingsELNS_13AudioDataKindE0ELb1ELt2ELt2ELb1EEENS0_16PluginAudioPortsIXtlS3_LS4_0ELb1ELt2ELt2ELb1EEENS_22PluginAudioPortsBufferEEEE10audioPortsEv
FNDA:0,_ZNK4lmms6detail11AudioPluginINS_6EffectEXtlNS_18AudioPortsSettingsELNS_13AudioDataKindE0ELb0ELt65535ELt65535ELb0ELb1EEENS_19VstEffectAudioPortsEE15audioPortsModelEv
FNDA:0,_ZNK4lmms6detail11AudioPluginINS_6EffectEXtlNS_18AudioPortsSettingsELNS_13AudioDataKindE0ELb1ELt2ELt0ELb1EEENS0_16PluginAudioPortsIXtlS3_LS4_0ELb1ELt2ELt0ELb1EEENS_22PluginAudioPortsBufferEEEE15audioPortsModelEv
FNDA:4,_ZNK4lmms6detail11AudioPluginINS_6EffectEXtlNS_18AudioPortsSettingsELNS_13AudioDataKindE0ELb1ELt2ELt2ELb1EEENS0_16PluginAudioPortsIXtlS3_LS4_0ELb1ELt2ELt2ELb1EEENS_22PluginAudioPortsBufferEEEE15audioPortsModelEv
FNDA:0,_ZN4lmms6detail11AudioPluginINS_6EffectEXtlNS_18AudioPortsSettingsELNS_13AudioDataKindE0ELb0ELt65535ELt65535ELb0ELb1EEENS_19VstEffectAudioPortsEE18processAudioBufferERNS_8AudioBusE
FNDA:256,_ZN4lmms6detail11AudioPluginINS_6EffectEXtlNS_18AudioPortsSettingsELNS_13AudioDataKindE0ELb1ELt2ELt0ELb1EEENS0_16PluginAudioPortsIXtlS3_LS4_0ELb1ELt2ELt0ELb1EEENS_22PluginAudioPortsBufferEEEE18processAudioBufferERNS_8AudioBusE
FNDA:2956,_ZN4lmms6detail11AudioPluginINS_6EffectEXtlNS_18AudioPortsSettingsELNS_13AudioDataKindE0ELb1ELt2ELt2ELb1EEENS0_16PluginAudioPortsIXtlS3_LS4_0ELb1ELt2ELt2ELb1EEENS_22PluginAudioPortsBufferEEEE18processAudioBufferERNS_8AudioBusE
FNDA:0,_ZZN4lmms6detail11AudioPluginINS_6EffectEXtlNS_18AudioPortsSettingsELNS_13AudioDataKindE0ELb0ELt65535ELt65535ELb0ELb1EEENS_19VstEffectAudioPortsEE18processAudioBufferERNS_8AudioBusEENKUlDpT_E_clIJNS_16PlanarBufferViewIfLt65535EEESE_EEEDaSA_
FNDA:0,_ZZN4lmms6detail11AudioPluginINS_6EffectEXtlNS_18AudioPortsSettingsELNS_13AudioDataKindE0ELb1ELt2ELt0ELb1EEENS0_16PluginAudioPortsIXtlS3_LS4_0ELb1ELt2ELt0ELb1EEENS_22PluginAudioPortsBufferEEEE18processAudioBufferERNS_8AudioBusEENKUlDpT_E_clIJNS_21InterleavedBufferViewIfLt2EEEEEEDaSC_
FNDA:2950,_ZZN4lmms6detail11AudioPluginINS_6EffectEXtlNS_18AudioPortsSettingsELNS_13AudioDataKindE0ELb1ELt2ELt2ELb1EEENS0_16PluginAudioPortsIXtlS3_LS4_0ELb1ELt2ELt2ELb1EEENS_22PluginAudioPortsBufferEEEE18processAudioBufferERNS_8AudioBusEENKUlDpT_E_clIJNS_21InterleavedBufferViewIfLt2EEEEEEDaSC_
FNDA:0,_ZN4lmms6detail11AudioPluginINS_6EffectEXtlNS_18AudioPortsSettingsELNS_13AudioDataKindE0ELb0ELt65535ELt65535ELb0ELb1EEENS_19VstEffectAudioPortsEE11processImplEPNS_11SampleFrameEm
FNDA:0,_ZN4lmms6detail11AudioPluginINS_6EffectEXtlNS_18AudioPortsSettingsELNS_13AudioDataKindE0ELb1ELt2ELt0ELb1EEENS0_16PluginAudioPortsIXtlS3_LS4_0ELb1ELt2ELt0ELb1EEENS_22PluginAudioPortsBufferEEEE11processImplEPNS_11SampleFrameEm
FNDA:2,_ZN4lmms6detail11AudioPluginINS_6EffectEXtlNS_18AudioPortsSettingsELNS_13AudioDataKindE0ELb1ELt2ELt2ELb1EEENS0_16PluginAudioPortsIXtlS3_LS4_0ELb1ELt2ELt2ELb1EEENS_22PluginAudioPortsBufferEEEE11processImplEPNS_11SampleFrameEm
FNDA:0,_ZZN4lmms6detail11AudioPluginINS_6EffectEXtlNS_18AudioPortsSettingsELNS_13AudioDataKindE0ELb0ELt65535ELt65535ELb0ELb1EEENS_19VstEffectAudioPortsEE11processImplEPNS_11SampleFrameEmENKUlDpT_E_clIJNS_16PlanarBufferViewIfLt65535EEESE_EEEDaSA_
FNDA:0,_ZZN4lmms6detail11AudioPluginINS_6EffectEXtlNS_18AudioPortsSettingsELNS_13AudioDataKindE0ELb1ELt2ELt0ELb1EEENS0_16PluginAudioPortsIXtlS3_LS4_0ELb1ELt2ELt0ELb1EEENS_22PluginAudioPortsBufferEEEE11processImplEPNS_11SampleFrameEmENKUlDpT_E_clIJNS_21InterleavedBufferViewIfLt2EEEEEEDaSC_
FNDA:2,_ZZN4lmms6detail11AudioPluginINS_6EffectEXtlNS_18AudioPortsSettingsELNS_13AudioDataKindE0ELb1ELt2ELt2ELb1EEENS0_16PluginAudioPortsIXtlS3_LS4_0ELb1ELt2ELt2ELb1EEENS_22PluginAudioPortsBufferEEEE11processImplEPNS_11SampleFrameEmENKUlDpT_E_clIJNS_21InterleavedBufferViewIfLt2EEEEEEDaSC_
FNDA:0,_ZN4lmms6detail11AudioPluginINS_6EffectEXtlNS_18AudioPortsSettingsELNS_13AudioDataKindE0ELb0ELt65535ELt65535ELb0ELb1EEENS_19VstEffectAudioPortsEE19processBypassedImplEv
FNDA:0,_ZN4lmms6detail11AudioPluginINS_6EffectEXtlNS_18AudioPortsSettingsELNS_13AudioDataKindE0ELb1ELt2ELt0ELb1EEENS0_16PluginAudioPortsIXtlS3_LS4_0ELb1ELt2ELt0ELb1EEENS_22PluginAudioPortsBufferEEEE19processBypassedImplEv
FNDA:2,_ZN4lmms6detail11AudioPluginINS_6EffectEXtlNS_18AudioPortsSettingsELNS_13AudioDataKindE0ELb1ELt2ELt2ELb1EEENS0_16PluginAudioPortsIXtlS3_LS4_0ELb1ELt2ELt2ELb1EEENS_22PluginAudioPortsBufferEEEE19processBypassedImplEv
FNDA:10,_ZN4lmms11AudioPluginINS_10InstrumentEXtlNS_18AudioPortsSettingsELNS_13AudioDataKindE0ELb0ELt0ELt2ELb0ELb1EEENS_22ConfigurableAudioPortsIXtlS2_LS3_0ELb0ELt0ELt2ELb0ELb1EEENS_22PluginAudioPortsBufferEEEE19AudioPortSerializerC2EPS7_
FNDA:0,_ZN4lmms11AudioPluginINS_10InstrumentEXtlNS_18AudioPortsSettingsELNS_13AudioDataKindE0ELb0ELt65535ELt65535ELb0ELb1EEENS_17VestigeAudioPortsEE19AudioPortSerializerC2EPS5_
FNDA:0,_ZN4lmms11AudioPluginINS_6EffectEXtlNS_18AudioPortsSettingsELNS_13AudioDataKindE0ELb0ELt65535ELt65535ELb0ELb1EEENS_19VstEffectAudioPortsEE19AudioPortSerializerC2EPS5_
FNDA:4,_ZN4lmms11AudioPluginINS_6EffectEXtlNS_18AudioPortsSettingsELNS_13AudioDataKindE0ELb1ELt2ELt0ELb1EEENS_6detail16PluginAudioPortsIXtlS2_LS3_0ELb1ELt2ELt0ELb1EEENS_22PluginAudioPortsBufferEEEE19AudioPortSerializerC2EPS8_
FNDA:64,_ZN4lmms11AudioPluginINS_6EffectEXtlNS_18AudioPortsSettingsELNS_13AudioDataKindE0ELb1ELt2ELt2ELb1EEENS_6detail16PluginAudioPortsIXtlS2_LS3_0ELb1ELt2ELt2ELb1EEENS_22PluginAudioPortsBufferEEEE19AudioPortSerializerC2EPS8_
FNDA:2,_ZN4lmms11AudioPluginINS_10InstrumentEXtlNS_18AudioPortsSettingsELNS_13AudioDataKindE0ELb0ELt0ELt2ELb0ELb1EEENS_22ConfigurableAudioPortsIXtlS2_LS3_0ELb0ELt0ELt2ELb0ELb1EEENS_22PluginAudioPortsBufferEEEE19AudioPortSerializer12saveSettingsER12QDomDocumentR11QDomElement
FNDA:0,_ZN4lmms11AudioPluginINS_10InstrumentEXtlNS_18AudioPortsSettingsELNS_13AudioDataKindE0ELb0ELt65535ELt65535ELb0ELb1EEENS_17VestigeAudioPortsEE19AudioPortSerializer12saveSettingsER12QDomDocumentR11QDomElement
FNDA:0,_ZN4lmms11AudioPluginINS_6EffectEXtlNS_18AudioPortsSettingsELNS_13AudioDataKindE0ELb0ELt65535ELt65535ELb0ELb1EEENS_19VstEffectAudioPortsEE19AudioPortSerializer12saveSettingsER12QDomDocumentR11QDomElement
FNDA:0,_ZN4lmms11AudioPluginINS_6EffectEXtlNS_18AudioPortsSettingsELNS_13AudioDataKindE0ELb1ELt2ELt0ELb1EEENS_6detail16PluginAudioPortsIXtlS2_LS3_0ELb1ELt2ELt0ELb1EEENS_22PluginAudioPortsBufferEEEE19AudioPortSerializer12saveSettingsER12QDomDocumentR11QDomElement
FNDA:2,_ZN4lmms11AudioPluginINS_6EffectEXtlNS_18AudioPortsSettingsELNS_13AudioDataKindE0ELb1ELt2ELt2ELb1EEENS_6detail16PluginAudioPortsIXtlS2_LS3_0ELb1ELt2ELt2ELb1EEENS_22PluginAudioPortsBufferEEEE19AudioPortSerializer12saveSettingsER12QDomDocumentR11QDomElement
FNDA:10,_ZN4lmms11AudioPluginINS_10InstrumentEXtlNS_18AudioPortsSettingsELNS_13AudioDataKindE0ELb0ELt0ELt2ELb0ELb1EEENS_22ConfigurableAudioPortsIXtlS2_LS3_0ELb0ELt0ELt2ELb0ELb1EEENS_22PluginAudioPortsBufferEEEE19AudioPortSerializer12loadSettingsERK11QDomElement
FNDA:0,_ZN4lmms11AudioPluginINS_10InstrumentEXtlNS_18AudioPortsSettingsELNS_13AudioDataKindE0ELb0ELt65535ELt65535ELb0ELb1EEENS_17VestigeAudioPortsEE19AudioPortSerializer12loadSettingsERK11QDomElement
FNDA:0,_ZN4lmms11AudioPluginINS_6EffectEXtlNS_18AudioPortsSettingsELNS_13AudioDataKindE0ELb0ELt65535ELt65535ELb0ELb1EEENS_19VstEffectAudioPortsEE19AudioPortSerializer12loadSettingsERK11QDomElement
FNDA:0,_ZN4lmms11AudioPluginINS_6EffectEXtlNS_18AudioPortsSettingsELNS_13AudioDataKindE0ELb1ELt2ELt0ELb1EEENS_6detail16PluginAudioPortsIXtlS2_LS3_0ELb1ELt2ELt0ELb1EEENS_22PluginAudioPortsBufferEEEE19AudioPortSerializer12loadSettingsERK11QDomElement
FNDA:2,_ZN4lmms11AudioPluginINS_6EffectEXtlNS_18AudioPortsSettingsELNS_13AudioDataKindE0ELb1ELt2ELt2ELb1EEENS_6detail16PluginAudioPortsIXtlS2_LS3_0ELb1ELt2ELt2ELb1EEENS_22PluginAudioPortsBufferEEEE19AudioPortSerializer12loadSettingsERK11QDomElement
FNF:52
FNH:20
DA:51,10
DA:117,10
DA:121,2690
DA:123,2690
DA:143,10
DA:148,10
DA:150,10
DA:151,10
DA:154,32
DA:157,0
DA:159,0
DA:160,0
DA:161,0
DA:164,0
DA:166,0
DA:169,0
DA:172,0
DA:175,0
DA:176,0
DA:179,0
DA:180,0
DA:181,0
DA:183,0
DA:184,0
DA:185,0
DA:186,0
DA:189,0
DA:192,0
DA:203,0
DA:218,68
DA:222,68
DA:224,68
DA:225,68
DA:236,4
DA:239,4
DA:241,4
DA:242,4
DA:243,4
DA:246,3212
DA:248,3212
DA:250,314
DA:252,56
DA:260,258
DA:262,258
DA:266,2954
DA:269,2
DA:272,2952
DA:275,2
DA:276,2
DA:277,2
DA:280,2950
DA:282,2950
DA:283,2950
DA:286,2950
DA:288,130
DA:289,130
DA:290,2816
DA:291,2816
DA:292,2816
DA:293,2
DA:294,2
DA:295,2
DA:296,2
DA:297,2
DA:298,2
DA:301,2948
DA:302,2948
DA:303,2948
DA:319,2
DA:327,2
DA:329,0
DA:335,2
DA:336,2
DA:338,2
DA:339,2
DA:340,2
DA:343,2
DA:345,2
DA:346,2
DA:347,0
DA:348,0
DA:349,0
DA:350,0
DA:351,0
DA:352,0
DA:355,0
DA:362,2
DA:364,2
DA:417,78
DA:418,78
DA:420,78
DA:421,78
DA:423,4
DA:425,4
DA:426,4
DA:428,12
DA:430,12
DA:431,12
LF:98
LH:70
end_of_record
TN:
SF:/home/kruzzzzy/Documents/AI_KOS_PROJECT/projects/lmms-fl-research/zene-pa-coverage/include/AudioPorts.h
FN:107,107,_ZN4lmms6detail20AudioPortsBufferBaseD0Ev
FN:107,107,_ZN4lmms6detail20AudioPortsBufferBaseD2Ev
FN:160,163,_ZN4lmms6detail16AudioPortsRouterIXtlNS_18AudioPortsSettingsELNS_13AudioDataKindE0ELb0ELt65535ELt65535ELb0ELb1EEEEC2ERNS_10AudioPortsIXtlS2_LS3_0ELb0ELt65535ELt65535ELb0ELb1EEEEE
FN:160,163,_ZN4lmms6detail16AudioPortsRouterIXtlNS_18AudioPortsSettingsELNS_13AudioDataKindE0ELb1ELt2ELt0ELb1EEEEC2ERNS_10AudioPortsIXtlS2_LS3_0ELb1ELt2ELt0ELb1EEEEE
FN:160,163,_ZN4lmms6detail16AudioPortsRouterIXtlNS_18AudioPortsSettingsELNS_13AudioDataKindE0ELb1ELt2ELt2ELb1EEEEC2ERNS_10AudioPortsIXtlS2_LS3_0ELb1ELt2ELt2ELb1EEEEE
FN:160,163,_ZN4lmms6detail16AudioPortsRouterIXtlNS_18AudioPortsSettingsELNS_13AudioDataKindE0ELb1ELt2ELt2ELb1ELb1EEEEC2ERNS_10AudioPortsIXtlS2_LS3_0ELb1ELt2ELt2ELb1ELb1EEEEE
FN:175,211,_ZN4lmms6detail16AudioPortsRouterIXtlNS_18AudioPortsSettingsELNS_13AudioDataKindE0ELb0ELt0ELt2ELb0ELb1EEEE7processIZNS0_11AudioPluginINS_10InstrumentEXtlS2_LS3_0ELb0ELt0ELt2ELb0ELb1EEENS_22ConfigurableAudioPortsIXtlS2_LS3_0ELb0ELt0ELt2ELb0ELb1EEENS_22PluginAudioPortsBufferEEEE8playImplESt4spanINS_11SampleFrameELm18446744073709551615EEEUlDpT_E_EENS_13ProcessStatusERNS_8AudioBusEOT_
FN:175,211,_ZN4lmms6detail16AudioPortsRouterIXtlNS_18AudioPortsSettingsELNS_13AudioDataKindE0ELb0ELt65535ELt65535ELb0ELb1EEEE7processIZNS0_11AudioPluginINS_10InstrumentEXtlS2_LS3_0ELb0ELt65535ELt65535ELb0ELb1EEENS_17VestigeAudioPortsEE8playImplESt4spanINS_11SampleFrameELm18446744073709551615EEEUlDpT_E_EENS_13ProcessStatusERNS_8AudioBusEOT_
FN:175,211,_ZN4lmms6detail16AudioPortsRouterIXtlNS_18AudioPortsSettingsELNS_13AudioDataKindE0ELb0ELt65535ELt65535ELb0ELb1EEEE7processIZNS0_11AudioPluginINS_6EffectEXtlS2_LS3_0ELb0ELt65535ELt65535ELb0ELb1EEENS_19VstEffectAudioPortsEE11processImplEPNS_11SampleFrameEmEUlDpT_E_EENS_13ProcessStatusERNS_8AudioBusEOT_
FN:175,211,_ZN4lmms6detail16AudioPortsRouterIXtlNS_18AudioPortsSettingsELNS_13AudioDataKindE0ELb0ELt65535ELt65535ELb0ELb1EEEE7processIZNS0_11AudioPluginINS_6EffectEXtlS2_LS3_0ELb0ELt65535ELt65535ELb0ELb1EEENS_19VstEffectAudioPortsEE18processAudioBufferERNS_8AudioBusEEUlDpT_E_EENS_13ProcessStatusESB_OT_
FN:175,211,_ZN4lmms6detail16AudioPortsRouterIXtlNS_18AudioPortsSettingsELNS_13AudioDataKindE0ELb1ELt2ELt0ELb1EEEE7processIZNS0_11AudioPluginINS_6EffectEXtlS2_LS3_0ELb1ELt2ELt0ELb1EEENS0_16PluginAudioPortsIXtlS2_LS3_0ELb1ELt2ELt0ELb1EEENS_22PluginAudioPortsBufferEEEE11processImplEPNS_11SampleFrameEmEUlDpT_E_EENS_13ProcessStatusERNS_8AudioBusEOT_
FN:175,211,_ZN4lmms6detail16AudioPortsRouterIXtlNS_18AudioPortsSettingsELNS_13AudioDataKindE0ELb1ELt2ELt0ELb1EEEE7processIZNS0_11AudioPluginINS_6EffectEXtlS2_LS3_0ELb1ELt2ELt0ELb1EEENS0_16PluginAudioPortsIXtlS2_LS3_0ELb1ELt2ELt0ELb1EEENS_22PluginAudioPortsBufferEEEE18processAudioBufferERNS_8AudioBusEEUlDpT_E_EENS_13ProcessStatusESD_OT_
FN:175,211,_ZN4lmms6detail16AudioPortsRouterIXtlNS_18AudioPortsSettingsELNS_13AudioDataKindE0ELb1ELt2ELt2ELb1EEEE7processIZNS0_11AudioPluginINS_6EffectEXtlS2_LS3_0ELb1ELt2ELt2ELb1EEENS0_16PluginAudioPortsIXtlS2_LS3_0ELb1ELt2ELt2ELb1EEENS_22PluginAudioPortsBufferEEEE11processImplEPNS_11SampleFrameEmEUlDpT_E_EENS_13ProcessStatusERNS_8AudioBusEOT_
FN:175,211,_ZN4lmms6detail16AudioPortsRouterIXtlNS_18AudioPortsSettingsELNS_13AudioDataKindE0ELb1ELt2ELt2ELb1EEEE7processIZNS0_11AudioPluginINS_6EffectEXtlS2_LS3_0ELb1ELt2ELt2ELb1EEENS0_16PluginAudioPortsIXtlS2_LS3_0ELb1ELt2ELt2ELb1EEENS_22PluginAudioPortsBufferEEEE18processAudioBufferERNS_8AudioBusEEUlDpT_E_EENS_13ProcessStatusESD_OT_
FN:175,211,_ZN4lmms6detail16AudioPortsRouterIXtlNS_18AudioPortsSettingsELNS_13AudioDataKindE0ELb1ELt2ELt2ELb1ELb1EEEE7processIZN20PluginAudioPortsTest28sendRoutesAllPinCombinationsEvEUlT_E_EENS_13ProcessStatusERNS_8AudioBusEOS7_
FN:175,211,_ZN4lmms6detail16AudioPortsRouterIXtlNS_18AudioPortsSettingsELNS_13AudioDataKindE0ELb1ELt2ELt2ELb1ELb1EEEE7processIZN20PluginAudioPortsTest31receiveRoutesAllPinCombinationsEvEUlT_E_EENS_13ProcessStatusERNS_8AudioBusEOS7_
FN:219,219,_ZNK4lmms6detail16AudioPortsRouterIXtlNS_18AudioPortsSettingsELNS_13AudioDataKindE0ELb0ELt65535ELt65535ELb0ELb1EEEE12silentOutputEv
FN:219,219,_ZNK4lmms6detail16AudioPortsRouterIXtlNS_18AudioPortsSettingsELNS_13AudioDataKindE0ELb1ELt2ELt0ELb1EEEE12silentOutputEv
FN:219,219,_ZNK4lmms6detail16AudioPortsRouterIXtlNS_18AudioPortsSettingsELNS_13AudioDataKindE0ELb1ELt2ELt2ELb1EEEE12silentOutputEv
FN:296,299,_ZN4lmms10AudioPortsIXtlNS_18AudioPortsSettingsELNS_13AudioDataKindE0ELb0ELt0ELt2ELb0ELb1EEEEC2EbPNS_5ModelE
FN:296,299,_ZN4lmms10AudioPortsIXtlNS_18AudioPortsSettingsELNS_13AudioDataKindE0ELb0ELt1ELt1ELb1ELb1EEEEC2EbPNS_5ModelE
FN:296,299,_ZN4lmms10AudioPortsIXtlNS_18AudioPortsSettingsELNS_13AudioDataKindE0ELb0ELt4ELt4ELb1ELb1EEEEC2EbPNS_5ModelE
FN:296,299,_ZN4lmms10AudioPortsIXtlNS_18AudioPortsSettingsELNS_13AudioDataKindE0ELb0ELt65535ELt65535ELb0ELb1EEEEC2EbPNS_5ModelE
FN:296,299,_ZN4lmms10AudioPortsIXtlNS_18AudioPortsSettingsELNS_13AudioDataKindE0ELb1ELt2ELt0ELb1EEEEC2EbPNS_5ModelE
FN:296,299,_ZN4lmms10AudioPortsIXtlNS_18AudioPortsSettingsELNS_13AudioDataKindE0ELb1ELt2ELt2ELb1EEEEC2EbPNS_5ModelE
FN:296,299,_ZN4lmms10AudioPortsIXtlNS_18AudioPortsSettingsELNS_13AudioDataKindE0ELb1ELt2ELt2ELb1ELb1EEEEC2EbPNS_5ModelE
FN:325,333,_ZN4lmms10AudioPortsIXtlNS_18AudioPortsSettingsELNS_13AudioDataKindE0ELb0ELt0ELt2ELb0ELb1EEEE4initEv
FN:325,333,_ZN4lmms10AudioPortsIXtlNS_18AudioPortsSettingsELNS_13AudioDataKindE0ELb0ELt1ELt1ELb1ELb1EEEE4initEv
FN:325,333,_ZN4lmms10AudioPortsIXtlNS_18AudioPortsSettingsELNS_13AudioDataKindE0ELb0ELt4ELt4ELb1ELb1EEEE4initEv
FN:325,333,_ZN4lmms10AudioPortsIXtlNS_18AudioPortsSettingsELNS_13AudioDataKindE0ELb0ELt65535ELt65535ELb0ELb1EEEE4initEv
FN:325,333,_ZN4lmms10AudioPortsIXtlNS_18AudioPortsSettingsELNS_13AudioDataKindE0ELb1ELt2ELt0ELb1EEEE4initEv
FN:325,333,_ZN4lmms10AudioPortsIXtlNS_18AudioPortsSettingsELNS_13AudioDataKindE0ELb1ELt2ELt2ELb1EEEE4initEv
FN:325,333,_ZN4lmms10AudioPortsIXtlNS_18AudioPortsSettingsELNS_13AudioDataKindE0ELb1ELt2ELt2ELb1ELb1EEEE4initEv
FN:341,349,_ZNK4lmms10AudioPortsIXtlNS_18AudioPortsSettingsELNS_13AudioDataKindE0ELb0ELt0ELt2ELb0ELb1EEEE6activeEv
FN:341,349,_ZNK4lmms10AudioPortsIXtlNS_18AudioPortsSettingsELNS_13AudioDataKindE0ELb0ELt1ELt1ELb1ELb1EEEE6activeEv
FN:341,349,_ZNK4lmms10AudioPortsIXtlNS_18AudioPortsSettingsELNS_13AudioDataKindE0ELb0ELt4ELt4ELb1ELb1EEEE6activeEv
FN:341,349,_ZNK4lmms10AudioPortsIXtlNS_18AudioPortsSettingsELNS_13AudioDataKindE0ELb0ELt65535ELt65535ELb0ELb1EEEE6activeEv
FN:341,349,_ZNK4lmms10AudioPortsIXtlNS_18AudioPortsSettingsELNS_13AudioDataKindE0ELb1ELt2ELt0ELb1EEEE6activeEv
FN:341,349,_ZNK4lmms10AudioPortsIXtlNS_18AudioPortsSettingsELNS_13AudioDataKindE0ELb1ELt2ELt2ELb1EEEE6activeEv
FN:341,349,_ZNK4lmms10AudioPortsIXtlNS_18AudioPortsSettingsELNS_13AudioDataKindE0ELb1ELt2ELt2ELb1ELb1EEEE6activeEv
FN:358,362,_ZNK4lmms10AudioPortsIXtlNS_18AudioPortsSettingsELNS_13AudioDataKindE0ELb0ELt1ELt1ELb1ELb1EEEE12constBuffersEv
FN:358,362,_ZNK4lmms10AudioPortsIXtlNS_18AudioPortsSettingsELNS_13AudioDataKindE0ELb0ELt4ELt4ELb1ELb1EEEE12constBuffersEv
FN:358,362,_ZNK4lmms10AudioPortsIXtlNS_18AudioPortsSettingsELNS_13AudioDataKindE0ELb0ELt65535ELt65535ELb0ELb1EEEE12constBuffersEv
FN:358,362,_ZNK4lmms10AudioPortsIXtlNS_18AudioPortsSettingsELNS_13AudioDataKindE0ELb1ELt2ELt0ELb1EEEE12constBuffersEv
FN:358,362,_ZNK4lmms10AudioPortsIXtlNS_18AudioPortsSettingsELNS_13AudioDataKindE0ELb1ELt2ELt2ELb1EEEE12constBuffersEv
FN:358,362,_ZNK4lmms10AudioPortsIXtlNS_18AudioPortsSettingsELNS_13AudioDataKindE0ELb1ELt2ELt2ELb1ELb1EEEE12constBuffersEv
FN:364,367,_ZNK4lmms10AudioPortsIXtlNS_18AudioPortsSettingsELNS_13AudioDataKindE0ELb0ELt65535ELt65535ELb0ELb1EEEE5modelEv
FN:364,367,_ZNK4lmms10AudioPortsIXtlNS_18AudioPortsSettingsELNS_13AudioDataKindE0ELb1ELt2ELt0ELb1EEEE5modelEv
FN:364,367,_ZNK4lmms10AudioPortsIXtlNS_18AudioPortsSettingsELNS_13AudioDataKindE0ELb1ELt2ELt2ELb1EEEE5modelEv
FN:364,367,_ZNK4lmms10AudioPortsIXtlNS_18AudioPortsSettingsELNS_13AudioDataKindE0ELb1ELt2ELt2ELb1ELb1EEEE5modelEv
FN:374,377,_ZN4lmms10AudioPortsIXtlNS_18AudioPortsSettingsELNS_13AudioDataKindE0ELb0ELt65535ELt65535ELb0ELb1EEEE9getRouterEv
FN:374,377,_ZN4lmms10AudioPortsIXtlNS_18AudioPortsSettingsELNS_13AudioDataKindE0ELb1ELt2ELt0ELb1EEEE9getRouterEv
FN:374,377,_ZN4lmms10AudioPortsIXtlNS_18AudioPortsSettingsELNS_13AudioDataKindE0ELb1ELt2ELt2ELb1EEEE9getRouterEv
FN:374,377,_ZN4lmms10AudioPortsIXtlNS_18AudioPortsSettingsELNS_13AudioDataKindE0ELb1ELt2ELt2ELb1ELb1EEEE9getRouterEv
FN:396,400,_ZN4lmms16CustomAudioPortsIXtlNS_18AudioPortsSettingsELNS_13AudioDataKindE0ELb0ELt0ELt2ELb0ELb1EEEE24bufferPropertiesChangingEttm
FN:396,400,_ZN4lmms16CustomAudioPortsIXtlNS_18AudioPortsSettingsELNS_13AudioDataKindE0ELb0ELt65535ELt65535ELb0ELb1EEEE24bufferPropertiesChangingEttm
FN:408,418,_ZN4lmms6detail13convertSampleIffEET_T0_
FN:423,483,_ZNK4lmms6detail16AudioPortsRouterIXtlNS_18AudioPortsSettingsELNS_13AudioDataKindE0ELb0ELt65535ELt65535ELb0ELb1EEEE4sendERKNS_8AudioBusENS_16PlanarBufferViewIfLt65535EEE
FN:486,622,_ZNK4lmms6detail16AudioPortsRouterIXtlNS_18AudioPortsSettingsELNS_13AudioDataKindE0ELb0ELt0ELt2ELb0ELb1EEEE7receiveENS_16PlanarBufferViewIKfLt2EEERNS_8AudioBusE
FN:486,622,_ZNK4lmms6detail16AudioPortsRouterIXtlNS_18AudioPortsSettingsELNS_13AudioDataKindE0ELb0ELt65535ELt65535ELb0ELb1EEEE7receiveENS_16PlanarBufferViewIKfLt65535EEERNS_8AudioBusE
FN:502,502,_ZZNK4lmms6detail16AudioPortsRouterIXtlNS_18AudioPortsSettingsELNS_13AudioDataKindE0ELb0ELt0ELt2ELb0ELb1EEEE7receiveENS_16PlanarBufferViewIKfLt2EEERNS_8AudioBusEENKUlPftT_E_clISt17integral_constantIhLh1EEEEDaSA_tSB_
FN:502,502,_ZZNK4lmms6detail16AudioPortsRouterIXtlNS_18AudioPortsSettingsELNS_13AudioDataKindE0ELb0ELt0ELt2ELb0ELb1EEEE7receiveENS_16PlanarBufferViewIKfLt2EEERNS_8AudioBusEENKUlPftT_E_clISt17integral_constantIhLh2EEEEDaSA_tSB_
FN:502,502,_ZZNK4lmms6detail16AudioPortsRouterIXtlNS_18AudioPortsSettingsELNS_13AudioDataKindE0ELb0ELt0ELt2ELb0ELb1EEEE7receiveENS_16PlanarBufferViewIKfLt2EEERNS_8AudioBusEENKUlPftT_E_clISt17integral_constantIhLh3EEEEDaSA_tSB_
FN:502,502,_ZZNK4lmms6detail16AudioPortsRouterIXtlNS_18AudioPortsSettingsELNS_13AudioDataKindE0ELb0ELt65535ELt65535ELb0ELb1EEEE7receiveENS_16PlanarBufferViewIKfLt65535EEERNS_8AudioBusEENKUlPftT_E_clISt17integral_constantIhLh1EEEEDaSA_tSB_
FN:502,502,_ZZNK4lmms6detail16AudioPortsRouterIXtlNS_18AudioPortsSettingsELNS_13AudioDataKindE0ELb0ELt65535ELt65535ELb0ELb1EEEE7receiveENS_16PlanarBufferViewIKfLt65535EEERNS_8AudioBusEENKUlPftT_E_clISt17integral_constantIhLh2EEEEDaSA_tSB_
FN:502,502,_ZZNK4lmms6detail16AudioPortsRouterIXtlNS_18AudioPortsSettingsELNS_13AudioDataKindE0ELb0ELt65535ELt65535ELb0ELb1EEEE7receiveENS_16PlanarBufferViewIKfLt65535EEERNS_8AudioBusEENKUlPftT_E_clISt17integral_constantIhLh3EEEEDaSA_tSB_
FN:625,712,_ZNK4lmms6detail16AudioPortsRouterIXtlNS_18AudioPortsSettingsELNS_13AudioDataKindE0ELb1ELt2ELt0ELb1EEEE4sendERKNS_8AudioBusENS_21InterleavedBufferViewIfLt2EEE
FN:625,712,_ZNK4lmms6detail16AudioPortsRouterIXtlNS_18AudioPortsSettingsELNS_13AudioDataKindE0ELb1ELt2ELt2ELb1EEEE4sendERKNS_8AudioBusENS_21InterleavedBufferViewIfLt2EEE
FN:625,712,_ZNK4lmms6detail16AudioPortsRouterIXtlNS_18AudioPortsSettingsELNS_13AudioDataKindE0ELb1ELt2ELt2ELb1ELb1EEEE4sendERKNS_8AudioBusENS_21InterleavedBufferViewIfLt2EEE
FN:647,647,_ZZNK4lmms6detail16AudioPortsRouterIXtlNS_18AudioPortsSettingsELNS_13AudioDataKindE0ELb1ELt2ELt0ELb1EEEE4sendERKNS_8AudioBusENS_21InterleavedBufferViewIfLt2EEEENKUlPKfT_E_clISt17integral_constantIhLh10EEEEDaSB_SC_
FN:647,647,_ZZNK4lmms6detail16AudioPortsRouterIXtlNS_18AudioPortsSettingsELNS_13AudioDataKindE0ELb1ELt2ELt0ELb1EEEE4sendERKNS_8AudioBusENS_21InterleavedBufferViewIfLt2EEEENKUlPKfT_E_clISt17integral_constantIhLh11EEEEDaSB_SC_
FN:647,647,_ZZNK4lmms6detail16AudioPortsRouterIXtlNS_18AudioPortsSettingsELNS_13AudioDataKindE0ELb1ELt2ELt0ELb1EEEE4sendERKNS_8AudioBusENS_21InterleavedBufferViewIfLt2EEEENKUlPKfT_E_clISt17integral_constantIhLh12EEEEDaSB_SC_
FN:647,647,_ZZNK4lmms6detail16AudioPortsRouterIXtlNS_18AudioPortsSettingsELNS_13AudioDataKindE0ELb1ELt2ELt0ELb1EEEE4sendERKNS_8AudioBusENS_21InterleavedBufferViewIfLt2EEEENKUlPKfT_E_clISt17integral_constantIhLh13EEEEDaSB_SC_
FN:647,647,_ZZNK4lmms6detail16AudioPortsRouterIXtlNS_18AudioPortsSettingsELNS_13AudioDataKindE0ELb1ELt2ELt0ELb1EEEE4sendERKNS_8AudioBusENS_21InterleavedBufferViewIfLt2EEEENKUlPKfT_E_clISt17integral_constantIhLh14EEEEDaSB_SC_
FN:647,647,_ZZNK4lmms6detail16AudioPortsRouterIXtlNS_18AudioPortsSettingsELNS_13AudioDataKindE0ELb1ELt2ELt0ELb1EEEE4sendERKNS_8AudioBusENS_21InterleavedBufferViewIfLt2EEEENKUlPKfT_E_clISt17integral_constantIhLh15EEEEDaSB_SC_
FN:647,647,_ZZNK4lmms6detail16AudioPortsRouterIXtlNS_18AudioPortsSettingsELNS_13AudioDataKindE0ELb1ELt2ELt0ELb1EEEE4sendERKNS_8AudioBusENS_21InterleavedBufferViewIfLt2EEEENKUlPKfT_E_clISt17integral_constantIhLh1EEEEDaSB_SC_
FN:647,647,_ZZNK4lmms6detail16AudioPortsRouterIXtlNS_18AudioPortsSettingsELNS_13AudioDataKindE0ELb1ELt2ELt0ELb1EEEE4sendERKNS_8AudioBusENS_21InterleavedBufferViewIfLt2EEEENKUlPKfT_E_clISt17integral_constantIhLh2EEEEDaSB_SC_
FN:647,647,_ZZNK4lmms6detail16AudioPortsRouterIXtlNS_18AudioPortsSettingsELNS_13AudioDataKindE0ELb1ELt2ELt0ELb1EEEE4sendERKNS_8AudioBusENS_21InterleavedBufferViewIfLt2EEEENKUlPKfT_E_clISt17integral_constantIhLh3EEEEDaSB_SC_
FN:647,647,_ZZNK4lmms6detail16AudioPortsRouterIXtlNS_18AudioPortsSettingsELNS_13AudioDataKindE0ELb1ELt2ELt0ELb1EEEE4sendERKNS_8AudioBusENS_21InterleavedBufferViewIfLt2EEEENKUlPKfT_E_clISt17integral_constantIhLh4EEEEDaSB_SC_
FN:647,647,_ZZNK4lmms6detail16AudioPortsRouterIXtlNS_18AudioPortsSettingsELNS_13AudioDataKindE0ELb1ELt2ELt0ELb1EEEE4sendERKNS_8AudioBusENS_21InterleavedBufferViewIfLt2EEEENKUlPKfT_E_clISt17integral_constantIhLh5EEEEDaSB_SC_
FN:647,647,_ZZNK4lmms6detail16AudioPortsRouterIXtlNS_18AudioPortsSettingsELNS_13AudioDataKindE0ELb1ELt2ELt0ELb1EEEE4sendERKNS_8AudioBusENS_21InterleavedBufferViewIfLt2EEEENKUlPKfT_E_clISt17integral_constantIhLh6EEEEDaSB_SC_
FN:647,647,_ZZNK4lmms6detail16AudioPortsRouterIXtlNS_18AudioPortsSettingsELNS_13AudioDataKindE0ELb1ELt2ELt0ELb1EEEE4sendERKNS_8AudioBusENS_21InterleavedBufferViewIfLt2EEEENKUlPKfT_E_clISt17integral_constantIhLh7EEEEDaSB_SC_
FN:647,647,_ZZNK4lmms6detail16AudioPortsRouterIXtlNS_18AudioPortsSettingsELNS_13AudioDataKindE0ELb1ELt2ELt0ELb1EEEE4sendERKNS_8AudioBusENS_21InterleavedBufferViewIfLt2EEEENKUlPKfT_E_clISt17integral_constantIhLh8EEEEDaSB_SC_
FN:647,647,_ZZNK4lmms6detail16AudioPortsRouterIXtlNS_18AudioPortsSettingsELNS_13AudioDataKindE0ELb1ELt2ELt0ELb1EEEE4sendERKNS_8AudioBusENS_21InterleavedBufferViewIfLt2EEEENKUlPKfT_E_clISt17integral_constantIhLh9EEEEDaSB_SC_
FN:647,647,_ZZNK4lmms6detail16AudioPortsRouterIXtlNS_18AudioPortsSettingsELNS_13AudioDataKindE0ELb1ELt2ELt2ELb1EEEE4sendERKNS_8AudioBusENS_21InterleavedBufferViewIfLt2EEEENKUlPKfT_E_clISt17integral_constantIhLh10EEEEDaSB_SC_
FN:647,647,_ZZNK4lmms6detail16AudioPortsRouterIXtlNS_18AudioPortsSettingsELNS_13AudioDataKindE0ELb1ELt2ELt2ELb1EEEE4sendERKNS_8AudioBusENS_21InterleavedBufferViewIfLt2EEEENKUlPKfT_E_clISt17integral_constantIhLh11EEEEDaSB_SC_
FN:647,647,_ZZNK4lmms6detail16AudioPortsRouterIXtlNS_18AudioPortsSettingsELNS_13AudioDataKindE0ELb1ELt2ELt2ELb1EEEE4sendERKNS_8AudioBusENS_21InterleavedBufferViewIfLt2EEEENKUlPKfT_E_clISt17integral_constantIhLh12EEEEDaSB_SC_
FN:647,647,_ZZNK4lmms6detail16AudioPortsRouterIXtlNS_18AudioPortsSettingsELNS_13AudioDataKindE0ELb1ELt2ELt2ELb1EEEE4sendERKNS_8AudioBusENS_21InterleavedBufferViewIfLt2EEEENKUlPKfT_E_clISt17integral_constantIhLh13EEEEDaSB_SC_
FN:647,647,_ZZNK4lmms6detail16AudioPortsRouterIXtlNS_18AudioPortsSettingsELNS_13AudioDataKindE0ELb1ELt2ELt2ELb1EEEE4sendERKNS_8AudioBusENS_21InterleavedBufferViewIfLt2EEEENKUlPKfT_E_clISt17integral_constantIhLh14EEEEDaSB_SC_
FN:647,647,_ZZNK4lmms6detail16AudioPortsRouterIXtlNS_18AudioPortsSettingsELNS_13AudioDataKindE0ELb1ELt2ELt2ELb1EEEE4sendERKNS_8AudioBusENS_21InterleavedBufferViewIfLt2EEEENKUlPKfT_E_clISt17integral_constantIhLh15EEEEDaSB_SC_
FN:647,647,_ZZNK4lmms6detail16AudioPortsRouterIXtlNS_18AudioPortsSettingsELNS_13AudioDataKindE0ELb1ELt2ELt2ELb1EEEE4sendERKNS_8AudioBusENS_21InterleavedBufferViewIfLt2EEEENKUlPKfT_E_clISt17integral_constantIhLh1EEEEDaSB_SC_
FN:647,647,_ZZNK4lmms6detail16AudioPortsRouterIXtlNS_18AudioPortsSettingsELNS_13AudioDataKindE0ELb1ELt2ELt2ELb1EEEE4sendERKNS_8AudioBusENS_21InterleavedBufferViewIfLt2EEEENKUlPKfT_E_clISt17integral_constantIhLh2EEEEDaSB_SC_
FN:647,647,_ZZNK4lmms6detail16AudioPortsRouterIXtlNS_18AudioPortsSettingsELNS_13AudioDataKindE0ELb1ELt2ELt2ELb1EEEE4sendERKNS_8AudioBusENS_21InterleavedBufferViewIfLt2EEEENKUlPKfT_E_clISt17integral_constantIhLh3EEEEDaSB_SC_
FN:647,647,_ZZNK4lmms6detail16AudioPortsRouterIXtlNS_18AudioPortsSettingsELNS_13AudioDataKindE0ELb1ELt2ELt2ELb1EEEE4sendERKNS_8AudioBusENS_21InterleavedBufferViewIfLt2EEEENKUlPKfT_E_clISt17integral_constantIhLh4EEEEDaSB_SC_
FN:647,647,_ZZNK4lmms6detail16AudioPortsRouterIXtlNS_18AudioPortsSettingsELNS_13AudioDataKindE0ELb1ELt2ELt2ELb1EEEE4sendERKNS_8AudioBusENS_21InterleavedBufferViewIfLt2EEEENKUlPKfT_E_clISt17integral_constantIhLh5EEEEDaSB_SC_
FN:647,647,_ZZNK4lmms6detail16AudioPortsRouterIXtlNS_18AudioPortsSettingsELNS_13AudioDataKindE0ELb1ELt2ELt2ELb1EEEE4sendERKNS_8AudioBusENS_21InterleavedBufferViewIfLt2EEEENKUlPKfT_E_clISt17integral_constantIhLh6EEEEDaSB_SC_
FN:647,647,_ZZNK4lmms6detail16AudioPortsRouterIXtlNS_18AudioPortsSettingsELNS_13AudioDataKindE0ELb1ELt2ELt2ELb1EEEE4sendERKNS_8AudioBusENS_21InterleavedBufferViewIfLt2EEEENKUlPKfT_E_clISt17integral_constantIhLh7EEEEDaSB_SC_
FN:647,647,_ZZNK4lmms6detail16AudioPortsRouterIXtlNS_18AudioPortsSettingsELNS_13AudioDataKindE0ELb1ELt2ELt2ELb1EEEE4sendERKNS_8AudioBusENS_21InterleavedBufferViewIfLt2EEEENKUlPKfT_E_clISt17integral_constantIhLh8EEEEDaSB_SC_
FN:647,647,_ZZNK4lmms6detail16AudioPortsRouterIXtlNS_18AudioPortsSettingsELNS_13AudioDataKindE0ELb1ELt2ELt2ELb1EEEE4sendERKNS_8AudioBusENS_21InterleavedBufferViewIfLt2EEEENKUlPKfT_E_clISt17integral_constantIhLh9EEEEDaSB_SC_
FN:647,647,_ZZNK4lmms6detail16AudioPortsRouterIXtlNS_18AudioPortsSettingsELNS_13AudioDataKindE0ELb1ELt2ELt2ELb1ELb1EEEE4sendERKNS_8AudioBusENS_21InterleavedBufferViewIfLt2EEEENKUlPKfT_E_clISt17integral_constantIhLh10EEEEDaSB_SC_
FN:647,647,_ZZNK4lmms6detail16AudioPortsRouterIXtlNS_18AudioPortsSettingsELNS_13AudioDataKindE0ELb1ELt2ELt2ELb1ELb1EEEE4sendERKNS_8AudioBusENS_21InterleavedBufferViewIfLt2EEEENKUlPKfT_E_clISt17integral_constantIhLh11EEEEDaSB_SC_
FN:647,647,_ZZNK4lmms6detail16AudioPortsRouterIXtlNS_18AudioPortsSettingsELNS_13AudioDataKindE0ELb1ELt2ELt2ELb1ELb1EEEE4sendERKNS_8AudioBusENS_21InterleavedBufferViewIfLt2EEEENKUlPKfT_E_clISt17integral_constantIhLh12EEEEDaSB_SC_
FN:647,647,_ZZNK4lmms6detail16AudioPortsRouterIXtlNS_18AudioPortsSettingsELNS_13AudioDataKindE0ELb1ELt2ELt2ELb1ELb1EEEE4sendERKNS_8AudioBusENS_21InterleavedBufferViewIfLt2EEEENKUlPKfT_E_clISt17integral_constantIhLh13EEEEDaSB_SC_
FN:647,647,_ZZNK4lmms6detail16AudioPortsRouterIXtlNS_18AudioPortsSettingsELNS_13AudioDataKindE0ELb1ELt2ELt2ELb1ELb1EEEE4sendERKNS_8AudioBusENS_21InterleavedBufferViewIfLt2EEEENKUlPKfT_E_clISt17integral_constantIhLh14EEEEDaSB_SC_
FN:647,647,_ZZNK4lmms6detail16AudioPortsRouterIXtlNS_18AudioPortsSettingsELNS_13AudioDataKindE0ELb1ELt2ELt2ELb1ELb1EEEE4sendERKNS_8AudioBusENS_21InterleavedBufferViewIfLt2EEEENKUlPKfT_E_clISt17integral_constantIhLh15EEEEDaSB_SC_
FN:647,647,_ZZNK4lmms6detail16AudioPortsRouterIXtlNS_18AudioPortsSettingsELNS_13AudioDataKindE0ELb1ELt2ELt2ELb1ELb1EEEE4sendERKNS_8AudioBusENS_21InterleavedBufferViewIfLt2EEEENKUlPKfT_E_clISt17integral_constantIhLh1EEEEDaSB_SC_
FN:647,647,_ZZNK4lmms6detail16AudioPortsRouterIXtlNS_18AudioPortsSettingsELNS_13AudioDataKindE0ELb1ELt2ELt2ELb1ELb1EEEE4sendERKNS_8AudioBusENS_21InterleavedBufferViewIfLt2EEEENKUlPKfT_E_clISt17integral_constantIhLh2EEEEDaSB_SC_
FN:647,647,_ZZNK4lmms6detail16AudioPortsRouterIXtlNS_18AudioPortsSettingsELNS_13AudioDataKindE0ELb1ELt2ELt2ELb1ELb1EEEE4sendERKNS_8AudioBusENS_21InterleavedBufferViewIfLt2EEEENKUlPKfT_E_clISt17integral_constantIhLh3EEEEDaSB_SC_
FN:647,647,_ZZNK4lmms6detail16AudioPortsRouterIXtlNS_18AudioPortsSettingsELNS_13AudioDataKindE0ELb1ELt2ELt2ELb1ELb1EEEE4sendERKNS_8AudioBusENS_21InterleavedBufferViewIfLt2EEEENKUlPKfT_E_clISt17integral_constantIhLh4EEEEDaSB_SC_
FN:647,647,_ZZNK4lmms6detail16AudioPortsRouterIXtlNS_18AudioPortsSettingsELNS_13AudioDataKindE0ELb1ELt2ELt2ELb1ELb1EEEE4sendERKNS_8AudioBusENS_21InterleavedBufferViewIfLt2EEEENKUlPKfT_E_clISt17integral_constantIhLh5EEEEDaSB_SC_
FN:647,647,_ZZNK4lmms6detail16AudioPortsRouterIXtlNS_18AudioPortsSettingsELNS_13AudioDataKindE0ELb1ELt2ELt2ELb1ELb1EEEE4sendERKNS_8AudioBusENS_21InterleavedBufferViewIfLt2EEEENKUlPKfT_E_clISt17integral_constantIhLh6EEEEDaSB_SC_
FN:647,647,_ZZNK4lmms6detail16AudioPortsRouterIXtlNS_18AudioPortsSettingsELNS_13AudioDataKindE0ELb1ELt2ELt2ELb1ELb1EEEE4sendERKNS_8AudioBusENS_21InterleavedBufferViewIfLt2EEEENKUlPKfT_E_clISt17integral_constantIhLh7EEEEDaSB_SC_
FN:647,647,_ZZNK4lmms6detail16AudioPortsRouterIXtlNS_18AudioPortsSettingsELNS_13AudioDataKindE0ELb1ELt2ELt2ELb1ELb1EEEE4sendERKNS_8AudioBusENS_21InterleavedBufferViewIfLt2EEEENKUlPKfT_E_clISt17integral_constantIhLh8EEEEDaSB_SC_
FN:647,647,_ZZNK4lmms6detail16AudioPortsRouterIXtlNS_18AudioPortsSettingsELNS_13AudioDataKindE0ELb1ELt2ELt2ELb1ELb1EEEE4sendERKNS_8AudioBusENS_21InterleavedBufferViewIfLt2EEEENKUlPKfT_E_clISt17integral_constantIhLh9EEEEDaSB_SC_
FN:715,811,_ZNK4lmms6detail16AudioPortsRouterIXtlNS_18AudioPortsSettingsELNS_13AudioDataKindE0ELb1ELt2ELt2ELb1EEEE7receiveENS_21InterleavedBufferViewIKfLt2EEERNS_8AudioBusE
FN:715,811,_ZNK4lmms6detail16AudioPortsRouterIXtlNS_18AudioPortsSettingsELNS_13AudioDataKindE0ELb1ELt2ELt2ELb1ELb1EEEE7receiveENS_21InterleavedBufferViewIKfLt2EEERNS_8AudioBusE
FN:734,734,_ZZNK4lmms6detail16AudioPortsRouterIXtlNS_18AudioPortsSettingsELNS_13AudioDataKindE0ELb1ELt2ELt2ELb1EEEE7receiveENS_21InterleavedBufferViewIKfLt2EEERNS_8AudioBusEENKUlPfT_E_clISt17integral_constantIhLh10EEEEDaSA_SB_
FN:734,734,_ZZNK4lmms6detail16AudioPortsRouterIXtlNS_18AudioPortsSettingsELNS_13AudioDataKindE0ELb1ELt2ELt2ELb1EEEE7receiveENS_21InterleavedBufferViewIKfLt2EEERNS_8AudioBusEENKUlPfT_E_clISt17integral_constantIhLh11EEEEDaSA_SB_
FN:734,734,_ZZNK4lmms6detail16AudioPortsRouterIXtlNS_18AudioPortsSettingsELNS_13AudioDataKindE0ELb1ELt2ELt2ELb1EEEE7receiveENS_21InterleavedBufferViewIKfLt2EEERNS_8AudioBusEENKUlPfT_E_clISt17integral_constantIhLh12EEEEDaSA_SB_
FN:734,734,_ZZNK4lmms6detail16AudioPortsRouterIXtlNS_18AudioPortsSettingsELNS_13AudioDataKindE0ELb1ELt2ELt2ELb1EEEE7receiveENS_21InterleavedBufferViewIKfLt2EEERNS_8AudioBusEENKUlPfT_E_clISt17integral_constantIhLh13EEEEDaSA_SB_
FN:734,734,_ZZNK4lmms6detail16AudioPortsRouterIXtlNS_18AudioPortsSettingsELNS_13AudioDataKindE0ELb1ELt2ELt2ELb1EEEE7receiveENS_21InterleavedBufferViewIKfLt2EEERNS_8AudioBusEENKUlPfT_E_clISt17integral_constantIhLh14EEEEDaSA_SB_
FN:734,734,_ZZNK4lmms6detail16AudioPortsRouterIXtlNS_18AudioPortsSettingsELNS_13AudioDataKindE0ELb1ELt2ELt2ELb1EEEE7receiveENS_21InterleavedBufferViewIKfLt2EEERNS_8AudioBusEENKUlPfT_E_clISt17integral_constantIhLh15EEEEDaSA_SB_
FN:734,734,_ZZNK4lmms6detail16AudioPortsRouterIXtlNS_18AudioPortsSettingsELNS_13AudioDataKindE0ELb1ELt2ELt2ELb1EEEE7receiveENS_21InterleavedBufferViewIKfLt2EEERNS_8AudioBusEENKUlPfT_E_clISt17integral_constantIhLh1EEEEDaSA_SB_
FN:734,734,_ZZNK4lmms6detail16AudioPortsRouterIXtlNS_18AudioPortsSettingsELNS_13AudioDataKindE0ELb1ELt2ELt2ELb1EEEE7receiveENS_21InterleavedBufferViewIKfLt2EEERNS_8AudioBusEENKUlPfT_E_clISt17integral_constantIhLh2EEEEDaSA_SB_
FN:734,734,_ZZNK4lmms6detail16AudioPortsRouterIXtlNS_18AudioPortsSettingsELNS_13AudioDataKindE0ELb1ELt2ELt2ELb1EEEE7receiveENS_21InterleavedBufferViewIKfLt2EEERNS_8AudioBusEENKUlPfT_E_clISt17integral_constantIhLh3EEEEDaSA_SB_
FN:734,734,_ZZNK4lmms6detail16AudioPortsRouterIXtlNS_18AudioPortsSettingsELNS_13AudioDataKindE0ELb1ELt2ELt2ELb1EEEE7receiveENS_21InterleavedBufferViewIKfLt2EEERNS_8AudioBusEENKUlPfT_E_clISt17integral_constantIhLh4EEEEDaSA_SB_
FN:734,734,_ZZNK4lmms6detail16AudioPortsRouterIXtlNS_18AudioPortsSettingsELNS_13AudioDataKindE0ELb1ELt2ELt2ELb1EEEE7receiveENS_21InterleavedBufferViewIKfLt2EEERNS_8AudioBusEENKUlPfT_E_clISt17integral_constantIhLh5EEEEDaSA_SB_
FN:734,734,_ZZNK4lmms6detail16AudioPortsRouterIXtlNS_18AudioPortsSettingsELNS_13AudioDataKindE0ELb1ELt2ELt2ELb1EEEE7receiveENS_21InterleavedBufferViewIKfLt2EEERNS_8AudioBusEENKUlPfT_E_clISt17integral_constantIhLh6EEEEDaSA_SB_
FN:734,734,_ZZNK4lmms6detail16AudioPortsRouterIXtlNS_18AudioPortsSettingsELNS_13AudioDataKindE0ELb1ELt2ELt2ELb1EEEE7receiveENS_21InterleavedBufferViewIKfLt2EEERNS_8AudioBusEENKUlPfT_E_clISt17integral_constantIhLh7EEEEDaSA_SB_
FN:734,734,_ZZNK4lmms6detail16AudioPortsRouterIXtlNS_18AudioPortsSettingsELNS_13AudioDataKindE0ELb1ELt2ELt2ELb1EEEE7receiveENS_21InterleavedBufferViewIKfLt2EEERNS_8AudioBusEENKUlPfT_E_clISt17integral_constantIhLh8EEEEDaSA_SB_
FN:734,734,_ZZNK4lmms6detail16AudioPortsRouterIXtlNS_18AudioPortsSettingsELNS_13AudioDataKindE0ELb1ELt2ELt2ELb1EEEE7receiveENS_21InterleavedBufferViewIKfLt2EEERNS_8AudioBusEENKUlPfT_E_clISt17integral_constantIhLh9EEEEDaSA_SB_
FN:734,734,_ZZNK4lmms6detail16AudioPortsRouterIXtlNS_18AudioPortsSettingsELNS_13AudioDataKindE0ELb1ELt2ELt2ELb1ELb1EEEE7receiveENS_21InterleavedBufferViewIKfLt2EEERNS_8AudioBusEENKUlPfT_E_clISt17integral_constantIhLh10EEEEDaSA_SB_
FN:734,734,_ZZNK4lmms6detail16AudioPortsRouterIXtlNS_18AudioPortsSettingsELNS_13AudioDataKindE0ELb1ELt2ELt2ELb1ELb1EEEE7receiveENS_21InterleavedBufferViewIKfLt2EEERNS_8AudioBusEENKUlPfT_E_clISt17integral_constantIhLh11EEEEDaSA_SB_
FN:734,734,_ZZNK4lmms6detail16AudioPortsRouterIXtlNS_18AudioPortsSettingsELNS_13AudioDataKindE0ELb1ELt2ELt2ELb1ELb1EEEE7receiveENS_21InterleavedBufferViewIKfLt2EEERNS_8AudioBusEENKUlPfT_E_clISt17integral_constantIhLh12EEEEDaSA_SB_
FN:734,734,_ZZNK4lmms6detail16AudioPortsRouterIXtlNS_18AudioPortsSettingsELNS_13AudioDataKindE0ELb1ELt2ELt2ELb1ELb1EEEE7receiveENS_21InterleavedBufferViewIKfLt2EEERNS_8AudioBusEENKUlPfT_E_clISt17integral_constantIhLh13EEEEDaSA_SB_
FN:734,734,_ZZNK4lmms6detail16AudioPortsRouterIXtlNS_18AudioPortsSettingsELNS_13AudioDataKindE0ELb1ELt2ELt2ELb1ELb1EEEE7receiveENS_21InterleavedBufferViewIKfLt2EEERNS_8AudioBusEENKUlPfT_E_clISt17integral_constantIhLh14EEEEDaSA_SB_
FN:734,734,_ZZNK4lmms6detail16AudioPortsRouterIXtlNS_18AudioPortsSettingsELNS_13AudioDataKindE0ELb1ELt2ELt2ELb1ELb1EEEE7receiveENS_21InterleavedBufferViewIKfLt2EEERNS_8AudioBusEENKUlPfT_E_clISt17integral_constantIhLh15EEEEDaSA_SB_
FN:734,734,_ZZNK4lmms6detail16AudioPortsRouterIXtlNS_18AudioPortsSettingsELNS_13AudioDataKindE0ELb1ELt2ELt2ELb1ELb1EEEE7receiveENS_21InterleavedBufferViewIKfLt2EEERNS_8AudioBusEENKUlPfT_E_clISt17integral_constantIhLh1EEEEDaSA_SB_
FN:734,734,_ZZNK4lmms6detail16AudioPortsRouterIXtlNS_18AudioPortsSettingsELNS_13AudioDataKindE0ELb1ELt2ELt2ELb1ELb1EEEE7receiveENS_21InterleavedBufferViewIKfLt2EEERNS_8AudioBusEENKUlPfT_E_clISt17integral_constantIhLh2EEEEDaSA_SB_
FN:734,734,_ZZNK4lmms6detail16AudioPortsRouterIXtlNS_18AudioPortsSettingsELNS_13AudioDataKindE0ELb1ELt2ELt2ELb1ELb1EEEE7receiveENS_21InterleavedBufferViewIKfLt2EEERNS_8AudioBusEENKUlPfT_E_clISt17integral_constantIhLh3EEEEDaSA_SB_
FN:734,734,_ZZNK4lmms6detail16AudioPortsRouterIXtlNS_18AudioPortsSettingsELNS_13AudioDataKindE0ELb1ELt2ELt2ELb1ELb1EEEE7receiveENS_21InterleavedBufferViewIKfLt2EEERNS_8AudioBusEENKUlPfT_E_clISt17integral_constantIhLh4EEEEDaSA_SB_
FN:734,734,_ZZNK4lmms6detail16AudioPortsRouterIXtlNS_18AudioPortsSettingsELNS_13AudioDataKindE0ELb1ELt2ELt2ELb1ELb1EEEE7receiveENS_21InterleavedBufferViewIKfLt2EEERNS_8AudioBusEENKUlPfT_E_clISt17integral_constantIhLh5EEEEDaSA_SB_
FN:734,734,_ZZNK4lmms6detail16AudioPortsRouterIXtlNS_18AudioPortsSettingsELNS_13AudioDataKindE0ELb1ELt2ELt2ELb1ELb1EEEE7receiveENS_21InterleavedBufferViewIKfLt2EEERNS_8AudioBusEENKUlPfT_E_clISt17integral_constantIhLh6EEEEDaSA_SB_
FN:734,734,_ZZNK4lmms6detail16AudioPortsRouterIXtlNS_18AudioPortsSettingsELNS_13AudioDataKindE0ELb1ELt2ELt2ELb1ELb1EEEE7receiveENS_21InterleavedBufferViewIKfLt2EEERNS_8AudioBusEENKUlPfT_E_clISt17integral_constantIhLh7EEEEDaSA_SB_
FN:734,734,_ZZNK4lmms6detail16AudioPortsRouterIXtlNS_18AudioPortsSettingsELNS_13AudioDataKindE0ELb1ELt2ELt2ELb1ELb1EEEE7receiveENS_21InterleavedBufferViewIKfLt2EEERNS_8AudioBusEENKUlPfT_E_clISt17integral_constantIhLh8EEEEDaSA_SB_
FN:734,734,_ZZNK4lmms6detail16AudioPortsRouterIXtlNS_18AudioPortsSettingsELNS_13AudioDataKindE0ELb1ELt2ELt2ELb1ELb1EEEE7receiveENS_21InterleavedBufferViewIKfLt2EEERNS_8AudioBusEENKUlPfT_E_clISt17integral_constantIhLh9EEEEDaSA_SB_
FN:815,859,_ZN4lmms6detail16AudioPortsRouterIXtlNS_18AudioPortsSettingsELNS_13AudioDataKindE0ELb0ELt0ELt2ELb0ELb1EEEE15processNormallyIZNS0_11AudioPluginINS_10InstrumentEXtlS2_LS3_0ELb0ELt0ELt2ELb0ELb1EEENS_22ConfigurableAudioPortsIXtlS2_LS3_0ELb0ELt0ELt2ELb0ELb1EEENS_22PluginAudioPortsBufferEEEE8playImplESt4spanINS_11SampleFrameELm18446744073709551615EEEUlDpT_E_EENS_13ProcessStatusERNS_8AudioBusERNS0_16AudioPortsBufferIXtlS2_LS3_0ELb0ELt0ELt2ELb0ELb1EEEXdtL_Z78_ZTAXtlN4lmms18AudioPortsSettingsELNS_13AudioDataKindE0ELb0ELt0ELt2ELb0ELb1EEEE7inplaceEEEOT_
FN:815,859,_ZN4lmms6detail16AudioPortsRouterIXtlNS_18AudioPortsSettingsELNS_13AudioDataKindE0ELb0ELt65535ELt65535ELb0ELb1EEEE15processNormallyIZNS0_11AudioPluginINS_10InstrumentEXtlS2_LS3_0ELb0ELt65535ELt65535ELb0ELb1EEENS_17VestigeAudioPortsEE8playImplESt4spanINS_11SampleFrameELm18446744073709551615EEEUlDpT_E_EENS_13ProcessStatusERNS_8AudioBusERNS0_16AudioPortsBufferIXtlS2_LS3_0ELb0ELt65535ELt65535ELb0ELb1EEEXdtL_Z86_ZTAXtlN4lmms18AudioPortsSettingsELNS_13AudioDataKindE0ELb0ELt65535ELt65535ELb0ELb1EEEE7inplaceEEEOT_
FN:815,859,_ZN4lmms6detail16AudioPortsRouterIXtlNS_18AudioPortsSettingsELNS_13AudioDataKindE0ELb0ELt65535ELt65535ELb0ELb1EEEE15processNormallyIZNS0_11AudioPluginINS_6EffectEXtlS2_LS3_0ELb0ELt65535ELt65535ELb0ELb1EEENS_19VstEffectAudioPortsEE11processImplEPNS_11SampleFrameEmEUlDpT_E_EENS_13ProcessStatusERNS_8AudioBusERNS0_16AudioPortsBufferIXtlS2_LS3_0ELb0ELt65535ELt65535ELb0ELb1EEEXdtL_Z86_ZTAXtlN4lmms18AudioPortsSettingsELNS_13AudioDataKindE0ELb0ELt65535ELt65535ELb0ELb1EEEE7inplaceEEEOT_
FN:815,859,_ZN4lmms6detail16AudioPortsRouterIXtlNS_18AudioPortsSettingsELNS_13AudioDataKindE0ELb0ELt65535ELt65535ELb0ELb1EEEE15processNormallyIZNS0_11AudioPluginINS_6EffectEXtlS2_LS3_0ELb0ELt65535ELt65535ELb0ELb1EEENS_19VstEffectAudioPortsEE18processAudioBufferERNS_8AudioBusEEUlDpT_E_EENS_13ProcessStatusESB_RNS0_16AudioPortsBufferIXtlS2_LS3_0ELb0ELt65535ELt65535ELb0ELb1EEEXdtL_Z86_ZTAXtlN4lmms18AudioPortsSettingsELNS_13AudioDataKindE0ELb0ELt65535ELt65535ELb0ELb1EEEE7inplaceEEEOT_
FN:815,859,_ZN4lmms6detail16AudioPortsRouterIXtlNS_18AudioPortsSettingsELNS_13AudioDataKindE0ELb1ELt2ELt0ELb1EEEE15processNormallyIZNS0_11AudioPluginINS_6EffectEXtlS2_LS3_0ELb1ELt2ELt0ELb1EEENS0_16PluginAudioPortsIXtlS2_LS3_0ELb1ELt2ELt0ELb1EEENS_22PluginAudioPortsBufferEEEE11processImplEPNS_11SampleFrameEmEUlDpT_E_EENS_13ProcessStatusERNS_8AudioBusERNS0_16AudioPortsBufferIXtlS2_LS3_0ELb1ELt2ELt0ELb1EEEXdtL_Z74_ZTAXtlN4lmms18AudioPortsSettingsELNS_13AudioDataKindE0ELb1ELt2ELt0ELb1EEEE7inplaceEEEOT_
FN:815,859,_ZN4lmms6detail16AudioPortsRouterIXtlNS_18AudioPortsSettingsELNS_13AudioDataKindE0ELb1ELt2ELt0ELb1EEEE15processNormallyIZNS0_11AudioPluginINS_6EffectEXtlS2_LS3_0ELb1ELt2ELt0ELb1EEENS0_16PluginAudioPortsIXtlS2_LS3_0ELb1ELt2ELt0ELb1EEENS_22PluginAudioPortsBufferEEEE18processAudioBufferERNS_8AudioBusEEUlDpT_E_EENS_13ProcessStatusESD_RNS0_16AudioPortsBufferIXtlS2_LS3_0ELb1ELt2ELt0ELb1EEEXdtL_Z74_ZTAXtlN4lmms18AudioPortsSettingsELNS_13AudioDataKindE0ELb1ELt2ELt0ELb1EEEE7inplaceEEEOT_
FN:815,859,_ZN4lmms6detail16AudioPortsRouterIXtlNS_18AudioPortsSettingsELNS_13AudioDataKindE0ELb1ELt2ELt2ELb1EEEE15processNormallyIZNS0_11AudioPluginINS_6EffectEXtlS2_LS3_0ELb1ELt2ELt2ELb1EEENS0_16PluginAudioPortsIXtlS2_LS3_0ELb1ELt2ELt2ELb1EEENS_22PluginAudioPortsBufferEEEE11processImplEPNS_11SampleFrameEmEUlDpT_E_EENS_13ProcessStatusERNS_8AudioBusERNS0_16AudioPortsBufferIXtlS2_LS3_0ELb1ELt2ELt2ELb1EEEXdtL_Z74_ZTAXtlN4lmms18AudioPortsSettingsELNS_13AudioDataKindE0ELb1ELt2ELt2ELb1EEEE7inplaceEEEOT_
FN:815,859,_ZN4lmms6detail16AudioPortsRouterIXtlNS_18AudioPortsSettingsELNS_13AudioDataKindE0ELb1ELt2ELt2ELb1EEEE15processNormallyIZNS0_11AudioPluginINS_6EffectEXtlS2_LS3_0ELb1ELt2ELt2ELb1EEENS0_16PluginAudioPortsIXtlS2_LS3_0ELb1ELt2ELt2ELb1EEENS_22PluginAudioPortsBufferEEEE18processAudioBufferERNS_8AudioBusEEUlDpT_E_EENS_13ProcessStatusESD_RNS0_16AudioPortsBufferIXtlS2_LS3_0ELb1ELt2ELt2ELb1EEEXdtL_Z74_ZTAXtlN4lmms18AudioPortsSettingsELNS_13AudioDataKindE0ELb1ELt2ELt2ELb1EEEE7inplaceEEEOT_
FN:815,859,_ZN4lmms6detail16AudioPortsRouterIXtlNS_18AudioPortsSettingsELNS_13AudioDataKindE0ELb1ELt2ELt2ELb1ELb1EEEE15processNormallyIZN20PluginAudioPortsTest28sendRoutesAllPinCombinationsEvEUlT_E_EENS_13ProcessStatusERNS_8AudioBusERNS0_16AudioPortsBufferIXtlS2_LS3_0ELb1ELt2ELt2ELb1ELb1EEEXdtL_Z78_ZTAXtlN4lmms18AudioPortsSettingsELNS_13AudioDataKindE0ELb1ELt2ELt2ELb1ELb1EEEE7inplaceEEEOS7_
FN:815,859,_ZN4lmms6detail16AudioPortsRouterIXtlNS_18AudioPortsSettingsELNS_13AudioDataKindE0ELb1ELt2ELt2ELb1ELb1EEEE15processNormallyIZN20PluginAudioPortsTest31receiveRoutesAllPinCombinationsEvEUlT_E_EENS_13ProcessStatusERNS_8AudioBusERNS0_16AudioPortsBufferIXtlS2_LS3_0ELb1ELt2ELt2ELb1ELb1EEEXdtL_Z78_ZTAXtlN4lmms18AudioPortsSettingsELNS_13AudioDataKindE0ELb1ELt2ELt2ELb1ELb1EEEE7inplaceEEEOS7_
FN:863,986,_ZN4lmms6detail16AudioPortsRouterIXtlNS_18AudioPortsSettingsELNS_13AudioDataKindE0ELb1ELt2ELt0ELb1EEEE24processWithDirectRoutingIZNS0_11AudioPluginINS_6EffectEXtlS2_LS3_0ELb1ELt2ELt0ELb1EEENS0_16PluginAudioPortsIXtlS2_LS3_0ELb1ELt2ELt0ELb1EEENS_22PluginAudioPortsBufferEEEE11processImplEPNS_11SampleFrameEmEUlDpT_E_EENS_13ProcessStatusENS_21InterleavedBufferViewIfLt2EEERNS0_16AudioPortsBufferIXtlS2_LS3_0ELb1ELt2ELt0ELb1EEEXdtL_Z74_ZTAXtlN4lmms18AudioPortsSettingsELNS_13AudioDataKindE0ELb1ELt2ELt0ELb1EEEE7inplaceEEEOT_
FN:863,986,_ZN4lmms6detail16AudioPortsRouterIXtlNS_18AudioPortsSettingsELNS_13AudioDataKindE0ELb1ELt2ELt0ELb1EEEE24processWithDirectRoutingIZNS0_11AudioPluginINS_6EffectEXtlS2_LS3_0ELb1ELt2ELt0ELb1EEENS0_16PluginAudioPortsIXtlS2_LS3_0ELb1ELt2ELt0ELb1EEENS_22PluginAudioPortsBufferEEEE18processAudioBufferERNS_8AudioBusEEUlDpT_E_EENS_13ProcessStatusENS_21InterleavedBufferViewIfLt2EEERNS0_16AudioPortsBufferIXtlS2_LS3_0ELb1ELt2ELt0ELb1EEEXdtL_Z74_ZTAXtlN4lmms18AudioPortsSettingsELNS_13AudioDataKindE0ELb1ELt2ELt0ELb1EEEE7inplaceEEEOT_
FN:863,986,_ZN4lmms6detail16AudioPortsRouterIXtlNS_18AudioPortsSettingsELNS_13AudioDataKindE0ELb1ELt2ELt2ELb1EEEE24processWithDirectRoutingIZNS0_11AudioPluginINS_6EffectEXtlS2_LS3_0ELb1ELt2ELt2ELb1EEENS0_16PluginAudioPortsIXtlS2_LS3_0ELb1ELt2ELt2ELb1EEENS_22PluginAudioPortsBufferEEEE11processImplEPNS_11SampleFrameEmEUlDpT_E_EENS_13ProcessStatusENS_21InterleavedBufferViewIfLt2EEERNS0_16AudioPortsBufferIXtlS2_LS3_0ELb1ELt2ELt2ELb1EEEXdtL_Z74_ZTAXtlN4lmms18AudioPortsSettingsELNS_13AudioDataKindE0ELb1ELt2ELt2ELb1EEEE7inplaceEEEOT_
FN:863,986,_ZN4lmms6detail16AudioPortsRouterIXtlNS_18AudioPortsSettingsELNS_13AudioDataKindE0ELb1ELt2ELt2ELb1EEEE24processWithDirectRoutingIZNS0_11AudioPluginINS_6EffectEXtlS2_LS3_0ELb1ELt2ELt2ELb1EEENS0_16PluginAudioPortsIXtlS2_LS3_0ELb1ELt2ELt2ELb1EEENS_22PluginAudioPortsBufferEEEE18processAudioBufferERNS_8AudioBusEEUlDpT_E_EENS_13ProcessStatusENS_21InterleavedBufferViewIfLt2EEERNS0_16AudioPortsBufferIXtlS2_LS3_0ELb1ELt2ELt2ELb1EEEXdtL_Z74_ZTAXtlN4lmms18AudioPortsSettingsELNS_13AudioDataKindE0ELb1ELt2ELt2ELb1EEEE7inplaceEEEOT_
FN:863,986,_ZN4lmms6detail16AudioPortsRouterIXtlNS_18AudioPortsSettingsELNS_13AudioDataKindE0ELb1ELt2ELt2ELb1ELb1EEEE24processWithDirectRoutingIZN20PluginAudioPortsTest28sendRoutesAllPinCombinationsEvEUlT_E_EENS_13ProcessStatusENS_21InterleavedBufferViewIfLt2EEERNS0_16AudioPortsBufferIXtlS2_LS3_0ELb1ELt2ELt2ELb1ELb1EEEXdtL_Z78_ZTAXtlN4lmms18AudioPortsSettingsELNS_13AudioDataKindE0ELb1ELt2ELt2ELb1ELb1EEEE7inplaceEEEOS7_
FN:863,986,_ZN4lmms6detail16AudioPortsRouterIXtlNS_18AudioPortsSettingsELNS_13AudioDataKindE0ELb1ELt2ELt2ELb1ELb1EEEE24processWithDirectRoutingIZN20PluginAudioPortsTest31receiveRoutesAllPinCombinationsEvEUlT_E_EENS_13ProcessStatusENS_21InterleavedBufferViewIfLt2EEERNS0_16AudioPortsBufferIXtlS2_LS3_0ELb1ELt2ELt2ELb1ELb1EEEXdtL_Z78_ZTAXtlN4lmms18AudioPortsSettingsELNS_13AudioDataKindE0ELb1ELt2ELt2ELb1ELb1EEEE7inplaceEEEOS7_
FNDA:0,_ZN4lmms6detail20AudioPortsBufferBaseD0Ev
FNDA:110,_ZN4lmms6detail20AudioPortsBufferBaseD2Ev
FNDA:0,_ZN4lmms6detail16AudioPortsRouterIXtlNS_18AudioPortsSettingsELNS_13AudioDataKindE0ELb0ELt65535ELt65535ELb0ELb1EEEEC2ERNS_10AudioPortsIXtlS2_LS3_0ELb0ELt65535ELt65535ELb0ELb1EEEEE
FNDA:0,_ZN4lmms6detail16AudioPortsRouterIXtlNS_18AudioPortsSettingsELNS_13AudioDataKindE0ELb1ELt2ELt0ELb1EEEEC2ERNS_10AudioPortsIXtlS2_LS3_0ELb1ELt2ELt0ELb1EEEEE
FNDA:2952,_ZN4lmms6detail16AudioPortsRouterIXtlNS_18AudioPortsSettingsELNS_13AudioDataKindE0ELb1ELt2ELt2ELb1EEEEC2ERNS_10AudioPortsIXtlS2_LS3_0ELb1ELt2ELt2ELb1EEEEE
FNDA:64,_ZN4lmms6detail16AudioPortsRouterIXtlNS_18AudioPortsSettingsELNS_13AudioDataKindE0ELb1ELt2ELt2ELb1ELb1EEEEC2ERNS_10AudioPortsIXtlS2_LS3_0ELb1ELt2ELt2ELb1ELb1EEEEE
FNDA:0,_ZN4lmms6detail16AudioPortsRouterIXtlNS_18AudioPortsSettingsELNS_13AudioDataKindE0ELb0ELt0ELt2ELb0ELb1EEEE7processIZNS0_11AudioPluginINS_10InstrumentEXtlS2_LS3_0ELb0ELt0ELt2ELb0ELb1EEENS_22ConfigurableAudioPortsIXtlS2_LS3_0ELb0ELt0ELt2ELb0ELb1EEENS_22PluginAudioPortsBufferEEEE8playImplESt4spanINS_11SampleFrameELm18446744073709551615EEEUlDpT_E_EENS_13ProcessStatusERNS_8AudioBusEOT_
FNDA:0,_ZN4lmms6detail16AudioPortsRouterIXtlNS_18AudioPortsSettingsELNS_13AudioDataKindE0ELb0ELt65535ELt65535ELb0ELb1EEEE7processIZNS0_11AudioPluginINS_10InstrumentEXtlS2_LS3_0ELb0ELt65535ELt65535ELb0ELb1EEENS_17VestigeAudioPortsEE8playImplESt4spanINS_11SampleFrameELm18446744073709551615EEEUlDpT_E_EENS_13ProcessStatusERNS_8AudioBusEOT_
FNDA:0,_ZN4lmms6detail16AudioPortsRouterIXtlNS_18AudioPortsSettingsELNS_13AudioDataKindE0ELb0ELt65535ELt65535ELb0ELb1EEEE7processIZNS0_11AudioPluginINS_6EffectEXtlS2_LS3_0ELb0ELt65535ELt65535ELb0ELb1EEENS_19VstEffectAudioPortsEE11processImplEPNS_11SampleFrameEmEUlDpT_E_EENS_13ProcessStatusERNS_8AudioBusEOT_
FNDA:0,_ZN4lmms6detail16AudioPortsRouterIXtlNS_18AudioPortsSettingsELNS_13AudioDataKindE0ELb0ELt65535ELt65535ELb0ELb1EEEE7processIZNS0_11AudioPluginINS_6EffectEXtlS2_LS3_0ELb0ELt65535ELt65535ELb0ELb1EEENS_19VstEffectAudioPortsEE18processAudioBufferERNS_8AudioBusEEUlDpT_E_EENS_13ProcessStatusESB_OT_
FNDA:0,_ZN4lmms6detail16AudioPortsRouterIXtlNS_18AudioPortsSettingsELNS_13AudioDataKindE0ELb1ELt2ELt0ELb1EEEE7processIZNS0_11AudioPluginINS_6EffectEXtlS2_LS3_0ELb1ELt2ELt0ELb1EEENS0_16PluginAudioPortsIXtlS2_LS3_0ELb1ELt2ELt0ELb1EEENS_22PluginAudioPortsBufferEEEE11processImplEPNS_11SampleFrameEmEUlDpT_E_EENS_13ProcessStatusERNS_8AudioBusEOT_
FNDA:0,_ZN4lmms6detail16AudioPortsRouterIXtlNS_18AudioPortsSettingsELNS_13AudioDataKindE0ELb1ELt2ELt0ELb1EEEE7processIZNS0_11AudioPluginINS_6EffectEXtlS2_LS3_0ELb1ELt2ELt0ELb1EEENS0_16PluginAudioPortsIXtlS2_LS3_0ELb1ELt2ELt0ELb1EEENS_22PluginAudioPortsBufferEEEE18processAudioBufferERNS_8AudioBusEEUlDpT_E_EENS_13ProcessStatusESD_OT_
FNDA:2,_ZN4lmms6detail16AudioPortsRouterIXtlNS_18AudioPortsSettingsELNS_13AudioDataKindE0ELb1ELt2ELt2ELb1EEEE7processIZNS0_11AudioPluginINS_6EffectEXtlS2_LS3_0ELb1ELt2ELt2ELb1EEENS0_16PluginAudioPortsIXtlS2_LS3_0ELb1ELt2ELt2ELb1EEENS_22PluginAudioPortsBufferEEEE11processImplEPNS_11SampleFrameEmEUlDpT_E_EENS_13ProcessStatusERNS_8AudioBusEOT_
FNDA:2950,_ZN4lmms6detail16AudioPortsRouterIXtlNS_18AudioPortsSettingsELNS_13AudioDataKindE0ELb1ELt2ELt2ELb1EEEE7processIZNS0_11AudioPluginINS_6EffectEXtlS2_LS3_0ELb1ELt2ELt2ELb1EEENS0_16PluginAudioPortsIXtlS2_LS3_0ELb1ELt2ELt2ELb1EEENS_22PluginAudioPortsBufferEEEE18processAudioBufferERNS_8AudioBusEEUlDpT_E_EENS_13ProcessStatusESD_OT_
FNDA:32,_ZN4lmms6detail16AudioPortsRouterIXtlNS_18AudioPortsSettingsELNS_13AudioDataKindE0ELb1ELt2ELt2ELb1ELb1EEEE7processIZN20PluginAudioPortsTest28sendRoutesAllPinCombinationsEvEUlT_E_EENS_13ProcessStatusERNS_8AudioBusEOS7_
FNDA:32,_ZN4lmms6detail16AudioPortsRouterIXtlNS_18AudioPortsSettingsELNS_13AudioDataKindE0ELb1ELt2ELt2ELb1ELb1EEEE7processIZN20PluginAudioPortsTest31receiveRoutesAllPinCombinationsEvEUlT_E_EENS_13ProcessStatusERNS_8AudioBusEOS7_
FNDA:0,_ZNK4lmms6detail16AudioPortsRouterIXtlNS_18AudioPortsSettingsELNS_13AudioDataKindE0ELb0ELt65535ELt65535ELb0ELb1EEEE12silentOutputEv
FNDA:0,_ZNK4lmms6detail16AudioPortsRouterIXtlNS_18AudioPortsSettingsELNS_13AudioDataKindE0ELb1ELt2ELt0ELb1EEEE12silentOutputEv
FNDA:2816,_ZNK4lmms6detail16AudioPortsRouterIXtlNS_18AudioPortsSettingsELNS_13AudioDataKindE0ELb1ELt2ELt2ELb1EEEE12silentOutputEv
FNDA:4,_ZN4lmms10AudioPortsIXtlNS_18AudioPortsSettingsELNS_13AudioDataKindE0ELb0ELt0ELt2ELb0ELb1EEEEC2EbPNS_5ModelE
FNDA:4,_ZN4lmms10AudioPortsIXtlNS_18AudioPortsSettingsELNS_13AudioDataKindE0ELb0ELt1ELt1ELb1ELb1EEEEC2EbPNS_5ModelE
FNDA:4,_ZN4lmms10AudioPortsIXtlNS_18AudioPortsSettingsELNS_13AudioDataKindE0ELb0ELt4ELt4ELb1ELb1EEEEC2EbPNS_5ModelE
FNDA:22,_ZN4lmms10AudioPortsIXtlNS_18AudioPortsSettingsELNS_13AudioDataKindE0ELb0ELt65535ELt65535ELb0ELb1EEEEC2EbPNS_5ModelE
FNDA:4,_ZN4lmms10AudioPortsIXtlNS_18AudioPortsSettingsELNS_13AudioDataKindE0ELb1ELt2ELt0ELb1EEEEC2EbPNS_5ModelE
FNDA:64,_ZN4lmms10AudioPortsIXtlNS_18AudioPortsSettingsELNS_13AudioDataKindE0ELb1ELt2ELt2ELb1EEEEC2EbPNS_5ModelE
FNDA:10,_ZN4lmms10AudioPortsIXtlNS_18AudioPortsSettingsELNS_13AudioDataKindE0ELb1ELt2ELt2ELb1ELb1EEEEC2EbPNS_5ModelE
FNDA:10,_ZN4lmms10AudioPortsIXtlNS_18AudioPortsSettingsELNS_13AudioDataKindE0ELb0ELt0ELt2ELb0ELb1EEEE4initEv
FNDA:2,_ZN4lmms10AudioPortsIXtlNS_18AudioPortsSettingsELNS_13AudioDataKindE0ELb0ELt1ELt1ELb1ELb1EEEE4initEv
FNDA:2,_ZN4lmms10AudioPortsIXtlNS_18AudioPortsSettingsELNS_13AudioDataKindE0ELb0ELt4ELt4ELb1ELb1EEEE4initEv
FNDA:2,_ZN4lmms10AudioPortsIXtlNS_18AudioPortsSettingsELNS_13AudioDataKindE0ELb0ELt65535ELt65535ELb0ELb1EEEE4initEv
FNDA:4,_ZN4lmms10AudioPortsIXtlNS_18AudioPortsSettingsELNS_13AudioDataKindE0ELb1ELt2ELt0ELb1EEEE4initEv
FNDA:64,_ZN4lmms10AudioPortsIXtlNS_18AudioPortsSettingsELNS_13AudioDataKindE0ELb1ELt2ELt2ELb1EEEE4initEv
FNDA:6,_ZN4lmms10AudioPortsIXtlNS_18AudioPortsSettingsELNS_13AudioDataKindE0ELb1ELt2ELt2ELb1ELb1EEEE4initEv
FNDA:0,_ZNK4lmms10AudioPortsIXtlNS_18AudioPortsSettingsELNS_13AudioDataKindE0ELb0ELt0ELt2ELb0ELb1EEEE6activeEv
FNDA:4,_ZNK4lmms10AudioPortsIXtlNS_18AudioPortsSettingsELNS_13AudioDataKindE0ELb0ELt1ELt1ELb1ELb1EEEE6activeEv
FNDA:2,_ZNK4lmms10AudioPortsIXtlNS_18AudioPortsSettingsELNS_13AudioDataKindE0ELb0ELt4ELt4ELb1ELb1EEEE6activeEv
FNDA:8,_ZNK4lmms10AudioPortsIXtlNS_18AudioPortsSettingsELNS_13AudioDataKindE0ELb0ELt65535ELt65535ELb0ELb1EEEE6activeEv
FNDA:0,_ZNK4lmms10AudioPortsIXtlNS_18AudioPortsSettingsELNS_13AudioDataKindE0ELb1ELt2ELt0ELb1EEEE6activeEv
FNDA:5908,_ZNK4lmms10AudioPortsIXtlNS_18AudioPortsSettingsELNS_13AudioDataKindE0ELb1ELt2ELt2ELb1EEEE6activeEv
FNDA:78,_ZNK4lmms10AudioPortsIXtlNS_18AudioPortsSettingsELNS_13AudioDataKindE0ELb1ELt2ELt2ELb1ELb1EEEE6activeEv
FNDA:4,_ZNK4lmms10AudioPortsIXtlNS_18AudioPortsSettingsELNS_13AudioDataKindE0ELb0ELt1ELt1ELb1ELb1EEEE12constBuffersEv
FNDA:2,_ZNK4lmms10AudioPortsIXtlNS_18AudioPortsSettingsELNS_13AudioDataKindE0ELb0ELt4ELt4ELb1ELb1EEEE12constBuffersEv
FNDA:4,_ZNK4lmms10AudioPortsIXtlNS_18AudioPortsSettingsELNS_13AudioDataKindE0ELb0ELt65535ELt65535ELb0ELb1EEEE12constBuffersEv
FNDA:0,_ZNK4lmms10AudioPortsIXtlNS_18AudioPortsSettingsELNS_13AudioDataKindE0ELb1ELt2ELt0ELb1EEEE12constBuffersEv
FNDA:5908,_ZNK4lmms10AudioPortsIXtlNS_18AudioPortsSettingsELNS_13AudioDataKindE0ELb1ELt2ELt2ELb1EEEE12constBuffersEv
FNDA:82,_ZNK4lmms10AudioPortsIXtlNS_18AudioPortsSettingsELNS_13AudioDataKindE0ELb1ELt2ELt2ELb1ELb1EEEE12constBuffersEv
FNDA:0,_ZNK4lmms10AudioPortsIXtlNS_18AudioPortsSettingsELNS_13AudioDataKindE0ELb0ELt65535ELt65535ELb0ELb1EEEE5modelEv
FNDA:0,_ZNK4lmms10AudioPortsIXtlNS_18AudioPortsSettingsELNS_13AudioDataKindE0ELb1ELt2ELt0ELb1EEEE5modelEv
FNDA:4,_ZNK4lmms10AudioPortsIXtlNS_18AudioPortsSettingsELNS_13AudioDataKindE0ELb1ELt2ELt2ELb1EEEE5modelEv
FNDA:4,_ZNK4lmms10AudioPortsIXtlNS_18AudioPortsSettingsELNS_13AudioDataKindE0ELb1ELt2ELt2ELb1ELb1EEEE5modelEv
FNDA:0,_ZN4lmms10AudioPortsIXtlNS_18AudioPortsSettingsELNS_13AudioDataKindE0ELb0ELt65535ELt65535ELb0ELb1EEEE9getRouterEv
FNDA:0,_ZN4lmms10AudioPortsIXtlNS_18AudioPortsSettingsELNS_13AudioDataKindE0ELb1ELt2ELt0ELb1EEEE9getRouterEv
FNDA:2952,_ZN4lmms10AudioPortsIXtlNS_18AudioPortsSettingsELNS_13AudioDataKindE0ELb1ELt2ELt2ELb1EEEE9getRouterEv
FNDA:64,_ZN4lmms10AudioPortsIXtlNS_18AudioPortsSettingsELNS_13AudioDataKindE0ELb1ELt2ELt2ELb1ELb1EEEE9getRouterEv
FNDA:0,_ZN4lmms16CustomAudioPortsIXtlNS_18AudioPortsSettingsELNS_13AudioDataKindE0ELb0ELt0ELt2ELb0ELb1EEEE24bufferPropertiesChangingEttm
FNDA:20,_ZN4lmms16CustomAudioPortsIXtlNS_18AudioPortsSettingsELNS_13AudioDataKindE0ELb0ELt65535ELt65535ELb0ELb1EEEE24bufferPropertiesChangingEttm
FNDA:0,_ZN4lmms6detail13convertSampleIffEET_T0_
FNDA:0,_ZNK4lmms6detail16AudioPortsRouterIXtlNS_18AudioPortsSettingsELNS_13AudioDataKindE0ELb0ELt65535ELt65535ELb0ELb1EEEE4sendERKNS_8AudioBusENS_16PlanarBufferViewIfLt65535EEE
FNDA:0,_ZNK4lmms6detail16AudioPortsRouterIXtlNS_18AudioPortsSettingsELNS_13AudioDataKindE0ELb0ELt0ELt2ELb0ELb1EEEE7receiveENS_16PlanarBufferViewIKfLt2EEERNS_8AudioBusE
FNDA:0,_ZNK4lmms6detail16AudioPortsRouterIXtlNS_18AudioPortsSettingsELNS_13AudioDataKindE0ELb0ELt65535ELt65535ELb0ELb1EEEE7receiveENS_16PlanarBufferViewIKfLt65535EEERNS_8AudioBusE
FNDA:0,_ZZNK4lmms6detail16AudioPortsRouterIXtlNS_18AudioPortsSettingsELNS_13AudioDataKindE0ELb0ELt0ELt2ELb0ELb1EEEE7receiveENS_16PlanarBufferViewIKfLt2EEERNS_8AudioBusEENKUlPftT_E_clISt17integral_constantIhLh1EEEEDaSA_tSB_
FNDA:0,_ZZNK4lmms6detail16AudioPortsRouterIXtlNS_18AudioPortsSettingsELNS_13AudioDataKindE0ELb0ELt0ELt2ELb0ELb1EEEE7receiveENS_16PlanarBufferViewIKfLt2EEERNS_8AudioBusEENKUlPftT_E_clISt17integral_constantIhLh2EEEEDaSA_tSB_
FNDA:0,_ZZNK4lmms6detail16AudioPortsRouterIXtlNS_18AudioPortsSettingsELNS_13AudioDataKindE0ELb0ELt0ELt2ELb0ELb1EEEE7receiveENS_16PlanarBufferViewIKfLt2EEERNS_8AudioBusEENKUlPftT_E_clISt17integral_constantIhLh3EEEEDaSA_tSB_
FNDA:0,_ZZNK4lmms6detail16AudioPortsRouterIXtlNS_18AudioPortsSettingsELNS_13AudioDataKindE0ELb0ELt65535ELt65535ELb0ELb1EEEE7receiveENS_16PlanarBufferViewIKfLt65535EEERNS_8AudioBusEENKUlPftT_E_clISt17integral_constantIhLh1EEEEDaSA_tSB_
FNDA:0,_ZZNK4lmms6detail16AudioPortsRouterIXtlNS_18AudioPortsSettingsELNS_13AudioDataKindE0ELb0ELt65535ELt65535ELb0ELb1EEEE7receiveENS_16PlanarBufferViewIKfLt65535EEERNS_8AudioBusEENKUlPftT_E_clISt17integral_constantIhLh2EEEEDaSA_tSB_
FNDA:0,_ZZNK4lmms6detail16AudioPortsRouterIXtlNS_18AudioPortsSettingsELNS_13AudioDataKindE0ELb0ELt65535ELt65535ELb0ELb1EEEE7receiveENS_16PlanarBufferViewIKfLt65535EEERNS_8AudioBusEENKUlPftT_E_clISt17integral_constantIhLh3EEEEDaSA_tSB_
FNDA:0,_ZNK4lmms6detail16AudioPortsRouterIXtlNS_18AudioPortsSettingsELNS_13AudioDataKindE0ELb1ELt2ELt0ELb1EEEE4sendERKNS_8AudioBusENS_21InterleavedBufferViewIfLt2EEE
FNDA:0,_ZNK4lmms6detail16AudioPortsRouterIXtlNS_18AudioPortsSettingsELNS_13AudioDataKindE0ELb1ELt2ELt2ELb1EEEE4sendERKNS_8AudioBusENS_21InterleavedBufferViewIfLt2EEE
FNDA:64,_ZNK4lmms6detail16AudioPortsRouterIXtlNS_18AudioPortsSettingsELNS_13AudioDataKindE0ELb1ELt2ELt2ELb1ELb1EEEE4sendERKNS_8AudioBusENS_21InterleavedBufferViewIfLt2EEE
FNDA:0,_ZZNK4lmms6detail16AudioPortsRouterIXtlNS_18AudioPortsSettingsELNS_13AudioDataKindE0ELb1ELt2ELt0ELb1EEEE4sendERKNS_8AudioBusENS_21InterleavedBufferViewIfLt2EEEENKUlPKfT_E_clISt17integral_constantIhLh10EEEEDaSB_SC_
FNDA:0,_ZZNK4lmms6detail16AudioPortsRouterIXtlNS_18AudioPortsSettingsELNS_13AudioDataKindE0ELb1ELt2ELt0ELb1EEEE4sendERKNS_8AudioBusENS_21InterleavedBufferViewIfLt2EEEENKUlPKfT_E_clISt17integral_constantIhLh11EEEEDaSB_SC_
FNDA:0,_ZZNK4lmms6detail16AudioPortsRouterIXtlNS_18AudioPortsSettingsELNS_13AudioDataKindE0ELb1ELt2ELt0ELb1EEEE4sendERKNS_8AudioBusENS_21InterleavedBufferViewIfLt2EEEENKUlPKfT_E_clISt17integral_constantIhLh12EEEEDaSB_SC_
FNDA:0,_ZZNK4lmms6detail16AudioPortsRouterIXtlNS_18AudioPortsSettingsELNS_13AudioDataKindE0ELb1ELt2ELt0ELb1EEEE4sendERKNS_8AudioBusENS_21InterleavedBufferViewIfLt2EEEENKUlPKfT_E_clISt17integral_constantIhLh13EEEEDaSB_SC_
FNDA:0,_ZZNK4lmms6detail16AudioPortsRouterIXtlNS_18AudioPortsSettingsELNS_13AudioDataKindE0ELb1ELt2ELt0ELb1EEEE4sendERKNS_8AudioBusENS_21InterleavedBufferViewIfLt2EEEENKUlPKfT_E_clISt17integral_constantIhLh14EEEEDaSB_SC_
FNDA:0,_ZZNK4lmms6detail16AudioPortsRouterIXtlNS_18AudioPortsSettingsELNS_13AudioDataKindE0ELb1ELt2ELt0ELb1EEEE4sendERKNS_8AudioBusENS_21InterleavedBufferViewIfLt2EEEENKUlPKfT_E_clISt17integral_constantIhLh15EEEEDaSB_SC_
FNDA:0,_ZZNK4lmms6detail16AudioPortsRouterIXtlNS_18AudioPortsSettingsELNS_13AudioDataKindE0ELb1ELt2ELt0ELb1EEEE4sendERKNS_8AudioBusENS_21InterleavedBufferViewIfLt2EEEENKUlPKfT_E_clISt17integral_constantIhLh1EEEEDaSB_SC_
FNDA:0,_ZZNK4lmms6detail16AudioPortsRouterIXtlNS_18AudioPortsSettingsELNS_13AudioDataKindE0ELb1ELt2ELt0ELb1EEEE4sendERKNS_8AudioBusENS_21InterleavedBufferViewIfLt2EEEENKUlPKfT_E_clISt17integral_constantIhLh2EEEEDaSB_SC_
FNDA:0,_ZZNK4lmms6detail16AudioPortsRouterIXtlNS_18AudioPortsSettingsELNS_13AudioDataKindE0ELb1ELt2ELt0ELb1EEEE4sendERKNS_8AudioBusENS_21InterleavedBufferViewIfLt2EEEENKUlPKfT_E_clISt17integral_constantIhLh3EEEEDaSB_SC_
FNDA:0,_ZZNK4lmms6detail16AudioPortsRouterIXtlNS_18AudioPortsSettingsELNS_13AudioDataKindE0ELb1ELt2ELt0ELb1EEEE4sendERKNS_8AudioBusENS_21InterleavedBufferViewIfLt2EEEENKUlPKfT_E_clISt17integral_constantIhLh4EEEEDaSB_SC_
FNDA:0,_ZZNK4lmms6detail16AudioPortsRouterIXtlNS_18AudioPortsSettingsELNS_13AudioDataKindE0ELb1ELt2ELt0ELb1EEEE4sendERKNS_8AudioBusENS_21InterleavedBufferViewIfLt2EEEENKUlPKfT_E_clISt17integral_constantIhLh5EEEEDaSB_SC_
FNDA:0,_ZZNK4lmms6detail16AudioPortsRouterIXtlNS_18AudioPortsSettingsELNS_13AudioDataKindE0ELb1ELt2ELt0ELb1EEEE4sendERKNS_8AudioBusENS_21InterleavedBufferViewIfLt2EEEENKUlPKfT_E_clISt17integral_constantIhLh6EEEEDaSB_SC_
FNDA:0,_ZZNK4lmms6detail16AudioPortsRouterIXtlNS_18AudioPortsSettingsELNS_13AudioDataKindE0ELb1ELt2ELt0ELb1EEEE4sendERKNS_8AudioBusENS_21InterleavedBufferViewIfLt2EEEENKUlPKfT_E_clISt17integral_constantIhLh7EEEEDaSB_SC_
FNDA:0,_ZZNK4lmms6detail16AudioPortsRouterIXtlNS_18AudioPortsSettingsELNS_13AudioDataKindE0ELb1ELt2ELt0ELb1EEEE4sendERKNS_8AudioBusENS_21InterleavedBufferViewIfLt2EEEENKUlPKfT_E_clISt17integral_constantIhLh8EEEEDaSB_SC_
FNDA:0,_ZZNK4lmms6detail16AudioPortsRouterIXtlNS_18AudioPortsSettingsELNS_13AudioDataKindE0ELb1ELt2ELt0ELb1EEEE4sendERKNS_8AudioBusENS_21InterleavedBufferViewIfLt2EEEENKUlPKfT_E_clISt17integral_constantIhLh9EEEEDaSB_SC_
FNDA:0,_ZZNK4lmms6detail16AudioPortsRouterIXtlNS_18AudioPortsSettingsELNS_13AudioDataKindE0ELb1ELt2ELt2ELb1EEEE4sendERKNS_8AudioBusENS_21InterleavedBufferViewIfLt2EEEENKUlPKfT_E_clISt17integral_constantIhLh10EEEEDaSB_SC_
FNDA:0,_ZZNK4lmms6detail16AudioPortsRouterIXtlNS_18AudioPortsSettingsELNS_13AudioDataKindE0ELb1ELt2ELt2ELb1EEEE4sendERKNS_8AudioBusENS_21InterleavedBufferViewIfLt2EEEENKUlPKfT_E_clISt17integral_constantIhLh11EEEEDaSB_SC_
FNDA:0,_ZZNK4lmms6detail16AudioPortsRouterIXtlNS_18AudioPortsSettingsELNS_13AudioDataKindE0ELb1ELt2ELt2ELb1EEEE4sendERKNS_8AudioBusENS_21InterleavedBufferViewIfLt2EEEENKUlPKfT_E_clISt17integral_constantIhLh12EEEEDaSB_SC_
FNDA:0,_ZZNK4lmms6detail16AudioPortsRouterIXtlNS_18AudioPortsSettingsELNS_13AudioDataKindE0ELb1ELt2ELt2ELb1EEEE4sendERKNS_8AudioBusENS_21InterleavedBufferViewIfLt2EEEENKUlPKfT_E_clISt17integral_constantIhLh13EEEEDaSB_SC_
FNDA:0,_ZZNK4lmms6detail16AudioPortsRouterIXtlNS_18AudioPortsSettingsELNS_13AudioDataKindE0ELb1ELt2ELt2ELb1EEEE4sendERKNS_8AudioBusENS_21InterleavedBufferViewIfLt2EEEENKUlPKfT_E_clISt17integral_constantIhLh14EEEEDaSB_SC_
FNDA:0,_ZZNK4lmms6detail16AudioPortsRouterIXtlNS_18AudioPortsSettingsELNS_13AudioDataKindE0ELb1ELt2ELt2ELb1EEEE4sendERKNS_8AudioBusENS_21InterleavedBufferViewIfLt2EEEENKUlPKfT_E_clISt17integral_constantIhLh15EEEEDaSB_SC_
FNDA:0,_ZZNK4lmms6detail16AudioPortsRouterIXtlNS_18AudioPortsSettingsELNS_13AudioDataKindE0ELb1ELt2ELt2ELb1EEEE4sendERKNS_8AudioBusENS_21InterleavedBufferViewIfLt2EEEENKUlPKfT_E_clISt17integral_constantIhLh1EEEEDaSB_SC_
FNDA:0,_ZZNK4lmms6detail16AudioPortsRouterIXtlNS_18AudioPortsSettingsELNS_13AudioDataKindE0ELb1ELt2ELt2ELb1EEEE4sendERKNS_8AudioBusENS_21InterleavedBufferViewIfLt2EEEENKUlPKfT_E_clISt17integral_constantIhLh2EEEEDaSB_SC_
FNDA:0,_ZZNK4lmms6detail16AudioPortsRouterIXtlNS_18AudioPortsSettingsELNS_13AudioDataKindE0ELb1ELt2ELt2ELb1EEEE4sendERKNS_8AudioBusENS_21InterleavedBufferViewIfLt2EEEENKUlPKfT_E_clISt17integral_constantIhLh3EEEEDaSB_SC_
FNDA:0,_ZZNK4lmms6detail16AudioPortsRouterIXtlNS_18AudioPortsSettingsELNS_13AudioDataKindE0ELb1ELt2ELt2ELb1EEEE4sendERKNS_8AudioBusENS_21InterleavedBufferViewIfLt2EEEENKUlPKfT_E_clISt17integral_constantIhLh4EEEEDaSB_SC_
FNDA:0,_ZZNK4lmms6detail16AudioPortsRouterIXtlNS_18AudioPortsSettingsELNS_13AudioDataKindE0ELb1ELt2ELt2ELb1EEEE4sendERKNS_8AudioBusENS_21InterleavedBufferViewIfLt2EEEENKUlPKfT_E_clISt17integral_constantIhLh5EEEEDaSB_SC_
FNDA:0,_ZZNK4lmms6detail16AudioPortsRouterIXtlNS_18AudioPortsSettingsELNS_13AudioDataKindE0ELb1ELt2ELt2ELb1EEEE4sendERKNS_8AudioBusENS_21InterleavedBufferViewIfLt2EEEENKUlPKfT_E_clISt17integral_constantIhLh6EEEEDaSB_SC_
[...]
FN:184,313,_ZN4lmms3gui12PinConnector10paintEventEP11QPaintEvent
FN:315,319,_ZNK4lmms3gui12PinConnector16trackChannelNameERKNS_15AudioPortsModelEt
FN:321,331,_ZNK4lmms3gui12PinConnector14getSpacerWidthEv
FN:333,350,_ZNK4lmms3gui12PinConnector20getMaximumWindowSizeEv
FN:352,365,_ZN4lmms3gui12PinConnector16updatePropertiesEv
FN:367,379,_ZN4lmms3gui12PinConnector10MatrixViewC2EPKS1_RNS_15AudioPortsModel6MatrixE
FN:381,393,_ZNK4lmms3gui12PinConnector10MatrixView8sizeHintEv
FN:395,398,_ZNK4lmms3gui12PinConnector10MatrixView15minimumSizeHintEv
FN:400,442,_ZN4lmms3gui12PinConnector10MatrixView10paintEventEP11QPaintEvent
FN:444,461,_ZN4lmms3gui12PinConnector10MatrixView14mouseMoveEventEP11QMouseEvent
FN:463,476,_ZN4lmms3gui12PinConnector10MatrixView15mousePressEventEP11QMouseEvent
FN:478,498,_ZN4lmms3gui12PinConnector10MatrixView16updatePropertiesEPKS1_
FN:500,520,_ZN4lmms3gui12PinConnector10MatrixView6getPinERK6QPoint
FN:522,527,_ZN4lmms3gui12PinConnector10MatrixView8getColorEtt
FN:58,132,_ZN4lmms3gui12PinConnectorC2EPNS_15AudioPortsModelE
FNDA:0,_ZN4lmms3gui12PinConnectorD0Ev
FNDA:0,_ZN4lmms3gui12PinConnectorD2Ev
FNDA:0,_ZNK4lmms3gui12PinConnector8sizeHintEv
FNDA:0,_ZNK4lmms3gui12PinConnector15minimumSizeHintEv
FNDA:0,_ZN4lmms3gui12PinConnector16toggleVisibilityEv
FNDA:0,_ZN4lmms3gui12PinConnector11closeWindowEv
FNDA:0,_ZN4lmms3gui12PinConnector10paintEventEP11QPaintEvent
FNDA:0,_ZNK4lmms3gui12PinConnector16trackChannelNameERKNS_15AudioPortsModelEt
FNDA:0,_ZNK4lmms3gui12PinConnector14getSpacerWidthEv
FNDA:0,_ZNK4lmms3gui12PinConnector20getMaximumWindowSizeEv
FNDA:0,_ZN4lmms3gui12PinConnector16updatePropertiesEv
FNDA:0,_ZN4lmms3gui12PinConnector10MatrixViewC2EPKS1_RNS_15AudioPortsModel6MatrixE
FNDA:0,_ZNK4lmms3gui12PinConnector10MatrixView8sizeHintEv
FNDA:0,_ZNK4lmms3gui12PinConnector10MatrixView15minimumSizeHintEv
FNDA:0,_ZN4lmms3gui12PinConnector10MatrixView10paintEventEP11QPaintEvent
FNDA:0,_ZN4lmms3gui12PinConnector10MatrixView14mouseMoveEventEP11QMouseEvent
FNDA:0,_ZN4lmms3gui12PinConnector10MatrixView15mousePressEventEP11QMouseEvent
FNDA:0,_ZN4lmms3gui12PinConnector10MatrixView16updatePropertiesEPKS1_
FNDA:0,_ZN4lmms3gui12PinConnector10MatrixView6getPinERK6QPoint
FNDA:0,_ZN4lmms3gui12PinConnector10MatrixView8getColorEtt
FNDA:0,_ZN4lmms3gui12PinConnectorC2EPNS_15AudioPortsModelE
FNF:21
FNH:0
DA:58,0
DA:61,0
DA:62,0
DA:64,0
DA:66,0
DA:67,0
DA:68,0
DA:70,0
DA:71,0
DA:73,0
DA:75,0
DA:79,0
DA:82,0
DA:83,0
DA:84,0
DA:85,0
DA:88,0
DA:89,0
DA:90,0
DA:94,0
DA:95,0
DA:96,0
DA:99,0
DA:100,0
DA:101,0
DA:102,0
DA:103,0
DA:104,0
DA:107,0
DA:108,0
DA:109,0
DA:110,0
DA:113,0
DA:114,0
DA:115,0
DA:116,0
DA:119,0
DA:120,0
DA:121,0
DA:122,0
DA:123,0
DA:124,0
DA:126,0
DA:128,0
DA:129,0
DA:131,0
DA:132,0
DA:134,0
DA:136,0
DA:137,0
DA:139,0
DA:141,0
DA:142,0
DA:144,0
DA:147,0
DA:148,0
DA:149,0
DA:151,0
DA:154,0
DA:156,0
DA:157,0
DA:158,0
DA:159,0
DA:160,0
DA:163,0
DA:165,0
DA:167,0
DA:168,0
DA:172,0
DA:173,0
DA:174,0
DA:176,0
DA:178,0
DA:180,0
DA:181,0
DA:182,0
DA:184,0
DA:186,0
DA:187,0
DA:188,0
DA:190,0
DA:191,0
DA:193,0
DA:195,0
DA:196,0
DA:197,0
DA:199,0
DA:200,0
DA:203,0
DA:204,0
DA:205,0
DA:206,0
DA:209,0
DA:211,0
DA:212,0
DA:213,0
DA:215,0
DA:216,0
DA:217,0
DA:219,0
DA:220,0
DA:224,0
DA:226,0
DA:227,0
DA:228,0
DA:229,0
DA:231,0
DA:232,0
DA:233,0
DA:235,0
DA:236,0
DA:239,0
DA:244,0
DA:245,0
DA:246,0
DA:247,0
DA:249,0
DA:250,0
DA:252,0
DA:253,0
DA:255,0
DA:256,0
DA:257,0
DA:259,0
DA:260,0
DA:263,0
DA:264,0
DA:265,0
DA:267,0
DA:268,0
DA:270,0
DA:271,0
DA:273,0
DA:274,0
DA:275,0
DA:277,0
DA:278,0
DA:280,0
DA:284,0
DA:286,0
DA:287,0
DA:289,0
DA:290,0
DA:292,0
DA:294,0
DA:295,0
DA:296,0
DA:297,0
DA:299,0
DA:301,0
DA:302,0
DA:304,0
DA:305,0
DA:307,0
DA:308,0
DA:309,0
DA:312,0
DA:313,0
DA:315,0
DA:318,0
DA:321,0
DA:323,0
DA:324,0
DA:326,0
DA:327,0
DA:328,0
DA:330,0
DA:333,0
DA:336,0
DA:339,0
DA:340,0
DA:343,0
DA:347,0
DA:349,0
DA:352,0
DA:354,0
DA:355,0
DA:357,0
DA:360,0
DA:361,0
DA:362,0
DA:364,0
DA:365,0
DA:367,0
DA:369,0
DA:371,0
DA:372,0
DA:373,0
DA:375,0
DA:377,0
DA:378,0
DA:379,0
DA:381,0
DA:383,0
DA:384,0
DA:386,0
DA:387,0
DA:389,0
DA:390,0
DA:392,0
DA:395,0
DA:397,0
DA:400,0
DA:402,0
DA:403,0
DA:404,0
DA:406,0
DA:407,0
DA:408,0
DA:411,0
DA:412,0
DA:415,0
DA:417,0
DA:421,0
DA:423,0
DA:428,0
DA:429,0
DA:431,0
DA:432,0
DA:434,0
DA:435,0
DA:437,0
DA:440,0
DA:442,0
DA:444,0
DA:446,0
DA:448,0
DA:450,0
DA:451,0
DA:454,0
DA:456,0
DA:457,0
DA:460,0
DA:463,0
DA:465,0
DA:466,0
DA:468,0
DA:469,0
DA:472,0
DA:473,0
DA:475,0
DA:478,0
DA:481,0
DA:482,0
DA:484,0
DA:486,0
DA:490,0
DA:494,0
DA:495,0
DA:496,0
DA:497,0
DA:498,0
DA:500,0
DA:502,0
DA:503,0
DA:505,0
DA:507,0
DA:508,0
DA:511,0
DA:512,0
DA:514,0
DA:515,0
DA:517,0
DA:518,0
DA:519,0
DA:522,0
DA:524,0
DA:525,0
DA:526,0
LF:269
LH:0
end_of_record
TN:
SF:/home/kruzzzzy/Documents/AI_KOS_PROJECT/projects/lmms-fl-research/zene-pa-coverage/tests/src/core/LufsMeterTest.cpp
FN:106,112,_ZN12_GLOBAL__N_16gainDbERKN4lmms9LufsMeter6BiquadEd
FN:116,120,_ZN12_GLOBAL__N_18describeEddd
FN:124,134,_ZN12_GLOBAL__N_113planarChannelEdm
FN:145,166,_ZN13LufsMeterTest34kWeightingMatchesThePublishedTableEv
FN:172,180,_ZN13LufsMeterTest43kWeightingGainAt997HzIsTheCalibrationOffsetEv
FN:186,201,_ZN13LufsMeterTest42integrationLoudnessReadsTheTestSignalLevelEv
FN:209,222,_ZN13LufsMeterTest35relativeGateExcludesTheQuietPassageEv
FN:227,238,_ZN13LufsMeterTest35singleChannelSignalIsThreeLuQuieterEv
FN:244,286,_ZN13LufsMeterTest37planarFeedFollowsTheFiveOneWeightingsEv
FN:264,273,_ZZN13LufsMeterTest37planarFeedFollowsTheFiveOneWeightingsEvENKUlRSt5arrayISt6vectorIfSaIfEELm6EEE_clES5_
FN:290,310,_ZN13LufsMeterTest43windowsFillInOrderAndBlockSizeDoesNotMatterEv
FN:314,343,_ZN13LufsMeterTest48silenceReadsMinusInfinityAndKeepsTheRunningValueEv
FN:350,369,_ZN13LufsMeterTest28truePeakOversamplesTheSignalEv
FN:374,391,_ZN13LufsMeterTest32processingABlockAllocatesNothingEv
FN:394,394,main
FN:49,61,_ZN12_GLOBAL__N_18makeSineEdddd
FN:64,67,_ZN12_GLOBAL__N_111makeSilenceEd
FN:71,81,_ZN12_GLOBAL__N_110makeSquareEdd
FN:83,88,_ZN12_GLOBAL__N_16concatERKSt6vectorIN4lmms11SampleFrameESaIS2_EES6_
FN:90,93,_ZN12_GLOBAL__N_14feedERN4lmms9LufsMeterERKSt6vectorINS0_11SampleFrameESaIS4_EE
FN:95,103,_ZN12_GLOBAL__N_114samplePeakDbfsERKSt6vectorIN4lmms11SampleFrameESaIS2_EE
FNDA:4,_ZN12_GLOBAL__N_16gainDbERKN4lmms9LufsMeter6BiquadEd
FNDA:70,_ZN12_GLOBAL__N_18describeEddd
FNDA:4,_ZN12_GLOBAL__N_113planarChannelEdm
FNDA:2,_ZN13LufsMeterTest34kWeightingMatchesThePublishedTableEv
FNDA:2,_ZN13LufsMeterTest43kWeightingGainAt997HzIsTheCalibrationOffsetEv
FNDA:2,_ZN13LufsMeterTest42integrationLoudnessReadsTheTestSignalLevelEv
FNDA:2,_ZN13LufsMeterTest35relativeGateExcludesTheQuietPassageEv
FNDA:2,_ZN13LufsMeterTest35singleChannelSignalIsThreeLuQuieterEv
FNDA:2,_ZN13LufsMeterTest37planarFeedFollowsTheFiveOneWeightingsEv
FNDA:8,_ZZN13LufsMeterTest37planarFeedFollowsTheFiveOneWeightingsEvENKUlRSt5arrayISt6vectorIfSaIfEELm6EEE_clES5_
FNDA:2,_ZN13LufsMeterTest43windowsFillInOrderAndBlockSizeDoesNotMatterEv
FNDA:2,_ZN13LufsMeterTest48silenceReadsMinusInfinityAndKeepsTheRunningValueEv
FNDA:2,_ZN13LufsMeterTest28truePeakOversamplesTheSignalEv
FNDA:2,_ZN13LufsMeterTest32processingABlockAllocatesNothingEv
FNDA:2,main
FNDA:30,_ZN12_GLOBAL__N_18makeSineEdddd
FNDA:2,_ZN12_GLOBAL__N_111makeSilenceEd
FNDA:2,_ZN12_GLOBAL__N_110makeSquareEdd
FNDA:2,_ZN12_GLOBAL__N_16concatERKSt6vectorIN4lmms11SampleFrameESaIS2_EES6_
FNDA:28,_ZN12_GLOBAL__N_14feedERN4lmms9LufsMeterERKSt6vectorINS0_11SampleFrameESaIS4_EE
FNDA:4,_ZN12_GLOBAL__N_114samplePeakDbfsERKSt6vectorIN4lmms11SampleFrameESaIS2_EE
FNF:21
FNH:21
DA:49,30
DA:51,30
DA:52,30
DA:53,30
DA:54,15542430
DA:56,15542400
DA:57,15542400
DA:58,15542400
DA:60,30
DA:64,2
DA:66,2
DA:71,2
DA:73,2
DA:74,2
DA:75,96002
DA:77,96000
DA:78,96000
DA:80,2
DA:83,2
DA:85,2
DA:86,2
DA:87,2
DA:88,0
DA:90,28
DA:92,28
DA:93,28
DA:95,4
DA:97,4
DA:98,192004
DA:100,192000
DA:102,4
DA:106,4
DA:108,4
DA:109,4
DA:110,4
DA:111,4
DA:116,70
DA:118,140
DA:119,140
DA:124,4
DA:126,4
DA:127,4
DA:128,4
DA:129,960004
DA:131,960000
DA:133,8
DA:134,4
DA:145,2
DA:147,2
DA:148,2
DA:149,2
DA:156,2
DA:157,2
DA:158,2
DA:159,2
DA:160,2
DA:161,2
DA:162,2
DA:163,2
DA:164,2
DA:165,2
DA:172,2
DA:174,2
DA:175,2
DA:176,2
DA:178,2
DA:179,2
DA:186,2
DA:188,2
DA:189,2
DA:190,2
DA:192,2
DA:193,2
DA:194,2
DA:196,2
DA:197,2
DA:198,2
DA:199,2
DA:200,2
DA:209,2
DA:211,2
DA:212,2
DA:213,2
DA:215,2
DA:216,2
DA:217,2
DA:219,2
DA:220,2
DA:221,2
DA:227,2
DA:229,2
DA:230,2
DA:231,1920002
DA:233,1920000
DA:235,2
DA:237,2
DA:238,2
DA:244,2
DA:246,2
DA:247,2
DA:250,2
DA:253,2
DA:254,2
DA:255,2
DA:256,2
DA:258,2
DA:259,2
DA:261,2
DA:262,2
DA:264,10
DA:265,8
DA:266,64
DA:268,48
DA:270,8
DA:271,8
DA:272,16
DA:275,2
DA:276,2
DA:277,2
DA:278,2
DA:282,2
DA:283,2
DA:284,2
DA:285,2
DA:286,2
DA:290,2
DA:292,2
DA:293,2
DA:294,2
DA:295,2
DA:297,2
DA:298,2
DA:300,2
DA:301,2
DA:302,938
DA:304,936
DA:306,2
DA:307,2
DA:308,2
DA:310,2
DA:314,2
DA:316,2
DA:317,2
DA:318,2
DA:319,2
DA:321,2
DA:322,2
DA:323,2
DA:324,2
DA:326,2
DA:331,2
DA:332,2
DA:333,2
DA:337,2
DA:338,2
DA:340,2
DA:341,2
DA:342,2
DA:350,2
DA:352,2
DA:353,2
DA:354,2
DA:356,2
DA:357,2
DA:358,2
DA:359,2
DA:360,2
DA:362,2
DA:363,2
DA:364,2
DA:365,2
DA:366,2
DA:367,2
DA:368,2
DA:369,2
DA:374,2
DA:376,2
DA:377,2
DA:378,2
DA:380,2
DA:381,2
DA:382,130
DA:384,128
DA:385,128
DA:386,128
DA:388,2
DA:390,2
DA:391,2
DA:394,2
LF:189
LH:188
end_of_record
TN:
SF:/home/kruzzzzy/Documents/AI_KOS_PROJECT/projects/lmms-fl-research/zene-pa-coverage/tests/src/core/MidiLearnTest.cpp
FN:136,176,_ZN13MidiLearnTest31BindingSurvivesProjectRoundTripEv
FN:181,211,_ZN13MidiLearnTest24LearnOffIgnoresTheSameCcEv
FN:214,222,_ZN13MidiLearnTest34ArmedWithoutFocusTargetDoesNotBindEv
FN:225,234,_ZN13MidiLearnTest27NonControlChangeDoesNotBindEv
FN:241,254,_ZN13MidiLearnTest23AudioPeriodDoesNotLearnEv
FN:257,257,main
FN:49,52,_ZN12_GLOBAL__N_16makeCcEiii
FN:55,60,_ZN12_GLOBAL__N_119boundMidiControllerEPKN4lmms16AutomatableModelE
FN:69,73,_ZN13MidiLearnTest12initTestCaseEv
FN:75,78,_ZN13MidiLearnTest15cleanupTestCaseEv
FN:80,85,_ZN13MidiLearnTest7cleanupEv
FN:90,131,_ZN13MidiLearnTest30SyntheticCcBindsFocusedControlEv
FNDA:2,_ZN13MidiLearnTest31BindingSurvivesProjectRoundTripEv
FNDA:2,_ZN13MidiLearnTest24LearnOffIgnoresTheSameCcEv
FNDA:2,_ZN13MidiLearnTest34ArmedWithoutFocusTargetDoesNotBindEv
FNDA:2,_ZN13MidiLearnTest27NonControlChangeDoesNotBindEv
FNDA:2,_ZN13MidiLearnTest23AudioPeriodDoesNotLearnEv
FNDA:2,main
FNDA:1040,_ZN12_GLOBAL__N_16makeCcEiii
FNDA:8,_ZN12_GLOBAL__N_119boundMidiControllerEPKN4lmms16AutomatableModelE
FNDA:2,_ZN13MidiLearnTest12initTestCaseEv
FNDA:2,_ZN13MidiLearnTest15cleanupTestCaseEv
FNDA:12,_ZN13MidiLearnTest7cleanupEv
FNDA:2,_ZN13MidiLearnTest30SyntheticCcBindsFocusedControlEv
FNF:12
FNH:12
DA:49,1040
DA:51,1040
DA:55,8
DA:57,8
DA:58,8
DA:59,8
DA:69,2
DA:71,2
DA:72,2
DA:75,2
DA:77,2
DA:78,2
DA:80,12
DA:83,12
DA:84,12
DA:85,12
DA:90,2
DA:92,2
DA:93,2
DA:95,2
DA:97,2
DA:98,2
DA:99,2
DA:102,2
DA:104,2
DA:105,2
DA:106,2
DA:108,2
DA:109,2
DA:112,2
DA:113,2
DA:114,2
DA:118,2
DA:119,2
DA:120,2
DA:121,2
DA:122,2
DA:123,2
DA:124,2
DA:128,2
DA:129,2
DA:130,2
DA:131,2
DA:136,2
DA:138,2
DA:140,2
DA:141,2
DA:142,2
DA:143,2
DA:145,2
DA:146,2
DA:147,2
DA:148,2
DA:149,2
DA:150,2
DA:154,2
DA:155,2
DA:156,2
DA:157,2
DA:160,2
DA:161,2
DA:163,2
DA:164,2
DA:165,2
DA:166,2
DA:167,2
DA:168,2
DA:171,2
DA:172,2
DA:173,2
DA:174,2
DA:175,2
DA:176,2
DA:181,2
DA:183,2
DA:184,2
DA:186,2
DA:187,2
DA:189,2
DA:191,2
DA:193,2
DA:194,2
DA:195,2
DA:197,1026
DA:199,1024
DA:201,2
DA:202,2
DA:208,0
DA:209,0
DA:211,2
DA:214,2
DA:216,2
DA:217,2
DA:218,2
DA:219,2
DA:220,2
DA:221,2
DA:222,2
DA:225,2
DA:227,2
DA:228,2
DA:229,2
DA:230,2
DA:231,2
DA:232,2
DA:233,2
DA:234,2
DA:241,2
DA:243,2
DA:244,2
DA:246,2
DA:247,2
DA:249,2
DA:251,2
DA:252,2
DA:253,2
DA:254,2
DA:257,2
LF:118
LH:116
end_of_record
TN:
SF:/home/kruzzzzy/Documents/AI_KOS_PROJECT/projects/lmms-fl-research/zene-pa-coverage/tests/src/core/StemExportTest.cpp
FN:119,122,_ZN14StemExportTest15cleanupTestCaseEv
FN:126,139,_ZN14StemExportTest18stemNamingContractEv
FN:143,165,_ZN14StemExportTest36stemsAreExportedNonSilentAndDistinctEv
FN:170,179,_ZN14StemExportTest28alignedStemsAreTheMixsLengthEv
FN:184,205,_ZN14StemExportTest39unalignedStemsAreTrimmedToTheirOwnTrackEv
FN:209,244,_ZN14StemExportTest23tailBarsExtendEveryStemEv
FN:251,266,_ZN14StemExportTest16stemsSumToTheMixEv
FN:275,303,_ZN14StemExportTest42wholeProjectRenderIsUnchangedByAStemExportEv
FN:312,312,main
FN:82,117,_ZN14StemExportTest12initTestCaseEv
FNDA:2,_ZN14StemExportTest15cleanupTestCaseEv
FNDA:2,_ZN14StemExportTest18stemNamingContractEv
FNDA:2,_ZN14StemExportTest36stemsAreExportedNonSilentAndDistinctEv
FNDA:2,_ZN14StemExportTest28alignedStemsAreTheMixsLengthEv
FNDA:2,_ZN14StemExportTest39unalignedStemsAreTrimmedToTheirOwnTrackEv
FNDA:2,_ZN14StemExportTest23tailBarsExtendEveryStemEv
FNDA:2,_ZN14StemExportTest16stemsSumToTheMixEv
FNDA:2,_ZN14StemExportTest42wholeProjectRenderIsUnchangedByAStemExportEv
FNDA:2,main
FNDA:2,_ZN14StemExportTest12initTestCaseEv
FNF:10
FNH:10
DA:82,2
DA:84,2
DA:85,2
DA:87,2
DA:88,2
DA:89,2
DA:91,2
DA:92,2
DA:94,2
DA:95,2
DA:96,2
DA:98,2
DA:99,8
DA:101,14
DA:103,8
DA:104,8
DA:105,8
DA:107,8
DA:110,2
DA:112,2
DA:113,2
DA:114,2
DA:115,2
DA:116,2
DA:119,2
DA:121,2
DA:122,2
DA:126,2
DA:128,2
DA:129,2
DA:131,2
DA:133,2
DA:135,2
DA:138,2
DA:143,2
DA:145,2
DA:146,2
DA:147,2
DA:148,2
DA:150,2
DA:151,2
DA:152,2
DA:153,2
DA:154,2
DA:156,2
DA:157,8
DA:159,6
DA:160,6
DA:163,2
DA:164,2
DA:165,2
DA:170,2
DA:172,2
DA:173,2
DA:175,2
DA:176,2
DA:177,2
DA:178,2
DA:179,2
DA:184,2
DA:186,2
DA:187,2
DA:188,2
DA:189,2
DA:191,2
DA:192,2
DA:194,2
DA:195,2
DA:196,8
DA:198,6
DA:199,6
DA:200,6
DA:204,2
DA:205,2
DA:209,2
DA:211,2
DA:212,2
DA:213,2
DA:214,2
DA:216,2
DA:217,2
DA:218,2
DA:219,2
DA:221,2
DA:222,2
DA:224,2
DA:225,2
DA:226,2
DA:227,2
DA:228,2
DA:229,2
DA:231,2
DA:232,2
DA:234,2
DA:237,2
DA:240,2
DA:242,2
DA:244,2
DA:251,2
DA:253,2
DA:254,2
DA:256,2
DA:257,2
DA:259,2
DA:260,2
DA:262,2
DA:263,2
DA:265,2
DA:266,2
DA:275,2
DA:277,2
DA:278,2
DA:279,2
DA:280,2
DA:282,2
DA:284,2
DA:285,2
DA:286,2
DA:287,2
DA:289,2
DA:290,2
DA:291,2
DA:292,2
DA:293,6
DA:296,8
DA:297,2
DA:299,2
DA:300,2
DA:301,2
DA:302,2
DA:303,2
DA:312,2
LF:132
LH:132
end_of_record
TN:
SF:/home/kruzzzzy/Documents/AI_KOS_PROJECT/projects/lmms-fl-research/zene-pa-coverage/tests/src/core/StemExportTestSupport.h
FN:103,106,_ZN11stemsupport4le16ERK10QByteArrayi
FN:110,122,_ZN11stemsupport10riffChunksERK10QByteArrayPS0_S3_
FN:127,133,_ZN11stemsupport15parseRiffFormatERK10QByteArrayPNS_3WavE
FN:135,153,_ZN11stemsupport7readWavERK7QString
FN:155,158,_ZN11stemsupport13silentFrameAtERKNS_3WavEi
FN:162,166,_ZN11stemsupport5put32ER10QByteArrayj
FN:168,171,_ZN11stemsupport5put16ER10QByteArrayt
FN:174,203,_ZN11stemsupport11writeSampleERK7QStringdd
FN:183,185,_ZZN11stemsupport11writeSampleERK7QStringddENKUldE_clEd
FN:222,248,_ZN11stemsupport8trackXmlERKNS_9DemoTrackERK7QString
FN:251,274,_ZN11stemsupport16writeDemoProjectERK7QString
FN:278,283,_ZN11stemsupport8settingsEv
FN:288,291,_ZN11stemsupport18stopHeadlessDeviceEv
FN:295,310,_ZN11stemsupport9renderMixERK7QString
FN:314,330,_ZN11stemsupport11exportStemsERK7QStringRKN4lmms17StemExportOptionsEPi
FN:333,339,_ZN11stemsupport9stemPathsERK7QStringS2_
FN:337,337,_ZZN11stemsupport9stemPathsERK7QStringS2_ENKUlS2_E_clES2_
FN:341,346,_ZN11stemsupport9readStemsERK7QString
FN:364,380,_ZN11stemsupport8sumStemsERKSt6vectorINS_3WavESaIS1_EE
FN:384,432,_ZN11stemsupport17compareStemsToMixERKNS_3WavES2_i
FN:436,460,_ZN11stemsupport12allStemsSaneERKSt6vectorINS_3WavESaIS1_EERKS1_P7QString
FN:463,475,_ZN11stemsupport15allStemsAlignedERKSt6vectorINS_3WavESaIS1_EERKS1_P7QString
FN:477,483,_ZN11stemsupport10printTrackEPKcRKNS_3WavERK7QString
FN:485,492,_ZN11stemsupport16printSumEvidenceERKNS_12StemEvidenceE
FN:78,78,_ZNK11stemsupport3Wav10frameCountEv
FN:79,79,_ZNK11stemsupport3Wav7secondsEv
FN:81,87,_ZNK11stemsupport3Wav3rmsEv
FN:89,94,_ZNK11stemsupport3Wav4peakEv
FN:97,101,_ZN11stemsupport4le32ERK10QByteArrayi
FNDA:51142782,_ZN11stemsupport4le16ERK10QByteArrayi
FNDA:42,_ZN11stemsupport10riffChunksERK10QByteArrayPS0_S3_
FNDA:42,_ZN11stemsupport15parseRiffFormatERK10QByteArrayPNS_3WavE
FNDA:42,_ZN11stemsupport7readWavERK7QString
FNDA:1252042,_ZN11stemsupport13silentFrameAtERKNS_3WavEi
FNDA:30,_ZN11stemsupport5put32ER10QByteArrayj
FNDA:317544,_ZN11stemsupport5put16ER10QByteArrayt
FNDA:6,_ZN11stemsupport11writeSampleERK7QStringdd
FNDA:317520,_ZZN11stemsupport11writeSampleERK7QStringddENKUldE_clEd
FNDA:6,_ZN11stemsupport8trackXmlERKNS_9DemoTrackERK7QString
FNDA:2,_ZN11stemsupport16writeDemoProjectERK7QString
FNDA:24,_ZN11stemsupport8settingsEv
FNDA:24,_ZN11stemsupport18stopHeadlessDeviceEv
FNDA:8,_ZN11stemsupport9renderMixERK7QString
FNDA:16,_ZN11stemsupport11exportStemsERK7QStringRKN4lmms17StemExportOptionsEPi
FNDA:8,_ZN11stemsupport9stemPathsERK7QStringS2_
FNDA:24,_ZZN11stemsupport9stemPathsERK7QStringS2_ENKUlS2_E_clES2_
FNDA:6,_ZN11stemsupport9readStemsERK7QString
FNDA:2,_ZN11stemsupport8sumStemsERKSt6vectorINS_3WavESaIS1_EE
FNDA:2,_ZN11stemsupport17compareStemsToMixERKNS_3WavES2_i
FNDA:2,_ZN11stemsupport12allStemsSaneERKSt6vectorINS_3WavESaIS1_EERKS1_P7QString
FNDA:2,_ZN11stemsupport15allStemsAlignedERKSt6vectorINS_3WavESaIS1_EERKS1_P7QString
FNDA:8,_ZN11stemsupport10printTrackEPKcRKNS_3WavERK7QString
FNDA:2,_ZN11stemsupport16printSumEvidenceERKNS_12StemEvidenceE
FNDA:72,_ZNK11stemsupport3Wav10frameCountEv
FNDA:8,_ZNK11stemsupport3Wav7secondsEv
FNDA:42,_ZNK11stemsupport3Wav3rmsEv
FNDA:8,_ZNK11stemsupport3Wav4peakEv
FNDA:168,_ZN11stemsupport4le32ERK10QByteArrayi
FNF:29
FNH:29
DA:78,72
DA:79,8
DA:81,42
DA:83,42
DA:84,42
DA:85,25923114
DA:86,42
DA:89,8
DA:91,8
DA:92,4937736
DA:93,8
DA:97,168
DA:99,168
DA:100,168
DA:103,51142782
DA:105,51142782
DA:110,42
DA:112,42
DA:113,168
DA:115,126
DA:116,126
DA:117,126
DA:118,84
DA:119,126
DA:120,126
DA:121,42
DA:127,42
DA:129,42
DA:130,42
DA:131,42
DA:132,42
DA:135,42
DA:137,42
DA:138,42
DA:139,42
DA:140,42
DA:142,42
DA:143,42
DA:144,42
DA:146,42
DA:147,42
DA:148,25571370
DA:150,25571328
DA:152,42
DA:153,42
DA:155,1252042
DA:157,1252042
DA:162,30
DA:164,30
DA:165,30
DA:166,30
DA:168,317544
DA:170,317544
DA:171,317544
DA:174,6
DA:176,6
DA:177,6
DA:178,6
DA:179,158766
DA:181,158760
DA:182,158760
DA:183,317520
DA:184,317520
DA:186,158760
DA:187,158760
DA:190,6
DA:191,6
DA:192,6
DA:193,6
DA:194,6
DA:195,6
DA:196,6
DA:197,6
DA:198,6
DA:200,6
DA:201,6
DA:202,6
DA:203,6
DA:222,6
DA:224,6
DA:225,6
DA:227,6
DA:228,6
DA:230,8
DA:231,8
DA:236,4
DA:239,4
DA:240,4
DA:243,12
DA:247,12
DA:248,6
DA:251,2
DA:253,2
DA:254,8
DA:256,4
DA:266,2
DA:268,2
DA:269,2
DA:270,2
DA:271,2
DA:272,2
DA:273,2
DA:274,2
DA:278,24
DA:282,24
DA:288,24
DA:290,24
DA:291,24
DA:295,8
DA:298,8
DA:299,8
DA:300,8
DA:301,8
DA:302,8
DA:303,8
DA:304,8
DA:305,8
DA:307,8
DA:308,8
DA:309,8
DA:310,8
DA:314,16
DA:317,16
DA:318,16
DA:320,16
DA:321,16
DA:322,16
DA:323,16
DA:324,16
DA:325,16
DA:326,16
DA:327,16
DA:328,16
DA:329,16
DA:330,16
DA:333,8
DA:335,8
DA:336,8
DA:337,24
DA:338,8
DA:339,0
DA:341,6
DA:343,6
DA:344,24
DA:345,6
DA:346,0
DA:364,2
DA:366,2
DA:367,2
DA:368,2
DA:369,2
DA:370,2
DA:371,8
DA:373,3703302
DA:375,3703296
DA:376,3703296
DA:379,2
DA:380,0
DA:384,2
DA:386,2
DA:387,2
DA:388,2
DA:389,2
DA:390,2
DA:391,2
DA:392,2
DA:394,1234434
DA:396,1234432
DA:397,1234432
DA:398,1234432
DA:399,1234432
DA:400,1234432
DA:401,1234432
DA:403,1234432
DA:405,1172726
DA:406,1172726
DA:408,61706
DA:409,61706
DA:410,61706
DA:411,61706
DA:412,61706
DA:413,61706
DA:414,61706
DA:417,2
DA:418,2
DA:420,2
DA:421,2
DA:422,2
DA:424,2
DA:426,2
DA:427,2
DA:428,2
DA:430,2
DA:431,4
DA:432,2
DA:436,2
DA:438,8
DA:440,6
DA:442,0
DA:443,0
DA:445,6
DA:447,0
DA:448,0
DA:450,12
DA:452,6
DA:454,0
DA:455,0
DA:459,2
DA:463,2
DA:465,8
DA:467,6
DA:469,0
DA:470,0
DA:471,0
DA:474,2
DA:477,8
DA:479,16
DA:480,16
DA:481,8
DA:482,8
DA:483,8
DA:485,2
DA:487,2
DA:489,2
DA:490,2
DA:491,2
DA:492,2
LF:227
LH:215
end_of_record
